TN:
SF:crates/conjure_core/src/solver/adaptors/sat_common.rs
FN:37,<conjure_core::solver::adaptors::sat_common::CNFModel>::from_conjure
FN:90,<conjure_core::solver::adaptors::sat_common::CNFModel>::get_name
FN:154,<conjure_core::solver::adaptors::sat_common::CNFModel>::clause_to_expression
FN:130,<conjure_core::solver::adaptors::sat_common::CNFModel>::add_expression
FN:85,<conjure_core::solver::adaptors::sat_common::CNFModel>::get_index
FN:276,<conjure_core::solver::adaptors::sat_common::CNFModel>::handle_expression
FN:325,<&conjure_core::ast::symbol_table::Name as conjure_core::solver::adaptors::sat_common::HasVariable>::has_variable
FN:117,<conjure_core::solver::adaptors::sat_common::CNFModel>::add_clause
FN:154,<conjure_core::solver::adaptors::sat_common::CNFModel>::clause_to_expression
FN:200,<conjure_core::solver::adaptors::sat_common::CNFModel>::handle_reference
FN:110,<conjure_core::solver::adaptors::sat_common::CNFModel>::has_variable::<_>
FN:325,<&conjure_core::ast::symbol_table::Name as conjure_core::solver::adaptors::sat_common::HasVariable>::has_variable
FN:319,<i32 as conjure_core::solver::adaptors::sat_common::HasVariable>::has_variable
FN:188,<conjure_core::solver::adaptors::sat_common::CNFModel>::get_reference_index
FN:220,<conjure_core::solver::adaptors::sat_common::CNFModel>::handle_or
FN:207,<conjure_core::solver::adaptors::sat_common::CNFModel>::handle_not
FN:102,<conjure_core::solver::adaptors::sat_common::CNFModel>::add_variable
FN:37,<conjure_core::solver::adaptors::sat_common::CNFModel>::from_conjure
FN:110,<conjure_core::solver::adaptors::sat_common::CNFModel>::has_variable::<i32>
FN:276,<conjure_core::solver::adaptors::sat_common::CNFModel>::handle_expression
FN:74,<conjure_core::solver::adaptors::sat_common::CNFModel>::get_variables
FN:207,<conjure_core::solver::adaptors::sat_common::CNFModel>::handle_not
FN:29,<conjure_core::solver::adaptors::sat_common::CNFModel>::new
FN:130,<conjure_core::solver::adaptors::sat_common::CNFModel>::add_expression
FN:200,<conjure_core::solver::adaptors::sat_common::CNFModel>::handle_reference
FN:288,<conjure_core::solver::adaptors::sat_common::CNFModel as core::default::Default>::default
FN:74,<conjure_core::solver::adaptors::sat_common::CNFModel>::get_variables
FN:253,<conjure_core::solver::adaptors::sat_common::CNFModel>::handle_and
FN:236,<conjure_core::solver::adaptors::sat_common::CNFModel>::handle_flat_expression
FN:141,<conjure_core::solver::adaptors::sat_common::CNFModel>::as_expression
FN:29,<conjure_core::solver::adaptors::sat_common::CNFModel>::new
FN:117,<conjure_core::solver::adaptors::sat_common::CNFModel>::add_clause
FN:85,<conjure_core::solver::adaptors::sat_common::CNFModel>::get_index
FN:102,<conjure_core::solver::adaptors::sat_common::CNFModel>::add_variable
FN:220,<conjure_core::solver::adaptors::sat_common::CNFModel>::handle_or
FN:288,<conjure_core::solver::adaptors::sat_common::CNFModel as core::default::Default>::default
FN:236,<conjure_core::solver::adaptors::sat_common::CNFModel>::handle_flat_expression
FN:141,<conjure_core::solver::adaptors::sat_common::CNFModel>::as_expression
FN:253,<conjure_core::solver::adaptors::sat_common::CNFModel>::handle_and
FN:319,<i32 as conjure_core::solver::adaptors::sat_common::HasVariable>::has_variable
FN:188,<conjure_core::solver::adaptors::sat_common::CNFModel>::get_reference_index
FN:90,<conjure_core::solver::adaptors::sat_common::CNFModel>::get_name
FNDA:0,<conjure_core::solver::adaptors::sat_common::CNFModel>::from_conjure
FNDA:0,<conjure_core::solver::adaptors::sat_common::CNFModel>::get_name
FNDA:0,<conjure_core::solver::adaptors::sat_common::CNFModel>::clause_to_expression
FNDA:0,<conjure_core::solver::adaptors::sat_common::CNFModel>::add_expression
FNDA:0,<conjure_core::solver::adaptors::sat_common::CNFModel>::get_index
FNDA:0,<conjure_core::solver::adaptors::sat_common::CNFModel>::handle_expression
FNDA:0,<&conjure_core::ast::symbol_table::Name as conjure_core::solver::adaptors::sat_common::HasVariable>::has_variable
FNDA:0,<conjure_core::solver::adaptors::sat_common::CNFModel>::add_clause
FNDA:0,<conjure_core::solver::adaptors::sat_common::CNFModel>::clause_to_expression
FNDA:0,<conjure_core::solver::adaptors::sat_common::CNFModel>::handle_reference
FNDA:0,<conjure_core::solver::adaptors::sat_common::CNFModel>::has_variable::<_>
FNDA:0,<&conjure_core::ast::symbol_table::Name as conjure_core::solver::adaptors::sat_common::HasVariable>::has_variable
FNDA:0,<i32 as conjure_core::solver::adaptors::sat_common::HasVariable>::has_variable
FNDA:0,<conjure_core::solver::adaptors::sat_common::CNFModel>::get_reference_index
FNDA:0,<conjure_core::solver::adaptors::sat_common::CNFModel>::handle_or
FNDA:0,<conjure_core::solver::adaptors::sat_common::CNFModel>::handle_not
FNDA:0,<conjure_core::solver::adaptors::sat_common::CNFModel>::add_variable
FNDA:0,<conjure_core::solver::adaptors::sat_common::CNFModel>::from_conjure
FNDA:0,<conjure_core::solver::adaptors::sat_common::CNFModel>::has_variable::<i32>
FNDA:0,<conjure_core::solver::adaptors::sat_common::CNFModel>::handle_expression
FNDA:0,<conjure_core::solver::adaptors::sat_common::CNFModel>::get_variables
FNDA:0,<conjure_core::solver::adaptors::sat_common::CNFModel>::handle_not
FNDA:0,<conjure_core::solver::adaptors::sat_common::CNFModel>::new
FNDA:0,<conjure_core::solver::adaptors::sat_common::CNFModel>::add_expression
FNDA:0,<conjure_core::solver::adaptors::sat_common::CNFModel>::handle_reference
FNDA:0,<conjure_core::solver::adaptors::sat_common::CNFModel as core::default::Default>::default
FNDA:0,<conjure_core::solver::adaptors::sat_common::CNFModel>::get_variables
FNDA:0,<conjure_core::solver::adaptors::sat_common::CNFModel>::handle_and
FNDA:0,<conjure_core::solver::adaptors::sat_common::CNFModel>::handle_flat_expression
FNDA:0,<conjure_core::solver::adaptors::sat_common::CNFModel>::as_expression
FNDA:0,<conjure_core::solver::adaptors::sat_common::CNFModel>::new
FNDA:0,<conjure_core::solver::adaptors::sat_common::CNFModel>::add_clause
FNDA:0,<conjure_core::solver::adaptors::sat_common::CNFModel>::get_index
FNDA:0,<conjure_core::solver::adaptors::sat_common::CNFModel>::add_variable
FNDA:0,<conjure_core::solver::adaptors::sat_common::CNFModel>::handle_or
FNDA:0,<conjure_core::solver::adaptors::sat_common::CNFModel as core::default::Default>::default
FNDA:0,<conjure_core::solver::adaptors::sat_common::CNFModel>::handle_flat_expression
FNDA:0,<conjure_core::solver::adaptors::sat_common::CNFModel>::as_expression
FNDA:0,<conjure_core::solver::adaptors::sat_common::CNFModel>::handle_and
FNDA:0,<i32 as conjure_core::solver::adaptors::sat_common::HasVariable>::has_variable
FNDA:0,<conjure_core::solver::adaptors::sat_common::CNFModel>::get_reference_index
FNDA:0,<conjure_core::solver::adaptors::sat_common::CNFModel>::get_name
FNF:42
FNH:0
BRF:0
BRH:0
DA:29,0
DA:30,0
DA:31,0
DA:32,0
DA:33,0
DA:34,0
DA:35,0
DA:37,0
DA:38,0
DA:40,0
DA:42,0
DA:44,0
DA:46,0
DA:47,0
DA:48,0
DA:49,0
DA:50,0
DA:51,0
DA:52,0
DA:53,0
DA:54,0
DA:55,0
DA:56,0
DA:59,0
DA:60,0
DA:61,0
DA:62,0
DA:63,0
DA:64,0
DA:69,0
DA:70,0
DA:74,0
DA:75,0
DA:77,0
DA:78,0
DA:79,0
DA:81,0
DA:82,0
DA:85,0
DA:86,0
DA:87,0
DA:90,0
DA:91,0
DA:92,0
DA:93,0
DA:94,0
DA:95,0
DA:98,0
DA:99,0
DA:102,0
DA:103,0
DA:104,0
DA:105,0
DA:110,0
DA:111,0
DA:112,0
DA:117,0
DA:118,0
DA:119,0
DA:120,0
DA:121,0
DA:123,0
DA:124,0
DA:125,0
DA:130,0
DA:131,0
DA:132,0
DA:134,0
DA:135,0
DA:141,0
DA:142,0
DA:144,0
DA:145,0
DA:148,0
DA:149,0
DA:154,0
DA:155,0
DA:157,0
DA:158,0
DA:159,0
DA:160,0
DA:161,0
DA:162,0
DA:163,0
DA:164,0
DA:165,0
DA:166,0
DA:167,0
DA:168,0
DA:169,0
DA:170,0
DA:171,0
DA:172,0
DA:173,0
DA:174,0
DA:180,0
DA:181,0
DA:188,0
DA:189,0
DA:190,0
DA:191,0
DA:193,0
DA:200,0
DA:201,0
DA:202,0
DA:207,0
DA:208,0
DA:210,0
DA:211,0
DA:213,0
DA:215,0
DA:220,0
DA:221,0
DA:223,0
DA:224,0
DA:225,0
DA:226,0
DA:227,0
DA:230,0
DA:231,0
DA:236,0
DA:237,0
DA:238,0
DA:239,0
DA:240,0
DA:241,0
DA:242,0
DA:244,0
DA:245,0
DA:246,0
DA:248,0
DA:253,0
DA:254,0
DA:255,0
DA:256,0
DA:257,0
DA:259,0
DA:260,0
DA:261,0
DA:262,0
DA:265,0
DA:270,0
DA:271,0
DA:276,0
DA:277,0
DA:278,0
DA:279,0
DA:280,0
DA:281,0
DA:282,0
DA:284,0
DA:288,0
DA:289,0
DA:290,0
DA:319,0
DA:320,0
DA:321,0
DA:325,0
DA:326,0
DA:327,0
LF:160
LH:0
end_of_record
SF:conjure_oxide/src/find_conjure.rs
FN:9,conjure_oxide::find_conjure::conjure_executable
FN:25,conjure_oxide::find_conjure::conjure_executable::{closure#0}
FN:25,conjure_oxide::find_conjure::conjure_executable::{closure#0}
FN:9,conjure_oxide::find_conjure::conjure_executable
FNDA:1,conjure_oxide::find_conjure::conjure_executable
FNDA:0,conjure_oxide::find_conjure::conjure_executable::{closure#0}
FNDA:0,conjure_oxide::find_conjure::conjure_executable::{closure#0}
FNDA:0,conjure_oxide::find_conjure::conjure_executable
FNF:4
FNH:1
BRF:0
BRH:0
DA:9,6
DA:10,6
DA:11,6
DA:12,6
DA:13,6
DA:15,6
DA:16,0
DA:17,6
DA:18,6
DA:19,6
DA:20,6
DA:21,6
DA:22,6
DA:23,0
DA:24,0
DA:25,0
DA:26,0
DA:27,0
DA:28,0
DA:29,0
DA:30,0
DA:32,0
DA:34,6
DA:35,6
DA:36,6
DA:37,6
DA:38,6
DA:40,6
DA:41,6
DA:42,0
DA:44,0
DA:45,0
DA:46,0
DA:47,0
DA:48,0
DA:49,0
DA:50,0
DA:51,0
DA:53,0
DA:55,6
DA:56,0
DA:57,0
DA:58,0
DA:59,0
DA:60,0
DA:61,6
DA:62,6
DA:63,6
LF:48
LH:23
end_of_record
SF:crates/conjure_core/src/rules/cnf.rs
FN:8,conjure_core::rules::cnf::CONJURE_GEN_RULE_SET_CNF::__typecheck::{closure#0}::{closure#0}
FN:8,conjure_core::rules::cnf::CONJURE_GEN_RULE_SET_CNF::__typecheck::{closure#0}::{closure#0}
FNDA:0,conjure_core::rules::cnf::CONJURE_GEN_RULE_SET_CNF::__typecheck::{closure#0}::{closure#0}
FNDA:0,conjure_core::rules::cnf::CONJURE_GEN_RULE_SET_CNF::__typecheck::{closure#0}::{closure#0}
FNF:2
FNH:0
BRF:0
BRH:0
LF:0
LH:0
end_of_record
SF:crates/conjure_core/src/rule_engine/rewriter_common.rs
FN:17,conjure_core::rule_engine::rewriter_common::log_rule_application
FN:49,<conjure_core::rule_engine::rewriter_common::RewriteError as core::convert::From<conjure_core::rule_engine::resolve_rules::ResolveRulesError>>::from
FN:17,conjure_core::rule_engine::rewriter_common::log_rule_application
FN:49,<conjure_core::rule_engine::rewriter_common::RewriteError as core::convert::From<conjure_core::rule_engine::resolve_rules::ResolveRulesError>>::from
FNDA:0,conjure_core::rule_engine::rewriter_common::log_rule_application
FNDA:0,<conjure_core::rule_engine::rewriter_common::RewriteError as core::convert::From<conjure_core::rule_engine::resolve_rules::ResolveRulesError>>::from
FNDA:1,conjure_core::rule_engine::rewriter_common::log_rule_application
FNDA:0,<conjure_core::rule_engine::rewriter_common::RewriteError as core::convert::From<conjure_core::rule_engine::resolve_rules::ResolveRulesError>>::from
FNF:4
FNH:1
BRF:0
BRH:0
DA:17,2601
DA:18,2601
DA:19,2601
DA:20,2601
DA:21,2601
DA:22,2601
DA:24,0
DA:31,2601
DA:33,2601
DA:39,2601
DA:49,0
DA:50,0
DA:51,0
LF:13
LH:9
end_of_record
SF:crates/tree_morph/src/helpers.rs
FN:5,tree_morph::helpers::select_first::<add_mul::Expr, add_mul::Meta, add_mul::ReductionRule>
FN:5,tree_morph::helpers::select_first::<_, _, _>
FN:13,tree_morph::helpers::select_first::<_, _, _>::{closure#0}
FN:13,tree_morph::helpers::select_first::<add_mul::Expr, add_mul::Meta, add_mul::ReductionRule>::{closure#0}
FNDA:0,tree_morph::helpers::select_first::<add_mul::Expr, add_mul::Meta, add_mul::ReductionRule>
FNDA:0,tree_morph::helpers::select_first::<_, _, _>
FNDA:0,tree_morph::helpers::select_first::<_, _, _>::{closure#0}
FNDA:0,tree_morph::helpers::select_first::<add_mul::Expr, add_mul::Meta, add_mul::ReductionRule>::{closure#0}
FNF:4
FNH:0
BRF:0
BRH:0
DA:5,0
DA:6,0
DA:7,0
DA:8,0
DA:9,0
DA:10,0
DA:11,0
DA:12,0
DA:13,0
DA:14,0
LF:10
LH:0
end_of_record
SF:solvers/minion/src/run.rs
FN:644,minion_rs::run::read_var::{closure#0}
FN:672,minion_rs::run::read_2_vars::{closure#0}
FN:172,minion_rs::run::run_minion::{closure#0}
FN:225,minion_rs::run::convert_model_to_raw::{closure#0}
FN:763,minion_rs::run::read_constraint_list::{closure#0}
FN:274,minion_rs::run::convert_model_to_raw::{closure#2}
FN:390,minion_rs::run::constraint_add_args
FN:647,minion_rs::run::read_var::{closure#1}
FN:639,minion_rs::run::read_var
FN:672,minion_rs::run::read_2_vars::{closure#0}
FN:684,minion_rs::run::read_2_vars::{closure#1}
FN:748,minion_rs::run::read_constraint::{closure#0}
FN:768,minion_rs::run::read_constraint_list::{closure#1}
FN:166,minion_rs::run::run_minion
FN:639,minion_rs::run::read_var
FN:701,minion_rs::run::read_constant
FN:300,minion_rs::run::get_constraint_type
FN:390,minion_rs::run::constraint_add_args
FN:616,minion_rs::run::read_list::{closure#0}
FN:647,minion_rs::run::read_var::{closure#1}
FN:289,minion_rs::run::convert_model_to_raw::{closure#3}
FN:620,minion_rs::run::read_list::{closure#1}
FN:620,minion_rs::run::read_list::{closure#1}
FN:289,minion_rs::run::convert_model_to_raw::{closure#3}
FN:233,minion_rs::run::convert_model_to_raw::{closure#1}
FN:208,minion_rs::run::convert_model_to_raw
FN:225,minion_rs::run::convert_model_to_raw::{closure#0}
FN:742,minion_rs::run::read_constraint
FN:300,minion_rs::run::get_constraint_type
FN:611,minion_rs::run::read_list
FN:701,minion_rs::run::read_constant
FN:611,minion_rs::run::read_list
FN:721,minion_rs::run::read_constant_list::{closure#0}
FN:758,minion_rs::run::read_constraint_list
FN:664,minion_rs::run::read_2_vars
FN:664,minion_rs::run::read_2_vars
FN:758,minion_rs::run::read_constraint_list
FN:644,minion_rs::run::read_var::{closure#0}
FN:616,minion_rs::run::read_list::{closure#0}
FN:166,minion_rs::run::run_minion
FN:172,minion_rs::run::run_minion::{closure#0}
FN:684,minion_rs::run::read_2_vars::{closure#1}
FN:274,minion_rs::run::convert_model_to_raw::{closure#2}
FN:717,minion_rs::run::read_constant_list
FN:763,minion_rs::run::read_constraint_list::{closure#0}
FN:123,run_callback
FN:721,minion_rs::run::read_constant_list::{closure#0}
FN:742,minion_rs::run::read_constraint
FN:717,minion_rs::run::read_constant_list
FN:748,minion_rs::run::read_constraint::{closure#0}
FN:233,minion_rs::run::convert_model_to_raw::{closure#1}
FN:768,minion_rs::run::read_constraint_list::{closure#1}
FN:208,minion_rs::run::convert_model_to_raw
FNDA:0,minion_rs::run::read_var::{closure#0}
FNDA:0,minion_rs::run::read_2_vars::{closure#0}
FNDA:0,minion_rs::run::run_minion::{closure#0}
FNDA:1,minion_rs::run::convert_model_to_raw::{closure#0}
FNDA:1,minion_rs::run::read_constraint_list::{closure#0}
FNDA:0,minion_rs::run::convert_model_to_raw::{closure#2}
FNDA:0,minion_rs::run::constraint_add_args
FNDA:0,minion_rs::run::read_var::{closure#1}
FNDA:0,minion_rs::run::read_var
FNDA:0,minion_rs::run::read_2_vars::{closure#0}
FNDA:0,minion_rs::run::read_2_vars::{closure#1}
FNDA:0,minion_rs::run::read_constraint::{closure#0}
FNDA:0,minion_rs::run::read_constraint_list::{closure#1}
FNDA:0,minion_rs::run::run_minion
FNDA:1,minion_rs::run::read_var
FNDA:0,minion_rs::run::read_constant
FNDA:1,minion_rs::run::get_constraint_type
FNDA:1,minion_rs::run::constraint_add_args
FNDA:1,minion_rs::run::read_list::{closure#0}
FNDA:0,minion_rs::run::read_var::{closure#1}
FNDA:0,minion_rs::run::convert_model_to_raw::{closure#3}
FNDA:0,minion_rs::run::read_list::{closure#1}
FNDA:0,minion_rs::run::read_list::{closure#1}
FNDA:1,minion_rs::run::convert_model_to_raw::{closure#3}
FNDA:0,minion_rs::run::convert_model_to_raw::{closure#1}
FNDA:1,minion_rs::run::convert_model_to_raw
FNDA:0,minion_rs::run::convert_model_to_raw::{closure#0}
FNDA:0,minion_rs::run::read_constraint
FNDA:0,minion_rs::run::get_constraint_type
FNDA:1,minion_rs::run::read_list
FNDA:1,minion_rs::run::read_constant
FNDA:0,minion_rs::run::read_list
FNDA:0,minion_rs::run::read_constant_list::{closure#0}
FNDA:1,minion_rs::run::read_constraint_list
FNDA:1,minion_rs::run::read_2_vars
FNDA:0,minion_rs::run::read_2_vars
FNDA:0,minion_rs::run::read_constraint_list
FNDA:1,minion_rs::run::read_var::{closure#0}
FNDA:0,minion_rs::run::read_list::{closure#0}
FNDA:1,minion_rs::run::run_minion
FNDA:1,minion_rs::run::run_minion::{closure#0}
FNDA:0,minion_rs::run::read_2_vars::{closure#1}
FNDA:1,minion_rs::run::convert_model_to_raw::{closure#2}
FNDA:0,minion_rs::run::read_constant_list
FNDA:0,minion_rs::run::read_constraint_list::{closure#0}
FNDA:1,run_callback
FNDA:0,minion_rs::run::read_constant_list::{closure#0}
FNDA:0,minion_rs::run::read_constraint
FNDA:0,minion_rs::run::read_constant_list
FNDA:0,minion_rs::run::read_constraint::{closure#0}
FNDA:0,minion_rs::run::convert_model_to_raw::{closure#1}
FNDA:1,minion_rs::run::read_constraint_list::{closure#1}
FNDA:0,minion_rs::run::convert_model_to_raw
FNF:53
FNH:18
BRF:0
BRH:0
DA:123,17039
DA:124,17039
DA:125,17039
DA:126,17039
DA:127,17039
DA:128,17039
DA:129,17039
DA:130,17039
DA:131,17039
DA:132,0
DA:133,17039
DA:135,17039
DA:136,17039
DA:137,0
DA:140,17039
DA:141,11
DA:142,17028
DA:143,17028
DA:144,17028
DA:145,17028
DA:147,77099
DA:148,77099
DA:149,77099
DA:150,77099
DA:151,77099
DA:154,17028
DA:155,0
DA:156,17028
DA:158,17039
DA:166,550
DA:167,550
DA:168,550
DA:169,550
DA:170,550
DA:171,550
DA:172,550
DA:173,550
DA:174,550
DA:175,550
DA:176,550
DA:177,550
DA:178,550
DA:179,550
DA:180,550
DA:181,550
DA:182,550
DA:183,550
DA:185,550
DA:186,550
DA:187,550
DA:188,550
DA:189,550
DA:190,550
DA:191,550
DA:192,550
DA:193,550
DA:194,550
DA:195,550
DA:196,550
DA:197,550
DA:198,550
DA:199,550
DA:200,550
DA:201,550
DA:202,550
DA:203,0
DA:206,550
DA:208,550
DA:209,550
DA:210,550
DA:211,550
DA:212,550
DA:213,550
DA:214,550
DA:215,550
DA:216,550
DA:217,550
DA:218,550
DA:219,550
DA:220,550
DA:221,550
DA:222,550
DA:223,550
DA:224,550
DA:225,550
DA:226,550
DA:227,550
DA:228,550
DA:229,550
DA:230,550
DA:232,1551
DA:233,1551
DA:234,0
DA:235,0
DA:236,0
DA:237,0
DA:238,1551
DA:240,1551
DA:241,1551
DA:242,1551
DA:243,1551
DA:245,1551
DA:246,1408
DA:247,143
DA:248,0
DA:249,0
DA:251,1551
DA:252,1551
DA:253,1551
DA:254,1551
DA:255,1551
DA:256,1551
DA:257,1551
DA:258,1551
DA:259,1551
DA:260,1551
DA:261,1551
DA:262,1551
DA:263,1551
DA:264,1551
DA:265,1551
DA:266,1551
DA:267,1551
DA:268,1551
DA:269,1551
DA:272,550
DA:273,550
DA:274,550
DA:275,550
DA:276,550
DA:277,550
DA:283,1782
DA:288,1232
DA:289,1232
DA:290,1232
DA:291,1232
DA:292,1232
DA:293,1232
DA:294,1232
DA:297,550
DA:298,550
DA:300,2046
DA:301,2046
DA:302,66
DA:303,77
DA:304,297
DA:305,242
DA:306,0
DA:307,0
DA:308,176
DA:309,0
DA:310,176
DA:311,0
DA:312,0
DA:313,0
DA:314,0
DA:315,0
DA:316,0
DA:317,0
DA:318,0
DA:319,0
DA:320,0
DA:321,209
DA:322,165
DA:323,0
DA:324,0
DA:325,0
DA:326,0
DA:327,0
DA:328,0
DA:329,0
DA:330,0
DA:331,0
DA:332,0
DA:333,0
DA:334,0
DA:335,0
DA:336,0
DA:337,0
DA:338,0
DA:339,0
DA:340,0
DA:341,0
DA:342,0
DA:343,0
DA:344,0
DA:345,0
DA:346,0
DA:347,0
DA:348,0
DA:349,0
DA:350,0
DA:351,0
DA:352,0
DA:353,0
DA:354,0
DA:355,0
DA:356,0
DA:357,0
DA:358,0
DA:359,0
DA:361,0
DA:364,0
DA:366,66
DA:367,0
DA:368,0
DA:369,0
DA:370,0
DA:371,0
DA:372,0
DA:373,0
DA:374,341
DA:375,0
DA:376,0
DA:377,0
DA:378,0
DA:379,220
DA:380,11
DA:383,0
DA:384,0
DA:385,0
DA:386,0
DA:388,2046
DA:390,2046
DA:391,2046
DA:392,2046
DA:393,2046
DA:394,2046
DA:395,2046
DA:396,66
DA:397,66
DA:398,66
DA:399,66
DA:401,77
DA:402,77
DA:403,77
DA:404,77
DA:406,297
DA:407,297
DA:408,297
DA:409,297
DA:410,297
DA:412,242
DA:413,242
DA:414,242
DA:415,242
DA:417,0
DA:418,0
DA:419,0
DA:420,0
DA:422,0
DA:423,0
DA:424,0
DA:425,0
DA:427,176
DA:428,176
DA:429,176
DA:430,176
DA:432,0
DA:433,0
DA:434,0
DA:435,0
DA:437,176
DA:438,176
DA:439,176
DA:440,176
DA:442,0
DA:443,0
DA:444,0
DA:445,0
DA:447,0
DA:448,0
DA:449,0
DA:450,0
DA:452,0
DA:453,0
DA:454,0
DA:455,0
DA:456,0
DA:458,0
DA:459,0
DA:460,0
DA:461,0
DA:462,0
DA:464,0
DA:465,0
DA:466,0
DA:468,0
DA:469,0
DA:470,0
DA:472,0
DA:473,0
DA:474,0
DA:476,0
DA:477,0
DA:478,0
DA:479,0
DA:481,0
DA:482,0
DA:483,0
DA:484,0
DA:486,0
DA:487,0
DA:488,0
DA:489,0
DA:491,209
DA:492,209
DA:493,209
DA:495,165
DA:496,165
DA:497,165
DA:499,0
DA:500,0
DA:501,0
DA:503,0
DA:504,0
DA:505,0
DA:507,0
DA:508,0
DA:509,0
DA:510,0
DA:512,0
DA:513,0
DA:514,0
DA:515,0
DA:517,0
DA:518,0
DA:519,0
DA:520,0
DA:522,0
DA:523,0
DA:524,0
DA:525,0
DA:526,0
DA:528,0
DA:529,0
DA:530,0
DA:531,0
DA:532,0
DA:534,0
DA:535,0
DA:536,0
DA:537,0
DA:538,0
DA:571,66
DA:572,66
DA:573,66
DA:574,66
DA:579,0
DA:580,0
DA:581,0
DA:582,0
DA:587,341
DA:588,341
DA:589,341
DA:590,341
DA:596,0
DA:597,0
DA:598,0
DA:599,0
DA:602,220
DA:603,11
DA:605,0
DA:607,2046
DA:611,143
DA:612,143
DA:613,143
DA:614,143
DA:615,143
DA:616,143
DA:617,528
DA:618,385
DA:619,385
DA:620,385
DA:621,0
DA:622,0
DA:623,0
DA:624,0
DA:625,385
DA:626,385
DA:628,0
DA:631,385
DA:634,143
DA:635,143
DA:636,143
DA:637,143
DA:639,2321
DA:640,2321
DA:641,2321
DA:642,2321
DA:643,2321
DA:644,2321
DA:645,2321
DA:646,1650
DA:647,1650
DA:648,0
DA:649,0
DA:650,0
DA:651,0
DA:652,1650
DA:653,1650
DA:655,671
DA:658,2321
DA:659,2321
DA:660,2321
DA:661,2321
DA:662,2321
DA:664,352
DA:665,352
DA:666,352
DA:667,352
DA:668,352
DA:669,352
DA:670,352
DA:671,330
DA:672,330
DA:673,0
DA:674,0
DA:675,0
DA:676,0
DA:677,330
DA:678,330
DA:680,22
DA:682,352
DA:683,352
DA:684,352
DA:685,0
DA:686,0
DA:687,0
DA:688,0
DA:689,352
DA:690,352
DA:692,0
DA:697,352
DA:698,352
DA:699,352
DA:701,363
DA:702,363
DA:703,363
DA:704,363
DA:705,363
DA:706,363
DA:707,0
DA:708,0
DA:709,0
DA:710,0
DA:712,363
DA:713,363
DA:714,363
DA:715,363
DA:717,0
DA:718,0
DA:719,0
DA:720,0
DA:721,0
DA:723,0
DA:724,0
DA:725,0
DA:726,0
DA:727,0
DA:729,0
DA:730,0
DA:732,0
DA:735,0
DA:736,0
DA:737,0
DA:742,0
DA:743,0
DA:744,0
DA:745,0
DA:746,0
DA:747,0
DA:748,0
DA:749,0
DA:750,0
DA:751,0
DA:752,0
DA:754,0
DA:755,0
DA:756,0
DA:758,374
DA:759,374
DA:760,374
DA:761,374
DA:762,374
DA:763,374
DA:764,374
DA:765,374
DA:766,814
DA:767,814
DA:768,814
DA:769,814
DA:770,814
DA:771,814
DA:772,814
DA:773,814
DA:776,374
DA:777,374
DA:778,374
LF:499
LH:277
end_of_record
SF:crates/conjure_core/src/ast/literals.rs
FN:6,<<conjure_core::ast::literals::Literal as serde::de::Deserialize>::deserialize::__Visitor as serde::de::Visitor>::expecting
FN:6,<<conjure_core::ast::literals::Literal as serde::de::Deserialize>::deserialize::__Field as serde::de::Deserialize>::deserialize::<&mut serde_json::de::Deserializer<serde_json::read::StrRead>>
FN:6,<<conjure_core::ast::literals::Literal as serde::de::Deserialize>::deserialize::__Visitor as serde::de::Visitor>::visit_enum::<serde_json::de::UnitVariantAccess<serde_json::read::StrRead>>
FN:37,<conjure_core::ast::literals::Literal as core::convert::From<i32>>::from
FN:6,<<conjure_core::ast::literals::Literal as serde::de::Deserialize>::deserialize::__Field as serde::de::Deserialize>::deserialize::<_>
FN:28,<bool as core::convert::TryFrom<conjure_core::ast::literals::Literal>>::try_from
FN:6,<<conjure_core::ast::literals::Literal as serde::de::Deserialize>::deserialize::__Visitor as serde::de::Visitor>::visit_enum::<_>
FN:37,<conjure_core::ast::literals::Literal as core::convert::From<i32>>::from
FN:6,<<conjure_core::ast::literals::Literal as serde::de::Deserialize>::deserialize::__FieldVisitor as serde::de::Visitor>::expecting
FN:6,<<conjure_core::ast::literals::Literal as serde::de::Deserialize>::deserialize::__Field as serde::de::Deserialize>::deserialize::<_>
FN:49,<conjure_core::ast::literals::Literal as core::fmt::Display>::fmt
FN:43,<conjure_core::ast::literals::Literal as core::convert::From<bool>>::from
FN:43,<conjure_core::ast::literals::Literal as core::convert::From<bool>>::from
FN:28,<bool as core::convert::TryFrom<conjure_core::ast::literals::Literal>>::try_from
FN:6,<<conjure_core::ast::literals::Literal as serde::de::Deserialize>::deserialize::__Visitor as serde::de::Visitor>::expecting
FN:18,<i32 as core::convert::TryFrom<conjure_core::ast::literals::Literal>>::try_from
FN:18,<i32 as core::convert::TryFrom<conjure_core::ast::literals::Literal>>::try_from
FN:6,<<conjure_core::ast::literals::Literal as serde::de::Deserialize>::deserialize::__Visitor as serde::de::Visitor>::visit_enum::<serde_json::de::VariantAccess<serde_json::read::StrRead>>
FN:6,<<conjure_core::ast::literals::Literal as serde::de::Deserialize>::deserialize::__Visitor as serde::de::Visitor>::visit_enum::<_>
FN:49,<conjure_core::ast::literals::Literal as core::fmt::Display>::fmt
FN:6,<<conjure_core::ast::literals::Literal as serde::de::Deserialize>::deserialize::__FieldVisitor as serde::de::Visitor>::expecting
FNDA:0,<<conjure_core::ast::literals::Literal as serde::de::Deserialize>::deserialize::__Visitor as serde::de::Visitor>::expecting
FNDA:1,<<conjure_core::ast::literals::Literal as serde::de::Deserialize>::deserialize::__Field as serde::de::Deserialize>::deserialize::<&mut serde_json::de::Deserializer<serde_json::read::StrRead>>
FNDA:0,<<conjure_core::ast::literals::Literal as serde::de::Deserialize>::deserialize::__Visitor as serde::de::Visitor>::visit_enum::<serde_json::de::UnitVariantAccess<serde_json::read::StrRead>>
FNDA:0,<conjure_core::ast::literals::Literal as core::convert::From<i32>>::from
FNDA:0,<<conjure_core::ast::literals::Literal as serde::de::Deserialize>::deserialize::__Field as serde::de::Deserialize>::deserialize::<_>
FNDA:1,<bool as core::convert::TryFrom<conjure_core::ast::literals::Literal>>::try_from
FNDA:0,<<conjure_core::ast::literals::Literal as serde::de::Deserialize>::deserialize::__Visitor as serde::de::Visitor>::visit_enum::<_>
FNDA:0,<conjure_core::ast::literals::Literal as core::convert::From<i32>>::from
FNDA:0,<<conjure_core::ast::literals::Literal as serde::de::Deserialize>::deserialize::__FieldVisitor as serde::de::Visitor>::expecting
FNDA:0,<<conjure_core::ast::literals::Literal as serde::de::Deserialize>::deserialize::__Field as serde::de::Deserialize>::deserialize::<_>
FNDA:0,<conjure_core::ast::literals::Literal as core::fmt::Display>::fmt
FNDA:0,<conjure_core::ast::literals::Literal as core::convert::From<bool>>::from
FNDA:0,<conjure_core::ast::literals::Literal as core::convert::From<bool>>::from
FNDA:0,<bool as core::convert::TryFrom<conjure_core::ast::literals::Literal>>::try_from
FNDA:0,<<conjure_core::ast::literals::Literal as serde::de::Deserialize>::deserialize::__Visitor as serde::de::Visitor>::expecting
FNDA:1,<i32 as core::convert::TryFrom<conjure_core::ast::literals::Literal>>::try_from
FNDA:1,<i32 as core::convert::TryFrom<conjure_core::ast::literals::Literal>>::try_from
FNDA:0,<<conjure_core::ast::literals::Literal as serde::de::Deserialize>::deserialize::__Visitor as serde::de::Visitor>::visit_enum::<serde_json::de::VariantAccess<serde_json::read::StrRead>>
FNDA:0,<<conjure_core::ast::literals::Literal as serde::de::Deserialize>::deserialize::__Visitor as serde::de::Visitor>::visit_enum::<_>
FNDA:1,<conjure_core::ast::literals::Literal as core::fmt::Display>::fmt
FNDA:0,<<conjure_core::ast::literals::Literal as serde::de::Deserialize>::deserialize::__FieldVisitor as serde::de::Visitor>::expecting
FNF:21
FNH:5
BRF:0
BRH:0
DA:6,1668
DA:18,9380
DA:19,9380
DA:20,9380
DA:21,0
DA:23,9380
DA:28,180
DA:29,180
DA:30,36
DA:31,144
DA:33,180
DA:37,0
DA:38,0
DA:39,0
DA:43,0
DA:44,0
DA:45,0
DA:49,5670
DA:50,5670
DA:51,5445
DA:52,225
DA:54,5670
LF:22
LH:15
end_of_record
SF:crates/conjure_core/src/rules/base.rs
FN:57,conjure_core::rules::base::min_to_var
FN:13,conjure_core::rules::base::CONJURE_GEN_RULE_SET_BASE::__typecheck::{closure#0}::{closure#0}
FN:100,conjure_core::rules::base::CONJURE_GEN_RULE_MAX_TO_VAR::__typecheck::{closure#0}::{closure#0}
FN:13,conjure_core::rules::base::CONJURE_GEN_RULE_SET_BASE::__typecheck::{closure#0}::{closure#0}
FN:100,conjure_core::rules::base::CONJURE_GEN_RULE_MAX_TO_VAR::__typecheck::{closure#0}::{closure#0}
FN:25,conjure_core::rules::base::CONJURE_GEN_RULE_REMOVE_EMPTY_EXPRESSION::__typecheck::{closure#0}::{closure#0}
FN:57,conjure_core::rules::base::min_to_var
FN:101,conjure_core::rules::base::max_to_var
FN:26,conjure_core::rules::base::remove_empty_expression
FN:101,conjure_core::rules::base::max_to_var
FN:26,conjure_core::rules::base::remove_empty_expression
FN:25,conjure_core::rules::base::CONJURE_GEN_RULE_REMOVE_EMPTY_EXPRESSION::__typecheck::{closure#0}::{closure#0}
FN:56,conjure_core::rules::base::CONJURE_GEN_RULE_MIN_TO_VAR::__typecheck::{closure#0}::{closure#0}
FN:56,conjure_core::rules::base::CONJURE_GEN_RULE_MIN_TO_VAR::__typecheck::{closure#0}::{closure#0}
FNDA:1,conjure_core::rules::base::min_to_var
FNDA:0,conjure_core::rules::base::CONJURE_GEN_RULE_SET_BASE::__typecheck::{closure#0}::{closure#0}
FNDA:0,conjure_core::rules::base::CONJURE_GEN_RULE_MAX_TO_VAR::__typecheck::{closure#0}::{closure#0}
FNDA:0,conjure_core::rules::base::CONJURE_GEN_RULE_SET_BASE::__typecheck::{closure#0}::{closure#0}
FNDA:0,conjure_core::rules::base::CONJURE_GEN_RULE_MAX_TO_VAR::__typecheck::{closure#0}::{closure#0}
FNDA:0,conjure_core::rules::base::CONJURE_GEN_RULE_REMOVE_EMPTY_EXPRESSION::__typecheck::{closure#0}::{closure#0}
FNDA:0,conjure_core::rules::base::min_to_var
FNDA:0,conjure_core::rules::base::max_to_var
FNDA:0,conjure_core::rules::base::remove_empty_expression
FNDA:1,conjure_core::rules::base::max_to_var
FNDA:1,conjure_core::rules::base::remove_empty_expression
FNDA:0,conjure_core::rules::base::CONJURE_GEN_RULE_REMOVE_EMPTY_EXPRESSION::__typecheck::{closure#0}::{closure#0}
FNDA:0,conjure_core::rules::base::CONJURE_GEN_RULE_MIN_TO_VAR::__typecheck::{closure#0}::{closure#0}
FNDA:0,conjure_core::rules::base::CONJURE_GEN_RULE_MIN_TO_VAR::__typecheck::{closure#0}::{closure#0}
FNF:14
FNH:3
BRF:0
BRH:0
DA:26,25119
DA:28,10575
DA:29,25119
DA:35,14544
DA:36,10575
DA:37,10575
DA:38,10575
DA:39,10575
DA:40,0
DA:42,0
DA:43,0
DA:44,0
DA:47,0
DA:48,25119
DA:57,4356
DA:58,4356
DA:59,54
DA:60,54
DA:61,54
DA:62,54
DA:63,54
DA:64,162
DA:65,108
DA:66,108
DA:67,108
DA:68,108
DA:69,108
DA:70,108
DA:71,108
DA:72,108
DA:73,108
DA:74,108
DA:75,108
DA:76,54
DA:77,54
DA:78,54
DA:79,54
DA:80,54
DA:81,54
DA:82,54
DA:83,54
DA:84,54
DA:85,54
DA:86,54
DA:87,54
DA:88,54
DA:90,4302
DA:92,4356
DA:101,4041
DA:102,4041
DA:103,36
DA:104,36
DA:105,36
DA:106,36
DA:107,36
DA:108,108
DA:109,72
DA:110,72
DA:111,72
DA:112,72
DA:113,72
DA:114,72
DA:115,72
DA:116,72
DA:117,72
DA:118,72
DA:119,72
DA:120,36
DA:121,36
DA:122,36
DA:123,36
DA:124,36
DA:125,36
DA:126,36
DA:127,36
DA:128,36
DA:129,36
DA:130,36
DA:131,36
DA:132,36
DA:134,4005
DA:136,4041
LF:82
LH:77
end_of_record
SF:crates/conjure_core/src/solver/mod.rs
FN:360,<conjure_core::solver::Solver<conjure_core::solver::adaptors::minion::Minion, conjure_core::solver::states::ExecutionSuccess>>::stats
FN:377,<conjure_core::solver::Solver<_, conjure_core::solver::states::ExecutionSuccess>>::wall_time_s
FN:365,<conjure_core::solver::Solver<conjure_core::solver::adaptors::minion::Minion, conjure_core::solver::states::ExecutionSuccess>>::save_stats_to_context
FN:128,<conjure_core::solver::SolverFamilyIter as core::fmt::Debug>::fmt
FN:136,<<conjure_core::solver::SolverFamily as serde::de::Deserialize>::deserialize::__Visitor as serde::de::Visitor>::visit_enum::<_>
FN:234,<conjure_core::solver::adaptors::minion::Minion as conjure_core::solver::SolverAdaptor>::add_adaptor_info_to_stats
FN:292,<conjure_core::solver::Solver<_, conjure_core::solver::states::ModelLoaded>>::solve
FN:377,<conjure_core::solver::Solver<_, conjure_core::solver::states::ExecutionSuccess>>::wall_time_s
FN:229,<_ as conjure_core::solver::SolverAdaptor>::get_name
FN:264,<conjure_core::solver::Solver<conjure_core::solver::adaptors::minion::Minion>>::new
FN:128,<conjure_core::solver::SolverFamilyIter as core::fmt::Debug>::fmt
FN:127,<conjure_core::solver::SolverFamily as core::convert::TryFrom<&str>>::try_from
FN:128,<conjure_core::solver::SolverFamilyIter as core::iter::traits::iterator::Iterator>::next
FN:128,<conjure_core::solver::SolverFamilyIter as core::iter::traits::exact_size::ExactSizeIterator>::len
FN:365,<conjure_core::solver::Solver<_, conjure_core::solver::states::ExecutionSuccess>>::save_stats_to_context
FN:281,<conjure_core::solver::Solver<_>>::load_model
FN:229,<_ as conjure_core::solver::SolverAdaptor>::get_name
FN:136,<<conjure_core::solver::SolverFamily as serde::de::Deserialize>::deserialize::__Visitor as serde::de::Visitor>::expecting
FN:223,<conjure_core::solver::adaptors::minion::Minion as conjure_core::solver::SolverAdaptor>::init_solver
FN:128,<conjure_core::solver::SolverFamily as strum::IntoEnumIterator>::iter
FN:360,<conjure_core::solver::Solver<_, conjure_core::solver::states::ExecutionSuccess>>::stats
FN:360,<conjure_core::solver::Solver<_, conjure_core::solver::states::ExecutionSuccess>>::stats
FN:365,<conjure_core::solver::Solver<_, conjure_core::solver::states::ExecutionSuccess>>::save_stats_to_context
FN:136,<<conjure_core::solver::SolverFamily as serde::de::Deserialize>::deserialize::__Visitor as serde::de::Visitor>::expecting
FN:292,<conjure_core::solver::Solver<conjure_core::solver::adaptors::minion::Minion, conjure_core::solver::states::ModelLoaded>>::solve
FN:264,<conjure_core::solver::Solver<_>>::new
FN:264,<conjure_core::solver::Solver<_>>::new
FN:128,<conjure_core::solver::SolverFamilyIter as core::clone::Clone>::clone
FN:281,<conjure_core::solver::Solver<conjure_core::solver::adaptors::minion::Minion>>::load_model
FN:128,<conjure_core::solver::SolverFamily as strum::IntoEnumIterator>::iter
FN:325,<conjure_core::solver::Solver<_, conjure_core::solver::states::ModelLoaded>>::solve_mut
FN:136,<<conjure_core::solver::SolverFamily as serde::de::Deserialize>::deserialize::__FieldVisitor as serde::de::Visitor>::expecting
FN:128,<conjure_core::solver::SolverFamilyIter as core::iter::traits::exact_size::ExactSizeIterator>::len
FN:234,<_ as conjure_core::solver::SolverAdaptor>::add_adaptor_info_to_stats
FN:136,<<conjure_core::solver::SolverFamily as serde::de::Deserialize>::deserialize::__FieldVisitor as serde::de::Visitor>::expecting
FN:127,<conjure_core::solver::SolverFamily as core::convert::TryFrom<&str>>::try_from
FN:275,<conjure_core::solver::Solver<_>>::get_family
FN:292,<conjure_core::solver::Solver<_, conjure_core::solver::states::ModelLoaded>>::solve
FN:128,<conjure_core::solver::SolverFamilyIter as core::clone::Clone>::clone
FN:136,<<conjure_core::solver::SolverFamily as serde::de::Deserialize>::deserialize::__Visitor as serde::de::Visitor>::visit_enum::<_>
FN:234,<_ as conjure_core::solver::SolverAdaptor>::add_adaptor_info_to_stats
FN:128,<conjure_core::solver::SolverFamilyIter as core::iter::traits::iterator::Iterator>::next
FN:281,<conjure_core::solver::Solver<_>>::load_model
FN:136,<<conjure_core::solver::SolverFamily as serde::de::Deserialize>::deserialize::__Field as serde::de::Deserialize>::deserialize::<_>
FN:136,<<conjure_core::solver::SolverFamily as serde::de::Deserialize>::deserialize::__Field as serde::de::Deserialize>::deserialize::<_>
FN:325,<conjure_core::solver::Solver<_, conjure_core::solver::states::ModelLoaded>>::solve_mut
FN:275,<conjure_core::solver::Solver<_>>::get_family
FN:223,<_ as conjure_core::solver::SolverAdaptor>::init_solver
FN:223,<_ as conjure_core::solver::SolverAdaptor>::init_solver
FNDA:1,<conjure_core::solver::Solver<conjure_core::solver::adaptors::minion::Minion, conjure_core::solver::states::ExecutionSuccess>>::stats
FNDA:0,<conjure_core::solver::Solver<_, conjure_core::solver::states::ExecutionSuccess>>::wall_time_s
FNDA:1,<conjure_core::solver::Solver<conjure_core::solver::adaptors::minion::Minion, conjure_core::solver::states::ExecutionSuccess>>::save_stats_to_context
FNDA:0,<conjure_core::solver::SolverFamilyIter as core::fmt::Debug>::fmt
FNDA:0,<<conjure_core::solver::SolverFamily as serde::de::Deserialize>::deserialize::__Visitor as serde::de::Visitor>::visit_enum::<_>
FNDA:1,<conjure_core::solver::adaptors::minion::Minion as conjure_core::solver::SolverAdaptor>::add_adaptor_info_to_stats
FNDA:0,<conjure_core::solver::Solver<_, conjure_core::solver::states::ModelLoaded>>::solve
FNDA:0,<conjure_core::solver::Solver<_, conjure_core::solver::states::ExecutionSuccess>>::wall_time_s
FNDA:0,<_ as conjure_core::solver::SolverAdaptor>::get_name
FNDA:1,<conjure_core::solver::Solver<conjure_core::solver::adaptors::minion::Minion>>::new
FNDA:0,<conjure_core::solver::SolverFamilyIter as core::fmt::Debug>::fmt
FNDA:0,<conjure_core::solver::SolverFamily as core::convert::TryFrom<&str>>::try_from
FNDA:0,<conjure_core::solver::SolverFamilyIter as core::iter::traits::iterator::Iterator>::next
FNDA:0,<conjure_core::solver::SolverFamilyIter as core::iter::traits::exact_size::ExactSizeIterator>::len
FNDA:0,<conjure_core::solver::Solver<_, conjure_core::solver::states::ExecutionSuccess>>::save_stats_to_context
FNDA:0,<conjure_core::solver::Solver<_>>::load_model
FNDA:0,<_ as conjure_core::solver::SolverAdaptor>::get_name
FNDA:0,<<conjure_core::solver::SolverFamily as serde::de::Deserialize>::deserialize::__Visitor as serde::de::Visitor>::expecting
FNDA:1,<conjure_core::solver::adaptors::minion::Minion as conjure_core::solver::SolverAdaptor>::init_solver
FNDA:0,<conjure_core::solver::SolverFamily as strum::IntoEnumIterator>::iter
FNDA:0,<conjure_core::solver::Solver<_, conjure_core::solver::states::ExecutionSuccess>>::stats
FNDA:0,<conjure_core::solver::Solver<_, conjure_core::solver::states::ExecutionSuccess>>::stats
FNDA:0,<conjure_core::solver::Solver<_, conjure_core::solver::states::ExecutionSuccess>>::save_stats_to_context
FNDA:0,<<conjure_core::solver::SolverFamily as serde::de::Deserialize>::deserialize::__Visitor as serde::de::Visitor>::expecting
FNDA:1,<conjure_core::solver::Solver<conjure_core::solver::adaptors::minion::Minion, conjure_core::solver::states::ModelLoaded>>::solve
FNDA:0,<conjure_core::solver::Solver<_>>::new
FNDA:0,<conjure_core::solver::Solver<_>>::new
FNDA:0,<conjure_core::solver::SolverFamilyIter as core::clone::Clone>::clone
FNDA:1,<conjure_core::solver::Solver<conjure_core::solver::adaptors::minion::Minion>>::load_model
FNDA:0,<conjure_core::solver::SolverFamily as strum::IntoEnumIterator>::iter
FNDA:0,<conjure_core::solver::Solver<_, conjure_core::solver::states::ModelLoaded>>::solve_mut
FNDA:0,<<conjure_core::solver::SolverFamily as serde::de::Deserialize>::deserialize::__FieldVisitor as serde::de::Visitor>::expecting
FNDA:0,<conjure_core::solver::SolverFamilyIter as core::iter::traits::exact_size::ExactSizeIterator>::len
FNDA:0,<_ as conjure_core::solver::SolverAdaptor>::add_adaptor_info_to_stats
FNDA:0,<<conjure_core::solver::SolverFamily as serde::de::Deserialize>::deserialize::__FieldVisitor as serde::de::Visitor>::expecting
FNDA:0,<conjure_core::solver::SolverFamily as core::convert::TryFrom<&str>>::try_from
FNDA:0,<conjure_core::solver::Solver<_>>::get_family
FNDA:0,<conjure_core::solver::Solver<_, conjure_core::solver::states::ModelLoaded>>::solve
FNDA:0,<conjure_core::solver::SolverFamilyIter as core::clone::Clone>::clone
FNDA:0,<<conjure_core::solver::SolverFamily as serde::de::Deserialize>::deserialize::__Visitor as serde::de::Visitor>::visit_enum::<_>
FNDA:0,<_ as conjure_core::solver::SolverAdaptor>::add_adaptor_info_to_stats
FNDA:0,<conjure_core::solver::SolverFamilyIter as core::iter::traits::iterator::Iterator>::next
FNDA:0,<conjure_core::solver::Solver<_>>::load_model
FNDA:0,<<conjure_core::solver::SolverFamily as serde::de::Deserialize>::deserialize::__Field as serde::de::Deserialize>::deserialize::<_>
FNDA:0,<<conjure_core::solver::SolverFamily as serde::de::Deserialize>::deserialize::__Field as serde::de::Deserialize>::deserialize::<_>
FNDA:0,<conjure_core::solver::Solver<_, conjure_core::solver::states::ModelLoaded>>::solve_mut
FNDA:0,<conjure_core::solver::Solver<_>>::get_family
FNDA:0,<_ as conjure_core::solver::SolverAdaptor>::init_solver
FNDA:0,<_ as conjure_core::solver::SolverAdaptor>::init_solver
FNF:49
FNH:7
BRF:0
BRH:0
DA:127,0
DA:128,0
DA:136,0
DA:223,300
DA:229,0
DA:230,0
DA:231,0
DA:234,300
DA:235,300
DA:236,300
DA:237,300
DA:238,300
DA:239,300
DA:240,300
DA:264,300
DA:265,300
DA:266,300
DA:267,300
DA:268,300
DA:269,300
DA:270,300
DA:271,300
DA:272,300
DA:273,300
DA:275,0
DA:276,0
DA:277,0
DA:281,300
DA:282,300
DA:283,300
DA:284,300
DA:285,300
DA:286,300
DA:287,300
DA:288,300
DA:292,300
DA:293,300
DA:294,300
DA:295,300
DA:296,300
DA:297,300
DA:298,300
DA:299,300
DA:300,300
DA:301,300
DA:302,300
DA:303,300
DA:304,300
DA:305,300
DA:306,300
DA:307,300
DA:308,300
DA:309,300
DA:310,300
DA:311,300
DA:312,300
DA:313,300
DA:314,300
DA:315,300
DA:316,300
DA:317,300
DA:318,300
DA:319,300
DA:321,0
DA:323,300
DA:325,0
DA:326,0
DA:327,0
DA:328,0
DA:329,0
DA:330,0
DA:331,0
DA:332,0
DA:333,0
DA:334,0
DA:335,0
DA:336,0
DA:337,0
DA:338,0
DA:339,0
DA:340,0
DA:341,0
DA:342,0
DA:343,0
DA:344,0
DA:345,0
DA:346,0
DA:347,0
DA:348,0
DA:349,0
DA:350,0
DA:351,0
DA:352,0
DA:354,0
DA:356,0
DA:360,300
DA:361,300
DA:362,300
DA:365,300
DA:366,300
DA:367,300
DA:368,300
DA:369,300
DA:370,300
DA:371,300
DA:372,300
DA:373,300
DA:374,300
DA:375,300
DA:377,0
DA:378,0
DA:379,0
LF:112
LH:69
end_of_record
SF:crates/conjure_core/src/rules/normalisers/eq_neq.rs
FN:35,conjure_core::rules::normalisers::eq_neq::CONJURE_GEN_RULE_NEGATED_EQ_TO_NEQ::__typecheck::{closure#0}::{closure#0}
FN:36,conjure_core::rules::normalisers::eq_neq::negated_eq_to_neq
FN:35,conjure_core::rules::normalisers::eq_neq::CONJURE_GEN_RULE_NEGATED_EQ_TO_NEQ::__typecheck::{closure#0}::{closure#0}
FN:17,conjure_core::rules::normalisers::eq_neq::CONJURE_GEN_RULE_NEGATED_NEQ_TO_EQ::__typecheck::{closure#0}::{closure#0}
FN:18,conjure_core::rules::normalisers::eq_neq::negated_neq_to_eq
FN:36,conjure_core::rules::normalisers::eq_neq::negated_eq_to_neq
FN:17,conjure_core::rules::normalisers::eq_neq::CONJURE_GEN_RULE_NEGATED_NEQ_TO_EQ::__typecheck::{closure#0}::{closure#0}
FN:18,conjure_core::rules::normalisers::eq_neq::negated_neq_to_eq
FNDA:0,conjure_core::rules::normalisers::eq_neq::CONJURE_GEN_RULE_NEGATED_EQ_TO_NEQ::__typecheck::{closure#0}::{closure#0}
FNDA:0,conjure_core::rules::normalisers::eq_neq::negated_eq_to_neq
FNDA:0,conjure_core::rules::normalisers::eq_neq::CONJURE_GEN_RULE_NEGATED_EQ_TO_NEQ::__typecheck::{closure#0}::{closure#0}
FNDA:0,conjure_core::rules::normalisers::eq_neq::CONJURE_GEN_RULE_NEGATED_NEQ_TO_EQ::__typecheck::{closure#0}::{closure#0}
FNDA:0,conjure_core::rules::normalisers::eq_neq::negated_neq_to_eq
FNDA:1,conjure_core::rules::normalisers::eq_neq::negated_eq_to_neq
FNDA:0,conjure_core::rules::normalisers::eq_neq::CONJURE_GEN_RULE_NEGATED_NEQ_TO_EQ::__typecheck::{closure#0}::{closure#0}
FNDA:1,conjure_core::rules::normalisers::eq_neq::negated_neq_to_eq
FNF:8
FNH:2
BRF:0
BRH:0
DA:18,25119
DA:19,25119
DA:20,459
DA:21,126
DA:22,126
DA:24,333
DA:26,24660
DA:28,25119
DA:36,25119
DA:37,25119
DA:38,459
DA:39,108
DA:40,54
DA:42,405
DA:44,24660
DA:46,25119
LF:16
LH:16
end_of_record
SF:conjure_oxide/src/main.rs
FN:37,<conjure_oxide::Cli as clap_builder::derive::FromArgMatches>::update_from_arg_matches_mut::{closure#0}
FN:88,<conjure_oxide::Cli as clap_builder::derive::FromArgMatches>::update_from_arg_matches_mut::{closure#5}
FN:37,<conjure_oxide::Cli as clap_builder::derive::FromArgMatches>::update_from_arg_matches_mut::{closure#0}
FN:83,<conjure_oxide::Cli as clap_builder::derive::FromArgMatches>::from_arg_matches_mut::{closure#4}
FN:37,<conjure_oxide::Cli as clap_builder::derive::FromArgMatches>::from_arg_matches_mut::{closure#0}
FN:83,<conjure_oxide::Cli as clap_builder::derive::FromArgMatches>::update_from_arg_matches_mut::{closure#4}
FN:57,<conjure_oxide::Cli as clap_builder::derive::Args>::augment_args::{closure#0}
FN:44,<conjure_oxide::Cli as clap_builder::derive::FromArgMatches>::update_from_arg_matches_mut::{closure#1}
FN:61,<conjure_oxide::Cli as clap_builder::derive::FromArgMatches>::update_from_arg_matches_mut::{closure#2}
FN:81,<conjure_oxide::Cli as clap_builder::derive::Args>::augment_args_for_update::{closure#2}
FN:81,<conjure_oxide::Cli as clap_builder::derive::Args>::augment_args_for_update::{closure#2}
FN:215,conjure_oxide::main::{closure#2}
FN:317,conjure_oxide::tests::test_get_example_model_by_filepath
FN:37,<conjure_oxide::Cli as clap_builder::derive::FromArgMatches>::from_arg_matches_mut::{closure#0}
FN:44,<conjure_oxide::Cli as clap_builder::derive::FromArgMatches>::update_from_arg_matches_mut::{closure#1}
FN:68,<conjure_oxide::Cli as clap_builder::derive::FromArgMatches>::from_arg_matches_mut::{closure#3}
FN:83,<conjure_oxide::Cli as clap_builder::derive::FromArgMatches>::update_from_arg_matches_mut::{closure#4}
FN:88,<conjure_oxide::Cli as clap_builder::derive::FromArgMatches>::update_from_arg_matches_mut::{closure#5}
FN:329,conjure_oxide::tests::test_get_example_model_fail_empty_filepath
FN:68,<conjure_oxide::Cli as clap_builder::derive::FromArgMatches>::from_arg_matches_mut::{closure#3}
FN:81,<conjure_oxide::Cli as clap_builder::derive::Args>::augment_args::{closure#2}
FN:57,<conjure_oxide::Cli as clap_builder::derive::Args>::augment_args_for_update::{closure#0}
FN:68,<conjure_oxide::Cli as clap_builder::derive::FromArgMatches>::update_from_arg_matches_mut::{closure#3}
FN:215,conjure_oxide::main::{closure#2}
FN:92,conjure_oxide::main
FN:57,<conjure_oxide::Cli as clap_builder::derive::Args>::augment_args_for_update::{closure#0}
FN:229,conjure_oxide::main::{closure#1}
FN:61,<conjure_oxide::Cli as clap_builder::derive::FromArgMatches>::from_arg_matches_mut::{closure#2}
FN:323,conjure_oxide::tests::test_get_example_model_fail_empty_filename
FN:65,<conjure_oxide::Cli as clap_builder::derive::Args>::augment_args::{closure#1}
FN:88,<conjure_oxide::Cli as clap_builder::derive::FromArgMatches>::from_arg_matches_mut::{closure#5}
FN:44,<conjure_oxide::Cli as clap_builder::derive::FromArgMatches>::from_arg_matches_mut::{closure#1}
FN:61,<conjure_oxide::Cli as clap_builder::derive::FromArgMatches>::from_arg_matches_mut::{closure#2}
FN:81,<conjure_oxide::Cli as clap_builder::derive::Args>::augment_args::{closure#2}
FN:65,<conjure_oxide::Cli as clap_builder::derive::Args>::augment_args::{closure#1}
FN:61,<conjure_oxide::Cli as clap_builder::derive::FromArgMatches>::update_from_arg_matches_mut::{closure#2}
FN:311,conjure_oxide::tests::test_get_example_model_success
FN:57,<conjure_oxide::Cli as clap_builder::derive::Args>::augment_args::{closure#0}
FN:44,<conjure_oxide::Cli as clap_builder::derive::FromArgMatches>::from_arg_matches_mut::{closure#1}
FN:65,<conjure_oxide::Cli as clap_builder::derive::Args>::augment_args_for_update::{closure#1}
FN:68,<conjure_oxide::Cli as clap_builder::derive::FromArgMatches>::update_from_arg_matches_mut::{closure#3}
FN:65,<conjure_oxide::Cli as clap_builder::derive::Args>::augment_args_for_update::{closure#1}
FN:88,<conjure_oxide::Cli as clap_builder::derive::FromArgMatches>::from_arg_matches_mut::{closure#5}
FN:198,conjure_oxide::main::{closure#0}
FN:198,conjure_oxide::main::{closure#0}
FN:83,<conjure_oxide::Cli as clap_builder::derive::FromArgMatches>::from_arg_matches_mut::{closure#4}
FN:92,conjure_oxide::main
FN:229,conjure_oxide::main::{closure#1}
FNDA:0,<conjure_oxide::Cli as clap_builder::derive::FromArgMatches>::update_from_arg_matches_mut::{closure#0}
FNDA:0,<conjure_oxide::Cli as clap_builder::derive::FromArgMatches>::update_from_arg_matches_mut::{closure#5}
FNDA:0,<conjure_oxide::Cli as clap_builder::derive::FromArgMatches>::update_from_arg_matches_mut::{closure#0}
FNDA:0,<conjure_oxide::Cli as clap_builder::derive::FromArgMatches>::from_arg_matches_mut::{closure#4}
FNDA:0,<conjure_oxide::Cli as clap_builder::derive::FromArgMatches>::from_arg_matches_mut::{closure#0}
FNDA:0,<conjure_oxide::Cli as clap_builder::derive::FromArgMatches>::update_from_arg_matches_mut::{closure#4}
FNDA:0,<conjure_oxide::Cli as clap_builder::derive::Args>::augment_args::{closure#0}
FNDA:0,<conjure_oxide::Cli as clap_builder::derive::FromArgMatches>::update_from_arg_matches_mut::{closure#1}
FNDA:0,<conjure_oxide::Cli as clap_builder::derive::FromArgMatches>::update_from_arg_matches_mut::{closure#2}
FNDA:0,<conjure_oxide::Cli as clap_builder::derive::Args>::augment_args_for_update::{closure#2}
FNDA:0,<conjure_oxide::Cli as clap_builder::derive::Args>::augment_args_for_update::{closure#2}
FNDA:0,conjure_oxide::main::{closure#2}
FNDA:1,conjure_oxide::tests::test_get_example_model_by_filepath
FNDA:0,<conjure_oxide::Cli as clap_builder::derive::FromArgMatches>::from_arg_matches_mut::{closure#0}
FNDA:0,<conjure_oxide::Cli as clap_builder::derive::FromArgMatches>::update_from_arg_matches_mut::{closure#1}
FNDA:0,<conjure_oxide::Cli as clap_builder::derive::FromArgMatches>::from_arg_matches_mut::{closure#3}
FNDA:0,<conjure_oxide::Cli as clap_builder::derive::FromArgMatches>::update_from_arg_matches_mut::{closure#4}
FNDA:0,<conjure_oxide::Cli as clap_builder::derive::FromArgMatches>::update_from_arg_matches_mut::{closure#5}
FNDA:1,conjure_oxide::tests::test_get_example_model_fail_empty_filepath
FNDA:0,<conjure_oxide::Cli as clap_builder::derive::FromArgMatches>::from_arg_matches_mut::{closure#3}
FNDA:0,<conjure_oxide::Cli as clap_builder::derive::Args>::augment_args::{closure#2}
FNDA:0,<conjure_oxide::Cli as clap_builder::derive::Args>::augment_args_for_update::{closure#0}
FNDA:0,<conjure_oxide::Cli as clap_builder::derive::FromArgMatches>::update_from_arg_matches_mut::{closure#3}
FNDA:0,conjure_oxide::main::{closure#2}
FNDA:0,conjure_oxide::main
FNDA:0,<conjure_oxide::Cli as clap_builder::derive::Args>::augment_args_for_update::{closure#0}
FNDA:0,conjure_oxide::main::{closure#1}
FNDA:0,<conjure_oxide::Cli as clap_builder::derive::FromArgMatches>::from_arg_matches_mut::{closure#2}
FNDA:1,conjure_oxide::tests::test_get_example_model_fail_empty_filename
FNDA:0,<conjure_oxide::Cli as clap_builder::derive::Args>::augment_args::{closure#1}
FNDA:0,<conjure_oxide::Cli as clap_builder::derive::FromArgMatches>::from_arg_matches_mut::{closure#5}
FNDA:0,<conjure_oxide::Cli as clap_builder::derive::FromArgMatches>::from_arg_matches_mut::{closure#1}
FNDA:0,<conjure_oxide::Cli as clap_builder::derive::FromArgMatches>::from_arg_matches_mut::{closure#2}
FNDA:0,<conjure_oxide::Cli as clap_builder::derive::Args>::augment_args::{closure#2}
FNDA:0,<conjure_oxide::Cli as clap_builder::derive::Args>::augment_args::{closure#1}
FNDA:0,<conjure_oxide::Cli as clap_builder::derive::FromArgMatches>::update_from_arg_matches_mut::{closure#2}
FNDA:1,conjure_oxide::tests::test_get_example_model_success
FNDA:0,<conjure_oxide::Cli as clap_builder::derive::Args>::augment_args::{closure#0}
FNDA:0,<conjure_oxide::Cli as clap_builder::derive::FromArgMatches>::from_arg_matches_mut::{closure#1}
FNDA:0,<conjure_oxide::Cli as clap_builder::derive::Args>::augment_args_for_update::{closure#1}
FNDA:0,<conjure_oxide::Cli as clap_builder::derive::FromArgMatches>::update_from_arg_matches_mut::{closure#3}
FNDA:0,<conjure_oxide::Cli as clap_builder::derive::Args>::augment_args_for_update::{closure#1}
FNDA:0,<conjure_oxide::Cli as clap_builder::derive::FromArgMatches>::from_arg_matches_mut::{closure#5}
FNDA:0,conjure_oxide::main::{closure#0}
FNDA:0,conjure_oxide::main::{closure#0}
FNDA:0,<conjure_oxide::Cli as clap_builder::derive::FromArgMatches>::from_arg_matches_mut::{closure#4}
FNDA:0,conjure_oxide::main
FNDA:0,conjure_oxide::main::{closure#1}
FNF:48
FNH:4
BRF:0
BRH:0
DA:37,0
DA:44,0
DA:57,0
DA:61,0
DA:65,0
DA:68,0
DA:81,0
DA:83,0
DA:88,0
DA:92,0
DA:93,0
DA:94,0
DA:95,0
DA:96,0
DA:97,0
DA:98,0
DA:99,0
DA:100,0
DA:101,0
DA:102,0
DA:103,0
DA:104,0
DA:106,0
DA:107,0
DA:108,0
DA:109,0
DA:110,0
DA:111,0
DA:112,0
DA:113,0
DA:125,0
DA:126,0
DA:127,0
DA:128,0
DA:130,0
DA:131,0
DA:132,0
DA:133,0
DA:137,0
DA:138,0
DA:139,0
DA:140,0
DA:141,0
DA:142,0
DA:143,0
DA:144,0
DA:145,0
DA:146,0
DA:148,0
DA:149,0
DA:151,0
DA:154,0
DA:155,0
DA:156,0
DA:158,0
DA:159,0
DA:160,0
DA:161,0
DA:162,0
DA:163,0
DA:164,0
DA:165,0
DA:167,0
DA:168,0
DA:169,0
DA:170,0
DA:171,0
DA:172,0
DA:173,0
DA:177,0
DA:178,0
DA:179,0
DA:180,0
DA:181,0
DA:182,0
DA:183,0
DA:184,0
DA:185,0
DA:186,0
DA:188,0
DA:189,0
DA:190,0
DA:191,0
DA:192,0
DA:196,0
DA:197,0
DA:198,0
DA:199,0
DA:200,0
DA:201,0
DA:202,0
DA:203,0
DA:204,0
DA:205,0
DA:209,0
DA:210,0
DA:211,0
DA:212,0
DA:213,0
DA:214,0
DA:215,0
DA:216,0
DA:217,0
DA:219,0
DA:220,0
DA:221,0
DA:222,0
DA:228,0
DA:229,0
DA:231,0
DA:232,0
DA:233,0
DA:234,0
DA:235,0
DA:236,0
DA:238,0
DA:239,0
DA:240,0
DA:241,0
DA:243,0
DA:245,0
DA:246,0
DA:247,0
DA:248,0
DA:249,0
DA:250,0
DA:251,0
DA:252,0
DA:253,0
DA:254,0
DA:255,0
DA:257,0
DA:260,0
DA:262,0
DA:264,0
DA:266,0
DA:267,0
DA:268,0
DA:270,0
DA:271,0
DA:274,0
DA:275,0
DA:277,0
DA:278,0
DA:280,0
DA:281,0
DA:282,0
DA:283,0
DA:284,0
DA:285,0
DA:286,0
DA:287,0
DA:288,0
DA:289,0
DA:290,0
DA:291,0
DA:296,0
DA:298,0
DA:299,0
DA:300,0
DA:301,0
DA:302,0
DA:303,0
DA:304,0
DA:311,1
DA:312,1
DA:313,1
DA:314,1
DA:317,1
DA:318,1
DA:319,1
DA:320,1
DA:323,1
DA:324,1
DA:325,1
DA:326,1
DA:329,1
DA:330,1
DA:331,1
DA:332,1
LF:180
LH:16
end_of_record
SF:crates/tree_morph/tests/lambda_calc.rs
FN:59,lambda_calc::fresh
FN:123,lambda_calc::test_nested_application
FN:180,lambda_calc::test_complex_expression
FN:138,lambda_calc::test_capture_avoiding_substitution
FN:64,lambda_calc::subst
FN:150,lambda_calc::test_double_reduction
FN:105,lambda_calc::transform_beta_reduce::{closure#0}
FN:17,<lambda_calc::Expr>::free_vars
FN:93,lambda_calc::beta_reduce
FN:102,lambda_calc::transform_beta_reduce
FN:37,<lambda_calc::Expr>::vars
FN:111,lambda_calc::test_simple_application
FN:162,lambda_calc::test_id
FN:171,lambda_calc::test_no_reduction
FNDA:0,lambda_calc::fresh
FNDA:0,lambda_calc::test_nested_application
FNDA:0,lambda_calc::test_complex_expression
FNDA:0,lambda_calc::test_capture_avoiding_substitution
FNDA:0,lambda_calc::subst
FNDA:0,lambda_calc::test_double_reduction
FNDA:0,lambda_calc::transform_beta_reduce::{closure#0}
FNDA:0,<lambda_calc::Expr>::free_vars
FNDA:0,lambda_calc::beta_reduce
FNDA:0,lambda_calc::transform_beta_reduce
FNDA:0,<lambda_calc::Expr>::vars
FNDA:0,lambda_calc::test_simple_application
FNDA:0,lambda_calc::test_id
FNDA:0,lambda_calc::test_no_reduction
FNF:14
FNH:0
BRF:0
BRH:0
DA:17,0
DA:18,0
DA:19,0
DA:20,0
DA:21,0
DA:22,0
DA:24,0
DA:25,0
DA:26,0
DA:27,0
DA:29,0
DA:30,0
DA:31,0
DA:32,0
DA:35,0
DA:37,0
DA:38,0
DA:39,0
DA:40,0
DA:41,0
DA:42,0
DA:44,0
DA:45,0
DA:46,0
DA:47,0
DA:49,0
DA:50,0
DA:51,0
DA:52,0
DA:55,0
DA:59,0
DA:60,0
DA:61,0
DA:64,0
DA:65,0
DA:66,0
DA:67,0
DA:68,0
DA:69,0
DA:70,0
DA:71,0
DA:72,0
DA:74,0
DA:77,0
DA:78,0
DA:79,0
DA:80,0
DA:81,0
DA:82,0
DA:84,0
DA:85,0
DA:86,0
DA:90,0
DA:93,0
DA:94,0
DA:95,0
DA:96,0
DA:97,0
DA:98,0
DA:99,0
DA:100,0
DA:102,0
DA:103,0
DA:104,0
DA:105,0
DA:106,0
DA:107,0
DA:108,0
DA:111,0
DA:112,0
DA:113,0
DA:114,0
DA:115,0
DA:116,0
DA:117,0
DA:118,0
DA:119,0
DA:120,0
DA:123,0
DA:124,0
DA:125,0
DA:126,0
DA:127,0
DA:128,0
DA:129,0
DA:130,0
DA:131,0
DA:132,0
DA:133,0
DA:134,0
DA:135,0
DA:138,0
DA:139,0
DA:140,0
DA:141,0
DA:142,0
DA:143,0
DA:144,0
DA:145,0
DA:146,0
DA:147,0
DA:150,0
DA:151,0
DA:152,0
DA:153,0
DA:154,0
DA:155,0
DA:156,0
DA:157,0
DA:158,0
DA:159,0
DA:162,0
DA:163,0
DA:164,0
DA:165,0
DA:166,0
DA:167,0
DA:168,0
DA:171,0
DA:172,0
DA:173,0
DA:174,0
DA:175,0
DA:176,0
DA:177,0
DA:180,0
DA:181,0
DA:182,0
DA:183,0
DA:184,0
DA:185,0
DA:186,0
DA:187,0
DA:188,0
DA:189,0
DA:190,0
DA:191,0
DA:192,0
DA:193,0
DA:194,0
DA:195,0
DA:196,0
DA:197,0
DA:198,0
LF:144
LH:0
end_of_record
SF:conjure_oxide/src/utils/json.rs
FN:68,conjure_oxide::utils::json::sort_json_object::{closure#2}
FN:68,conjure_oxide::utils::json::sort_json_object::{closure#2}
FN:32,conjure_oxide::utils::json::sort_json_variables
FN:62,conjure_oxide::utils::json::sort_json_object::{closure#1}
FN:48,conjure_oxide::utils::json::sort_json_object
FN:62,conjure_oxide::utils::json::sort_json_object::{closure#1}
FN:7,conjure_oxide::utils::json::json_value_cmp
FN:7,conjure_oxide::utils::json::json_value_cmp
FN:32,conjure_oxide::utils::json::sort_json_variables
FN:48,conjure_oxide::utils::json::sort_json_object
FN:53,conjure_oxide::utils::json::sort_json_object::{closure#0}
FN:53,conjure_oxide::utils::json::sort_json_object::{closure#0}
FNDA:1,conjure_oxide::utils::json::sort_json_object::{closure#2}
FNDA:0,conjure_oxide::utils::json::sort_json_object::{closure#2}
FNDA:1,conjure_oxide::utils::json::sort_json_variables
FNDA:0,conjure_oxide::utils::json::sort_json_object::{closure#1}
FNDA:1,conjure_oxide::utils::json::sort_json_object
FNDA:1,conjure_oxide::utils::json::sort_json_object::{closure#1}
FNDA:1,conjure_oxide::utils::json::json_value_cmp
FNDA:0,conjure_oxide::utils::json::json_value_cmp
FNDA:0,conjure_oxide::utils::json::sort_json_variables
FNDA:0,conjure_oxide::utils::json::sort_json_object
FNDA:1,conjure_oxide::utils::json::sort_json_object::{closure#0}
FNDA:0,conjure_oxide::utils::json::sort_json_object::{closure#0}
FNF:12
FNH:6
BRF:0
BRH:0
DA:7,59676
DA:8,59676
DA:9,0
DA:10,0
DA:11,0
DA:12,0
DA:13,0
DA:14,0
DA:15,0
DA:17,1920
DA:18,1920
DA:19,1920
DA:20,1920
DA:21,1920
DA:22,0
DA:24,0
DA:26,57756
DA:28,59676
DA:32,930
DA:33,930
DA:34,930
DA:35,930
DA:36,930
DA:37,930
DA:39,0
DA:41,930
DA:48,109524
DA:49,109524
DA:50,34896
DA:51,34896
DA:52,34896
DA:53,79086
DA:54,79086
DA:55,930
DA:57,78156
DA:59,79086
DA:60,34896
DA:61,34896
DA:62,83544
DA:63,34896
DA:65,9594
DA:66,9594
DA:67,9594
DA:68,29850
DA:69,9594
DA:70,9594
DA:71,9594
DA:72,444
DA:73,9150
DA:75,9594
DA:77,65034
DA:79,109524
LF:52
LH:42
end_of_record
SF:crates/conjure_core/src/rule_engine/rewrite_naive.rs
FN:95,conjure_core::rule_engine::rewrite_naive::rewrite_naive::{closure#2}
FN:90,conjure_core::rule_engine::rewrite_naive::rewrite_naive::{closure#1}
FN:35,conjure_core::rule_engine::rewrite_naive::rewrite_naive::{closure#0}
FN:35,conjure_core::rule_engine::rewrite_naive::rewrite_naive::{closure#0}
FN:95,conjure_core::rule_engine::rewrite_naive::rewrite_naive::{closure#2}
FN:26,conjure_core::rule_engine::rewrite_naive::rewrite_naive
FN:90,conjure_core::rule_engine::rewrite_naive::rewrite_naive::{closure#1}
FN:26,conjure_core::rule_engine::rewrite_naive::rewrite_naive
FNDA:1,conjure_core::rule_engine::rewrite_naive::rewrite_naive::{closure#2}
FNDA:0,conjure_core::rule_engine::rewrite_naive::rewrite_naive::{closure#1}
FNDA:0,conjure_core::rule_engine::rewrite_naive::rewrite_naive::{closure#0}
FNDA:0,conjure_core::rule_engine::rewrite_naive::rewrite_naive::{closure#0}
FNDA:0,conjure_core::rule_engine::rewrite_naive::rewrite_naive::{closure#2}
FNDA:1,conjure_core::rule_engine::rewrite_naive::rewrite_naive
FNDA:1,conjure_core::rule_engine::rewrite_naive::rewrite_naive::{closure#1}
FNDA:0,conjure_core::rule_engine::rewrite_naive::rewrite_naive
FNF:8
FNH:3
BRF:0
BRH:0
DA:26,477
DA:27,477
DA:28,477
DA:29,477
DA:30,477
DA:31,477
DA:32,477
DA:33,477
DA:34,477
DA:36,477
DA:47,477
DA:51,3078
DA:52,3078
DA:53,3078
DA:54,3078
DA:55,3078
DA:57,65016
DA:58,64539
DA:59,64539
DA:60,64539
DA:61,2601
DA:62,61938
DA:64,669024
DA:65,669024
DA:66,663606
DA:67,0
DA:72,663606
DA:75,5418
DA:76,5418
DA:81,3078
DA:82,459
DA:83,2619
DA:84,2619
DA:85,2619
DA:86,2619
DA:87,2619
DA:88,2619
DA:89,2619
DA:90,2799
DA:91,2619
DA:92,2619
DA:93,2619
DA:94,18
DA:95,45
DA:96,18
DA:98,2601
DA:99,2601
DA:100,2601
DA:101,2601
DA:102,2601
DA:103,2601
DA:104,2601
DA:105,2601
DA:106,2601
DA:108,459
DA:109,459
LF:56
LH:55
end_of_record
SF:crates/conjure_core/src/ast/atom.rs
FN:20,<conjure_core::ast::atom::Atom as core::fmt::Display>::fmt
FN:8,<<conjure_core::ast::atom::Atom as serde::de::Deserialize>::deserialize::__Visitor as serde::de::Visitor>::visit_enum::<_>
FN:8,<<conjure_core::ast::atom::Atom as serde::de::Deserialize>::deserialize::__FieldVisitor as serde::de::Visitor>::expecting
FN:8,<<conjure_core::ast::atom::Atom as serde::de::Deserialize>::deserialize::__Visitor as serde::de::Visitor>::visit_enum::<_>
FN:8,<<conjure_core::ast::atom::Atom as serde::de::Deserialize>::deserialize::__Field as serde::de::Deserialize>::deserialize::<_>
FN:8,<<conjure_core::ast::atom::Atom as serde::de::Deserialize>::deserialize::__Visitor as serde::de::Visitor>::visit_enum::<serde_json::de::UnitVariantAccess<serde_json::read::StrRead>>
FN:20,<conjure_core::ast::atom::Atom as core::fmt::Display>::fmt
FN:8,<<conjure_core::ast::atom::Atom as serde::de::Deserialize>::deserialize::__Visitor as serde::de::Visitor>::expecting
FN:35,<conjure_core::ast::atom::Atom as core::convert::From<conjure_core::ast::symbol_table::Name>>::from
FN:8,<<conjure_core::ast::atom::Atom as serde::de::Deserialize>::deserialize::__Field as serde::de::Deserialize>::deserialize::<&mut serde_json::de::Deserializer<serde_json::read::StrRead>>
FN:35,<conjure_core::ast::atom::Atom as core::convert::From<conjure_core::ast::symbol_table::Name>>::from
FN:8,<<conjure_core::ast::atom::Atom as serde::de::Deserialize>::deserialize::__Field as serde::de::Deserialize>::deserialize::<_>
FN:8,<<conjure_core::ast::atom::Atom as serde::de::Deserialize>::deserialize::__Visitor as serde::de::Visitor>::visit_enum::<serde_json::de::VariantAccess<serde_json::read::StrRead>>
FN:8,<<conjure_core::ast::atom::Atom as serde::de::Deserialize>::deserialize::__FieldVisitor as serde::de::Visitor>::expecting
FN:29,<conjure_core::ast::atom::Atom as core::convert::From<conjure_core::ast::literals::Literal>>::from
FN:29,<conjure_core::ast::atom::Atom as core::convert::From<conjure_core::ast::literals::Literal>>::from
FN:8,<<conjure_core::ast::atom::Atom as serde::de::Deserialize>::deserialize::__Visitor as serde::de::Visitor>::expecting
FNDA:0,<conjure_core::ast::atom::Atom as core::fmt::Display>::fmt
FNDA:0,<<conjure_core::ast::atom::Atom as serde::de::Deserialize>::deserialize::__Visitor as serde::de::Visitor>::visit_enum::<_>
FNDA:0,<<conjure_core::ast::atom::Atom as serde::de::Deserialize>::deserialize::__FieldVisitor as serde::de::Visitor>::expecting
FNDA:0,<<conjure_core::ast::atom::Atom as serde::de::Deserialize>::deserialize::__Visitor as serde::de::Visitor>::visit_enum::<_>
FNDA:0,<<conjure_core::ast::atom::Atom as serde::de::Deserialize>::deserialize::__Field as serde::de::Deserialize>::deserialize::<_>
FNDA:0,<<conjure_core::ast::atom::Atom as serde::de::Deserialize>::deserialize::__Visitor as serde::de::Visitor>::visit_enum::<serde_json::de::UnitVariantAccess<serde_json::read::StrRead>>
FNDA:1,<conjure_core::ast::atom::Atom as core::fmt::Display>::fmt
FNDA:0,<<conjure_core::ast::atom::Atom as serde::de::Deserialize>::deserialize::__Visitor as serde::de::Visitor>::expecting
FNDA:0,<conjure_core::ast::atom::Atom as core::convert::From<conjure_core::ast::symbol_table::Name>>::from
FNDA:1,<<conjure_core::ast::atom::Atom as serde::de::Deserialize>::deserialize::__Field as serde::de::Deserialize>::deserialize::<&mut serde_json::de::Deserializer<serde_json::read::StrRead>>
FNDA:1,<conjure_core::ast::atom::Atom as core::convert::From<conjure_core::ast::symbol_table::Name>>::from
FNDA:0,<<conjure_core::ast::atom::Atom as serde::de::Deserialize>::deserialize::__Field as serde::de::Deserialize>::deserialize::<_>
FNDA:0,<<conjure_core::ast::atom::Atom as serde::de::Deserialize>::deserialize::__Visitor as serde::de::Visitor>::visit_enum::<serde_json::de::VariantAccess<serde_json::read::StrRead>>
FNDA:0,<<conjure_core::ast::atom::Atom as serde::de::Deserialize>::deserialize::__FieldVisitor as serde::de::Visitor>::expecting
FNDA:0,<conjure_core::ast::atom::Atom as core::convert::From<conjure_core::ast::literals::Literal>>::from
FNDA:0,<conjure_core::ast::atom::Atom as core::convert::From<conjure_core::ast::literals::Literal>>::from
FNDA:0,<<conjure_core::ast::atom::Atom as serde::de::Deserialize>::deserialize::__Visitor as serde::de::Visitor>::expecting
FNF:17
FNH:3
BRF:0
BRH:0
DA:8,4668
DA:20,19458
DA:21,19458
DA:22,5670
DA:23,13788
DA:25,19458
DA:29,0
DA:30,0
DA:31,0
DA:35,684
DA:36,684
DA:37,684
LF:12
LH:9
end_of_record
SF:solvers/kissat/src/lib.rs
FN:3,kissat_rs::test1
FNDA:0,kissat_rs::test1
FNF:1
FNH:0
BRF:0
BRH:0
DA:3,0
DA:8,0
DA:9,0
DA:10,0
DA:11,0
DA:12,0
DA:13,0
DA:14,0
DA:15,0
DA:18,0
DA:19,0
DA:20,0
DA:21,0
DA:22,0
DA:25,0
DA:26,0
DA:27,0
DA:28,0
DA:29,0
DA:30,0
DA:31,0
LF:21
LH:0
end_of_record
SF:crates/enum_compatability_macro/src/lib.rs
FN:38,<enum_compatability_macro::RemoveCompatibleAttrs as syn::gen::visit_mut::VisitMut>::visit_variant_mut
FN:131,enum_compatability_macro::document_compatibility
FN:38,<enum_compatability_macro::RemoveCompatibleAttrs as syn::gen::visit_mut::VisitMut>::visit_variant_mut
FN:38,<enum_compatability_macro::RemoveCompatibleAttrs as syn::gen::visit_mut::VisitMut>::visit_variant_mut
FN:66,<enum_compatability_macro::RemoveCompatibleAttrs as syn::gen::visit_mut::VisitMut>::visit_variant_mut::{closure#0}
FN:131,enum_compatability_macro::document_compatibility
FN:131,enum_compatability_macro::document_compatibility
FN:181,enum_compatability_macro::document_compatibility::{closure#0}
FN:66,<enum_compatability_macro::RemoveCompatibleAttrs as syn::gen::visit_mut::VisitMut>::visit_variant_mut::{closure#0}
FN:66,<enum_compatability_macro::RemoveCompatibleAttrs as syn::gen::visit_mut::VisitMut>::visit_variant_mut::{closure#0}
FN:181,enum_compatability_macro::document_compatibility::{closure#0}
FN:181,enum_compatability_macro::document_compatibility::{closure#0}
FNDA:0,<enum_compatability_macro::RemoveCompatibleAttrs as syn::gen::visit_mut::VisitMut>::visit_variant_mut
FNDA:0,enum_compatability_macro::document_compatibility
FNDA:0,<enum_compatability_macro::RemoveCompatibleAttrs as syn::gen::visit_mut::VisitMut>::visit_variant_mut
FNDA:1,<enum_compatability_macro::RemoveCompatibleAttrs as syn::gen::visit_mut::VisitMut>::visit_variant_mut
FNDA:1,<enum_compatability_macro::RemoveCompatibleAttrs as syn::gen::visit_mut::VisitMut>::visit_variant_mut::{closure#0}
FNDA:1,enum_compatability_macro::document_compatibility
FNDA:0,enum_compatability_macro::document_compatibility
FNDA:0,enum_compatability_macro::document_compatibility::{closure#0}
FNDA:0,<enum_compatability_macro::RemoveCompatibleAttrs as syn::gen::visit_mut::VisitMut>::visit_variant_mut::{closure#0}
FNDA:0,<enum_compatability_macro::RemoveCompatibleAttrs as syn::gen::visit_mut::VisitMut>::visit_variant_mut::{closure#0}
FNDA:1,enum_compatability_macro::document_compatibility::{closure#0}
FNDA:0,enum_compatability_macro::document_compatibility::{closure#0}
FNF:12
FNH:4
BRF:0
BRH:0
DA:38,150
DA:39,150
DA:40,150
DA:41,150
DA:42,150
DA:43,150
DA:44,150
DA:45,245
DA:46,245
DA:47,120
DA:48,125
DA:49,125
DA:50,125
DA:51,125
DA:52,270
DA:53,145
DA:54,145
DA:55,145
DA:56,145
DA:59,150
DA:60,125
DA:61,125
DA:62,125
DA:63,125
DA:64,125
DA:66,370
DA:67,150
DA:131,5
DA:133,5
DA:134,5
DA:137,150
DA:138,150
DA:139,245
DA:140,245
DA:141,120
DA:142,125
DA:143,125
DA:144,125
DA:145,125
DA:146,125
DA:147,270
DA:148,145
DA:149,145
DA:150,145
DA:151,15
DA:152,15
DA:153,15
DA:154,130
DA:155,130
DA:156,130
DA:164,5
DA:165,5
DA:166,5
DA:167,5
DA:168,5
DA:169,5
DA:170,5
DA:171,5
DA:172,15
DA:174,15
DA:177,145
DA:178,15
DA:179,15
DA:180,15
DA:181,145
DA:182,15
DA:183,145
DA:184,145
DA:185,145
DA:188,15
DA:191,5
DA:192,5
DA:193,5
DA:194,5
DA:195,5
DA:196,5
DA:197,5
LF:77
LH:77
end_of_record
SF:crates/tree_morph/src/commands.rs
FN:24,<tree_morph::commands::Commands<lambda_calc::Expr, u32>>::new
FN:38,<tree_morph::commands::Commands<lambda_calc::Expr, u32>>::mut_meta
FN:43,<tree_morph::commands::Commands<_, _>>::clear
FN:48,<tree_morph::commands::Commands<add_mul::Expr, add_mul::Meta>>::apply
FN:24,<tree_morph::commands::Commands<_, _>>::new
FN:32,<tree_morph::commands::Commands<_, _>>::transform
FN:38,<tree_morph::commands::Commands<_, _>>::mut_meta
FN:48,<tree_morph::commands::Commands<lambda_calc::Expr, u32>>::apply
FN:38,<tree_morph::commands::Commands<add_mul::Expr, add_mul::Meta>>::mut_meta
FN:48,<tree_morph::commands::Commands<_, _>>::apply
FN:24,<tree_morph::commands::Commands<add_mul::Expr, add_mul::Meta>>::new
FNDA:0,<tree_morph::commands::Commands<lambda_calc::Expr, u32>>::new
FNDA:0,<tree_morph::commands::Commands<lambda_calc::Expr, u32>>::mut_meta
FNDA:0,<tree_morph::commands::Commands<_, _>>::clear
FNDA:0,<tree_morph::commands::Commands<add_mul::Expr, add_mul::Meta>>::apply
FNDA:0,<tree_morph::commands::Commands<_, _>>::new
FNDA:0,<tree_morph::commands::Commands<_, _>>::transform
FNDA:0,<tree_morph::commands::Commands<_, _>>::mut_meta
FNDA:0,<tree_morph::commands::Commands<lambda_calc::Expr, u32>>::apply
FNDA:0,<tree_morph::commands::Commands<add_mul::Expr, add_mul::Meta>>::mut_meta
FNDA:0,<tree_morph::commands::Commands<_, _>>::apply
FNDA:0,<tree_morph::commands::Commands<add_mul::Expr, add_mul::Meta>>::new
FNF:11
FNH:0
BRF:0
BRH:0
DA:24,0
DA:25,0
DA:26,0
DA:27,0
DA:28,0
DA:32,0
DA:33,0
DA:34,0
DA:38,0
DA:39,0
DA:40,0
DA:43,0
DA:44,0
DA:45,0
DA:48,0
DA:49,0
DA:50,0
DA:51,0
DA:52,0
DA:55,0
DA:56,0
LF:21
LH:0
end_of_record
SF:crates/conjure_core/src/solver/adaptors/kissat.rs
FN:39,<conjure_core::solver::adaptors::kissat::Kissat as conjure_core::solver::SolverAdaptor>::solve
FN:47,<conjure_core::solver::adaptors::kissat::Kissat as conjure_core::solver::SolverAdaptor>::solve_mut
FN:24,<conjure_core::solver::adaptors::kissat::Kissat>::new
FN:55,<conjure_core::solver::adaptors::kissat::Kissat as conjure_core::solver::SolverAdaptor>::load_model
FN:24,<conjure_core::solver::adaptors::kissat::Kissat>::new
FN:47,<conjure_core::solver::adaptors::kissat::Kissat as conjure_core::solver::SolverAdaptor>::solve_mut
FN:55,<conjure_core::solver::adaptors::kissat::Kissat as conjure_core::solver::SolverAdaptor>::load_model
FN:39,<conjure_core::solver::adaptors::kissat::Kissat as conjure_core::solver::SolverAdaptor>::solve
FN:33,<conjure_core::solver::adaptors::kissat::Kissat as core::default::Default>::default
FN:60,<conjure_core::solver::adaptors::kissat::Kissat as conjure_core::solver::SolverAdaptor>::get_family
FN:60,<conjure_core::solver::adaptors::kissat::Kissat as conjure_core::solver::SolverAdaptor>::get_family
FN:33,<conjure_core::solver::adaptors::kissat::Kissat as core::default::Default>::default
FNDA:0,<conjure_core::solver::adaptors::kissat::Kissat as conjure_core::solver::SolverAdaptor>::solve
FNDA:0,<conjure_core::solver::adaptors::kissat::Kissat as conjure_core::solver::SolverAdaptor>::solve_mut
FNDA:0,<conjure_core::solver::adaptors::kissat::Kissat>::new
FNDA:0,<conjure_core::solver::adaptors::kissat::Kissat as conjure_core::solver::SolverAdaptor>::load_model
FNDA:0,<conjure_core::solver::adaptors::kissat::Kissat>::new
FNDA:0,<conjure_core::solver::adaptors::kissat::Kissat as conjure_core::solver::SolverAdaptor>::solve_mut
FNDA:0,<conjure_core::solver::adaptors::kissat::Kissat as conjure_core::solver::SolverAdaptor>::load_model
FNDA:0,<conjure_core::solver::adaptors::kissat::Kissat as conjure_core::solver::SolverAdaptor>::solve
FNDA:0,<conjure_core::solver::adaptors::kissat::Kissat as core::default::Default>::default
FNDA:0,<conjure_core::solver::adaptors::kissat::Kissat as conjure_core::solver::SolverAdaptor>::get_family
FNDA:0,<conjure_core::solver::adaptors::kissat::Kissat as conjure_core::solver::SolverAdaptor>::get_family
FNDA:0,<conjure_core::solver::adaptors::kissat::Kissat as core::default::Default>::default
FNF:12
FNH:0
BRF:0
BRH:0
DA:24,0
DA:25,0
DA:26,0
DA:27,0
DA:28,0
DA:29,0
DA:33,0
DA:34,0
DA:35,0
DA:39,0
DA:40,0
DA:41,0
DA:42,0
DA:43,0
DA:44,0
DA:45,0
DA:47,0
DA:48,0
DA:49,0
DA:50,0
DA:51,0
DA:52,0
DA:53,0
DA:55,0
DA:56,0
DA:57,0
DA:58,0
DA:60,0
DA:61,0
DA:62,0
LF:30
LH:0
end_of_record
SF:crates/conjure_core/src/rules/normalisers/bool.rs
FN:36,conjure_core::rules::normalisers::bool::distribute_or_over_and
FN:84,conjure_core::rules::normalisers::bool::distribute_not_over_and
FN:19,conjure_core::rules::normalisers::bool::CONJURE_GEN_RULE_REMOVE_DOUBLE_NEGATION::__typecheck::{closure#0}::{closure#0}
FN:37,conjure_core::rules::normalisers::bool::distribute_or_over_and::find_and
FN:35,conjure_core::rules::normalisers::bool::CONJURE_GEN_RULE_DISTRIBUTE_OR_OVER_AND::__typecheck::{closure#0}::{closure#0}
FN:120,conjure_core::rules::normalisers::bool::CONJURE_GEN_RULE_DISTRIBUTE_NOT_OVER_OR::__typecheck::{closure#0}::{closure#0}
FN:168,conjure_core::rules::normalisers::bool::remove_unit_vector_or
FN:36,conjure_core::rules::normalisers::bool::distribute_or_over_and
FN:20,conjure_core::rules::normalisers::bool::remove_double_negation
FN:167,conjure_core::rules::normalisers::bool::CONJURE_GEN_RULE_REMOVE_UNIT_VECTOR_OR::__typecheck::{closure#0}::{closure#0}
FN:150,conjure_core::rules::normalisers::bool::remove_unit_vector_and
FN:84,conjure_core::rules::normalisers::bool::distribute_not_over_and
FN:121,conjure_core::rules::normalisers::bool::distribute_not_over_or
FN:20,conjure_core::rules::normalisers::bool::remove_double_negation
FN:37,conjure_core::rules::normalisers::bool::distribute_or_over_and::find_and
FN:19,conjure_core::rules::normalisers::bool::CONJURE_GEN_RULE_REMOVE_DOUBLE_NEGATION::__typecheck::{closure#0}::{closure#0}
FN:149,conjure_core::rules::normalisers::bool::CONJURE_GEN_RULE_REMOVE_UNIT_VECTOR_AND::__typecheck::{closure#0}::{closure#0}
FN:167,conjure_core::rules::normalisers::bool::CONJURE_GEN_RULE_REMOVE_UNIT_VECTOR_OR::__typecheck::{closure#0}::{closure#0}
FN:150,conjure_core::rules::normalisers::bool::remove_unit_vector_and
FN:83,conjure_core::rules::normalisers::bool::CONJURE_GEN_RULE_DISTRIBUTE_NOT_OVER_AND::__typecheck::{closure#0}::{closure#0}
FN:35,conjure_core::rules::normalisers::bool::CONJURE_GEN_RULE_DISTRIBUTE_OR_OVER_AND::__typecheck::{closure#0}::{closure#0}
FN:149,conjure_core::rules::normalisers::bool::CONJURE_GEN_RULE_REMOVE_UNIT_VECTOR_AND::__typecheck::{closure#0}::{closure#0}
FN:120,conjure_core::rules::normalisers::bool::CONJURE_GEN_RULE_DISTRIBUTE_NOT_OVER_OR::__typecheck::{closure#0}::{closure#0}
FN:83,conjure_core::rules::normalisers::bool::CONJURE_GEN_RULE_DISTRIBUTE_NOT_OVER_AND::__typecheck::{closure#0}::{closure#0}
FN:121,conjure_core::rules::normalisers::bool::distribute_not_over_or
FN:168,conjure_core::rules::normalisers::bool::remove_unit_vector_or
FNDA:0,conjure_core::rules::normalisers::bool::distribute_or_over_and
FNDA:0,conjure_core::rules::normalisers::bool::distribute_not_over_and
FNDA:0,conjure_core::rules::normalisers::bool::CONJURE_GEN_RULE_REMOVE_DOUBLE_NEGATION::__typecheck::{closure#0}::{closure#0}
FNDA:1,conjure_core::rules::normalisers::bool::distribute_or_over_and::find_and
FNDA:0,conjure_core::rules::normalisers::bool::CONJURE_GEN_RULE_DISTRIBUTE_OR_OVER_AND::__typecheck::{closure#0}::{closure#0}
FNDA:0,conjure_core::rules::normalisers::bool::CONJURE_GEN_RULE_DISTRIBUTE_NOT_OVER_OR::__typecheck::{closure#0}::{closure#0}
FNDA:0,conjure_core::rules::normalisers::bool::remove_unit_vector_or
FNDA:1,conjure_core::rules::normalisers::bool::distribute_or_over_and
FNDA:1,conjure_core::rules::normalisers::bool::remove_double_negation
FNDA:0,conjure_core::rules::normalisers::bool::CONJURE_GEN_RULE_REMOVE_UNIT_VECTOR_OR::__typecheck::{closure#0}::{closure#0}
FNDA:1,conjure_core::rules::normalisers::bool::remove_unit_vector_and
FNDA:1,conjure_core::rules::normalisers::bool::distribute_not_over_and
FNDA:0,conjure_core::rules::normalisers::bool::distribute_not_over_or
FNDA:0,conjure_core::rules::normalisers::bool::remove_double_negation
FNDA:0,conjure_core::rules::normalisers::bool::distribute_or_over_and::find_and
FNDA:0,conjure_core::rules::normalisers::bool::CONJURE_GEN_RULE_REMOVE_DOUBLE_NEGATION::__typecheck::{closure#0}::{closure#0}
FNDA:0,conjure_core::rules::normalisers::bool::CONJURE_GEN_RULE_REMOVE_UNIT_VECTOR_AND::__typecheck::{closure#0}::{closure#0}
FNDA:0,conjure_core::rules::normalisers::bool::CONJURE_GEN_RULE_REMOVE_UNIT_VECTOR_OR::__typecheck::{closure#0}::{closure#0}
FNDA:0,conjure_core::rules::normalisers::bool::remove_unit_vector_and
FNDA:0,conjure_core::rules::normalisers::bool::CONJURE_GEN_RULE_DISTRIBUTE_NOT_OVER_AND::__typecheck::{closure#0}::{closure#0}
FNDA:0,conjure_core::rules::normalisers::bool::CONJURE_GEN_RULE_DISTRIBUTE_OR_OVER_AND::__typecheck::{closure#0}::{closure#0}
FNDA:0,conjure_core::rules::normalisers::bool::CONJURE_GEN_RULE_REMOVE_UNIT_VECTOR_AND::__typecheck::{closure#0}::{closure#0}
FNDA:0,conjure_core::rules::normalisers::bool::CONJURE_GEN_RULE_DISTRIBUTE_NOT_OVER_OR::__typecheck::{closure#0}::{closure#0}
FNDA:0,conjure_core::rules::normalisers::bool::CONJURE_GEN_RULE_DISTRIBUTE_NOT_OVER_AND::__typecheck::{closure#0}::{closure#0}
FNDA:1,conjure_core::rules::normalisers::bool::distribute_not_over_or
FNDA:1,conjure_core::rules::normalisers::bool::remove_unit_vector_or
FNF:26
FNH:7
BRF:0
BRH:0
DA:20,19557
DA:21,19557
DA:22,171
DA:23,0
DA:24,171
DA:26,19386
DA:28,19557
DA:36,19557
DA:37,576
DA:39,1242
DA:40,1242
DA:41,9
DA:42,1233
DA:44,567
DA:45,576
DA:47,19557
DA:48,576
DA:49,9
DA:50,9
DA:51,9
DA:52,9
DA:53,9
DA:54,9
DA:55,9
DA:57,27
DA:59,18
DA:60,18
DA:61,18
DA:64,9
DA:65,9
DA:66,9
DA:67,9
DA:69,0
DA:72,567
DA:74,18981
DA:76,19557
DA:84,19557
DA:85,47565
DA:86,46917
DA:87,47565
DA:90,648
DA:91,46917
DA:93,18909
DA:94,99
DA:95,72
DA:96,72
DA:97,0
DA:98,0
DA:99,0
DA:100,0
DA:101,0
DA:102,72
DA:103,72
DA:104,216
DA:105,144
DA:106,144
DA:107,72
DA:109,27
DA:111,18810
DA:113,19557
DA:121,19557
DA:122,19557
DA:123,171
DA:124,0
DA:125,0
DA:126,0
DA:127,0
DA:128,0
DA:129,0
DA:130,0
DA:131,0
DA:132,0
DA:133,0
DA:134,0
DA:135,0
DA:136,0
DA:138,171
DA:140,19386
DA:142,19557
DA:150,25119
DA:151,25119
DA:152,1467
DA:153,1467
DA:154,360
DA:155,1107
DA:156,1107
DA:158,23652
DA:160,25119
DA:168,25119
DA:169,774
DA:170,774
DA:171,774
DA:172,0
DA:174,25119
DA:176,25119
LF:95
LH:74
end_of_record
SF:crates/conjure_core/src/ast/types.rs
FN:3,<<conjure_core::ast::types::ReturnType as serde::de::Deserialize>::deserialize::__FieldVisitor as serde::de::Visitor>::expecting
FN:3,<<conjure_core::ast::types::ReturnType as serde::de::Deserialize>::deserialize::__Visitor as serde::de::Visitor>::visit_enum::<_>
FN:3,<<conjure_core::ast::types::ReturnType as serde::de::Deserialize>::deserialize::__Visitor as serde::de::Visitor>::visit_enum::<serde_json::de::VariantAccess<serde_json::read::StrRead>>
FN:3,<<conjure_core::ast::types::ReturnType as serde::de::Deserialize>::deserialize::__Field as serde::de::Deserialize>::deserialize::<&mut serde_json::de::Deserializer<serde_json::read::StrRead>>
FN:3,<<conjure_core::ast::types::ReturnType as serde::de::Deserialize>::deserialize::__Visitor as serde::de::Visitor>::expecting
FN:3,<<conjure_core::ast::types::ReturnType as serde::de::Deserialize>::deserialize::__Visitor as serde::de::Visitor>::visit_enum::<_>
FN:3,<<conjure_core::ast::types::ReturnType as serde::de::Deserialize>::deserialize::__Visitor as serde::de::Visitor>::visit_enum::<serde_json::de::UnitVariantAccess<serde_json::read::StrRead>>
FN:3,<<conjure_core::ast::types::ReturnType as serde::de::Deserialize>::deserialize::__Visitor as serde::de::Visitor>::expecting
FN:3,<<conjure_core::ast::types::ReturnType as serde::de::Deserialize>::deserialize::__Field as serde::de::Deserialize>::deserialize::<_>
FN:3,<<conjure_core::ast::types::ReturnType as serde::de::Deserialize>::deserialize::__Field as serde::de::Deserialize>::deserialize::<_>
FN:3,<<conjure_core::ast::types::ReturnType as serde::de::Deserialize>::deserialize::__FieldVisitor as serde::de::Visitor>::expecting
FNDA:0,<<conjure_core::ast::types::ReturnType as serde::de::Deserialize>::deserialize::__FieldVisitor as serde::de::Visitor>::expecting
FNDA:0,<<conjure_core::ast::types::ReturnType as serde::de::Deserialize>::deserialize::__Visitor as serde::de::Visitor>::visit_enum::<_>
FNDA:0,<<conjure_core::ast::types::ReturnType as serde::de::Deserialize>::deserialize::__Visitor as serde::de::Visitor>::visit_enum::<serde_json::de::VariantAccess<serde_json::read::StrRead>>
FNDA:0,<<conjure_core::ast::types::ReturnType as serde::de::Deserialize>::deserialize::__Field as serde::de::Deserialize>::deserialize::<&mut serde_json::de::Deserializer<serde_json::read::StrRead>>
FNDA:0,<<conjure_core::ast::types::ReturnType as serde::de::Deserialize>::deserialize::__Visitor as serde::de::Visitor>::expecting
FNDA:0,<<conjure_core::ast::types::ReturnType as serde::de::Deserialize>::deserialize::__Visitor as serde::de::Visitor>::visit_enum::<_>
FNDA:0,<<conjure_core::ast::types::ReturnType as serde::de::Deserialize>::deserialize::__Visitor as serde::de::Visitor>::visit_enum::<serde_json::de::UnitVariantAccess<serde_json::read::StrRead>>
FNDA:0,<<conjure_core::ast::types::ReturnType as serde::de::Deserialize>::deserialize::__Visitor as serde::de::Visitor>::expecting
[...]
FNDA:0,<<<conjure_core::ast::expressions::Expression as serde::de::Deserialize>::deserialize::__Visitor as serde::de::Visitor>::visit_enum::__Visitor as serde::de::Visitor>::visit_seq::<_>
FNDA:0,<<<conjure_core::ast::expressions::Expression as serde::de::Deserialize>::deserialize::__Visitor as serde::de::Visitor>::visit_enum::__Visitor as serde::de::Visitor>::visit_seq::<_>
FNDA:0,<<<conjure_core::ast::expressions::Expression as serde::de::Deserialize>::deserialize::__Visitor as serde::de::Visitor>::visit_enum::__Visitor as serde::de::Visitor>::expecting
FNDA:0,<<<conjure_core::ast::expressions::Expression as serde::de::Deserialize>::deserialize::__Visitor as serde::de::Visitor>::visit_enum::__Visitor as serde::de::Visitor>::expecting
FNDA:0,<<<conjure_core::ast::expressions::Expression as serde::de::Deserialize>::deserialize::__Visitor as serde::de::Visitor>::visit_enum::__Visitor as serde::de::Visitor>::visit_seq::<serde_json::de::SeqAccess<serde_json::read::StrRead>>
FNDA:0,<<<conjure_core::ast::expressions::Expression as serde::de::Deserialize>::deserialize::__Visitor as serde::de::Visitor>::visit_enum::__Visitor as serde::de::Visitor>::expecting
FNDA:0,<<<conjure_core::ast::expressions::Expression as serde::de::Deserialize>::deserialize::__Visitor as serde::de::Visitor>::visit_enum::__Visitor as serde::de::Visitor>::visit_seq::<_>
FNDA:0,<<<conjure_core::ast::expressions::Expression as serde::de::Deserialize>::deserialize::__Visitor as serde::de::Visitor>::visit_enum::__Visitor as serde::de::Visitor>::expecting
FNDA:0,<<<conjure_core::ast::expressions::Expression as serde::de::Deserialize>::deserialize::__Visitor as serde::de::Visitor>::visit_enum::__Visitor as serde::de::Visitor>::visit_seq::<_>
FNDA:0,conjure_core::ast::expressions::display_expressions
FNDA:0,<<<conjure_core::ast::expressions::Expression as serde::de::Deserialize>::deserialize::__Visitor as serde::de::Visitor>::visit_enum::__Visitor as serde::de::Visitor>::visit_seq::<_>
FNDA:0,<<<conjure_core::ast::expressions::Expression as serde::de::Deserialize>::deserialize::__Visitor as serde::de::Visitor>::visit_enum::__Visitor as serde::de::Visitor>::expecting
FNDA:0,<<<conjure_core::ast::expressions::Expression as serde::de::Deserialize>::deserialize::__Visitor as serde::de::Visitor>::visit_enum::__Visitor as serde::de::Visitor>::visit_seq::<_>
FNDA:0,<<<conjure_core::ast::expressions::Expression as serde::de::Deserialize>::deserialize::__Visitor as serde::de::Visitor>::visit_enum::__Visitor as serde::de::Visitor>::visit_seq::<_>
FNDA:0,<<<conjure_core::ast::expressions::Expression as serde::de::Deserialize>::deserialize::__Visitor as serde::de::Visitor>::visit_enum::__Visitor as serde::de::Visitor>::visit_seq::<_>
FNDA:0,<conjure_core::ast::expressions::Expression>::domain_of::{closure#7}
FNDA:0,<<<conjure_core::ast::expressions::Expression as serde::de::Deserialize>::deserialize::__Visitor as serde::de::Visitor>::visit_enum::__Visitor as serde::de::Visitor>::visit_seq::<serde_json::de::SeqAccess<serde_json::read::StrRead>>
FNDA:0,<<<conjure_core::ast::expressions::Expression as serde::de::Deserialize>::deserialize::__Visitor as serde::de::Visitor>::visit_enum::__Visitor as serde::de::Visitor>::visit_seq::<_>
FNDA:0,<<<conjure_core::ast::expressions::Expression as serde::de::Deserialize>::deserialize::__Visitor as serde::de::Visitor>::visit_enum::__Visitor as serde::de::Visitor>::visit_seq::<_>
FNDA:1,conjure_core::ast::expressions::range_vec_bounds_i32
FNDA:0,<<<conjure_core::ast::expressions::Expression as serde::de::Deserialize>::deserialize::__Visitor as serde::de::Visitor>::visit_enum::__Visitor as serde::de::Visitor>::visit_seq::<serde_json::de::SeqAccess<serde_json::read::StrRead>>
FNDA:1,conjure_core::ast::expressions::expr_vec_to_domain_i32
FNDA:0,<<<conjure_core::ast::expressions::Expression as serde::de::Deserialize>::deserialize::__Visitor as serde::de::Visitor>::visit_enum::__Visitor as serde::de::Visitor>::expecting
FNDA:0,<<<conjure_core::ast::expressions::Expression as serde::de::Deserialize>::deserialize::__Visitor as serde::de::Visitor>::visit_enum::__Visitor as serde::de::Visitor>::visit_seq::<_>
FNDA:0,<conjure_core::ast::expressions::Expression>::domain_of::{closure#1}
FNDA:0,<<<conjure_core::ast::expressions::Expression as serde::de::Deserialize>::deserialize::__Visitor as serde::de::Visitor>::visit_enum::__Visitor as serde::de::Visitor>::visit_seq::<serde_json::de::SeqAccess<serde_json::read::StrRead>>
FNDA:0,<<<conjure_core::ast::expressions::Expression as serde::de::Deserialize>::deserialize::__Visitor as serde::de::Visitor>::visit_enum::__Visitor as serde::de::Visitor>::expecting
FNDA:1,conjure_core::ast::expressions::expr_vec_to_domain_i32::{closure#1}
FNDA:0,<<<conjure_core::ast::expressions::Expression as serde::de::Deserialize>::deserialize::__Visitor as serde::de::Visitor>::visit_enum::__Visitor as serde::de::Visitor>::visit_seq::<_>
FNDA:1,<conjure_core::ast::expressions::Expression>::is_associative_commutative_operator
FNDA:0,<conjure_core::ast::expressions::Expression>::as_atom
FNDA:0,<<<conjure_core::ast::expressions::Expression as serde::de::Deserialize>::deserialize::__Visitor as serde::de::Visitor>::visit_enum::__Visitor as serde::de::Visitor>::visit_seq::<_>
FNDA:0,<<<conjure_core::ast::expressions::Expression as serde::de::Deserialize>::deserialize::__Visitor as serde::de::Visitor>::visit_enum::__Visitor as serde::de::Visitor>::visit_seq::<serde_json::de::SeqAccess<serde_json::read::StrRead>>
FNDA:1,<conjure_core::ast::expressions::Expression>::domain_of::{closure#4}
FNDA:0,<conjure_core::ast::expressions::Expression>::set_meta
FNDA:1,<conjure_core::ast::expressions::Expression>::as_atom
FNDA:0,<<<conjure_core::ast::expressions::Expression as serde::de::Deserialize>::deserialize::__Visitor as serde::de::Visitor>::visit_enum::__Visitor as serde::de::Visitor>::visit_seq::<_>
FNDA:1,conjure_core::ast::expressions::tests::test_domain_of_constant_invalid_type
FNDA:0,<conjure_core::ast::expressions::Expression>::set_meta
FNDA:0,<<<conjure_core::ast::expressions::Expression as serde::de::Deserialize>::deserialize::__Visitor as serde::de::Visitor>::visit_enum::__Visitor as serde::de::Visitor>::expecting
FNDA:0,<<<conjure_core::ast::expressions::Expression as serde::de::Deserialize>::deserialize::__Visitor as serde::de::Visitor>::visit_enum::__Visitor as serde::de::Visitor>::visit_seq::<_>
FNDA:0,<<<conjure_core::ast::expressions::Expression as serde::de::Deserialize>::deserialize::__Visitor as serde::de::Visitor>::visit_enum::__Visitor as serde::de::Visitor>::expecting
FNDA:0,<conjure_core::ast::expressions::Expression>::set_meta::{closure#0}
FNDA:1,<conjure_core::ast::expressions::Expression>::domain_of::{closure#0}
FNDA:0,<<<conjure_core::ast::expressions::Expression as serde::de::Deserialize>::deserialize::__Visitor as serde::de::Visitor>::visit_enum::__Visitor as serde::de::Visitor>::expecting
FNDA:0,<<<conjure_core::ast::expressions::Expression as serde::de::Deserialize>::deserialize::__Visitor as serde::de::Visitor>::visit_enum::__Visitor as serde::de::Visitor>::visit_seq::<serde_json::de::SeqAccess<serde_json::read::StrRead>>
FNDA:0,<conjure_core::ast::expressions::Expression>::get_meta
FNDA:0,<<<conjure_core::ast::expressions::Expression as serde::de::Deserialize>::deserialize::__Visitor as serde::de::Visitor>::visit_enum::__Visitor as serde::de::Visitor>::visit_seq::<serde_json::de::SeqAccess<serde_json::read::StrRead>>
FNDA:0,<<<conjure_core::ast::expressions::Expression as serde::de::Deserialize>::deserialize::__Visitor as serde::de::Visitor>::visit_enum::__Visitor as serde::de::Visitor>::visit_seq::<_>
FNDA:0,<<<conjure_core::ast::expressions::Expression as serde::de::Deserialize>::deserialize::__Visitor as serde::de::Visitor>::visit_enum::__Visitor as serde::de::Visitor>::visit_seq::<serde_json::de::SeqAccess<serde_json::read::StrRead>>
FNDA:1,conjure_core::ast::expressions::expr_vec_to_domain_i32::{closure#1}::{closure#0}
FNDA:0,<<conjure_core::ast::expressions::Expression as serde::de::Deserialize>::deserialize::__FieldVisitor as serde::de::Visitor>::expecting
FNDA:0,<<<conjure_core::ast::expressions::Expression as serde::de::Deserialize>::deserialize::__Visitor as serde::de::Visitor>::visit_enum::__Visitor as serde::de::Visitor>::expecting
FNDA:1,<conjure_core::ast::expressions::Expression as core::convert::From<i32>>::from
FNDA:1,conjure_core::ast::expressions::expr_vec_to_domain_i32::{closure#1}::{closure#0}
FNDA:0,<<<conjure_core::ast::expressions::Expression as serde::de::Deserialize>::deserialize::__Visitor as serde::de::Visitor>::visit_enum::__Visitor as serde::de::Visitor>::visit_seq::<serde_json::de::SeqAccess<serde_json::read::StrRead>>
FNDA:0,<<<conjure_core::ast::expressions::Expression as serde::de::Deserialize>::deserialize::__Visitor as serde::de::Visitor>::visit_enum::__Visitor as serde::de::Visitor>::expecting
FNDA:0,<<<conjure_core::ast::expressions::Expression as serde::de::Deserialize>::deserialize::__Visitor as serde::de::Visitor>::visit_enum::__Visitor as serde::de::Visitor>::expecting
FNDA:0,<<<conjure_core::ast::expressions::Expression as serde::de::Deserialize>::deserialize::__Visitor as serde::de::Visitor>::visit_enum::__Visitor as serde::de::Visitor>::visit_seq::<serde_json::de::SeqAccess<serde_json::read::StrRead>>
FNDA:0,<<<conjure_core::ast::expressions::Expression as serde::de::Deserialize>::deserialize::__Visitor as serde::de::Visitor>::visit_enum::__Visitor as serde::de::Visitor>::expecting
FNDA:0,<<<conjure_core::ast::expressions::Expression as serde::de::Deserialize>::deserialize::__Visitor as serde::de::Visitor>::visit_enum::__Visitor as serde::de::Visitor>::visit_seq::<_>
FNDA:0,<<<conjure_core::ast::expressions::Expression as serde::de::Deserialize>::deserialize::__Visitor as serde::de::Visitor>::visit_enum::__Visitor as serde::de::Visitor>::visit_seq::<_>
FNDA:0,<<<conjure_core::ast::expressions::Expression as serde::de::Deserialize>::deserialize::__Visitor as serde::de::Visitor>::visit_enum::__Visitor as serde::de::Visitor>::expecting
FNDA:0,<<<conjure_core::ast::expressions::Expression as serde::de::Deserialize>::deserialize::__Visitor as serde::de::Visitor>::visit_enum::__Visitor as serde::de::Visitor>::expecting
FNDA:0,<<<conjure_core::ast::expressions::Expression as serde::de::Deserialize>::deserialize::__Visitor as serde::de::Visitor>::visit_enum::__Visitor as serde::de::Visitor>::visit_seq::<_>
FNDA:0,<<<conjure_core::ast::expressions::Expression as serde::de::Deserialize>::deserialize::__Visitor as serde::de::Visitor>::visit_enum::__Visitor as serde::de::Visitor>::visit_seq::<serde_json::de::SeqAccess<serde_json::read::StrRead>>
FNDA:0,<<conjure_core::ast::expressions::Expression as serde::de::Deserialize>::deserialize::__Field as serde::de::Deserialize>::deserialize::<_>
FNDA:0,<<<conjure_core::ast::expressions::Expression as serde::de::Deserialize>::deserialize::__Visitor as serde::de::Visitor>::visit_enum::__Visitor as serde::de::Visitor>::visit_seq::<_>
FNDA:0,<<<conjure_core::ast::expressions::Expression as serde::de::Deserialize>::deserialize::__Visitor as serde::de::Visitor>::visit_enum::__Visitor as serde::de::Visitor>::visit_seq::<serde_json::de::SeqAccess<serde_json::read::StrRead>>
FNDA:0,<<<conjure_core::ast::expressions::Expression as serde::de::Deserialize>::deserialize::__Visitor as serde::de::Visitor>::visit_enum::__Visitor as serde::de::Visitor>::expecting
FNDA:0,<<conjure_core::ast::expressions::Expression as serde::de::Deserialize>::deserialize::__Visitor as serde::de::Visitor>::expecting
FNDA:1,conjure_core::ast::expressions::expr_vec_to_domain_i32::{closure#1}::{closure#0}::{closure#0}
FNDA:0,<<<conjure_core::ast::expressions::Expression as serde::de::Deserialize>::deserialize::__Visitor as serde::de::Visitor>::visit_enum::__Visitor as serde::de::Visitor>::visit_seq::<serde_json::de::SeqAccess<serde_json::read::StrRead>>
FNDA:0,<<<conjure_core::ast::expressions::Expression as serde::de::Deserialize>::deserialize::__Visitor as serde::de::Visitor>::visit_enum::__Visitor as serde::de::Visitor>::visit_seq::<_>
FNDA:0,<<<conjure_core::ast::expressions::Expression as serde::de::Deserialize>::deserialize::__Visitor as serde::de::Visitor>::visit_enum::__Visitor as serde::de::Visitor>::visit_seq::<_>
FNDA:0,<<<conjure_core::ast::expressions::Expression as serde::de::Deserialize>::deserialize::__Visitor as serde::de::Visitor>::visit_enum::__Visitor as serde::de::Visitor>::visit_seq::<_>
FNDA:0,<<<conjure_core::ast::expressions::Expression as serde::de::Deserialize>::deserialize::__Visitor as serde::de::Visitor>::visit_enum::__Visitor as serde::de::Visitor>::visit_seq::<_>
FNDA:0,<<<conjure_core::ast::expressions::Expression as serde::de::Deserialize>::deserialize::__Visitor as serde::de::Visitor>::visit_enum::__Visitor as serde::de::Visitor>::expecting
FNDA:0,<<<conjure_core::ast::expressions::Expression as serde::de::Deserialize>::deserialize::__Visitor as serde::de::Visitor>::visit_enum::__Visitor as serde::de::Visitor>::expecting
FNDA:0,<<<conjure_core::ast::expressions::Expression as serde::de::Deserialize>::deserialize::__Visitor as serde::de::Visitor>::visit_enum::__Visitor as serde::de::Visitor>::visit_seq::<_>
FNDA:1,conjure_core::ast::expressions::range_vec_bounds_i32
FNDA:0,<conjure_core::ast::expressions::Expression>::domain_of::{closure#5}
FNDA:0,<<<conjure_core::ast::expressions::Expression as serde::de::Deserialize>::deserialize::__Visitor as serde::de::Visitor>::visit_enum::__Visitor as serde::de::Visitor>::expecting
FNDA:0,conjure_core::ast::expressions::display_expressions::{closure#0}
FNDA:0,<<<conjure_core::ast::expressions::Expression as serde::de::Deserialize>::deserialize::__Visitor as serde::de::Visitor>::visit_enum::__Visitor as serde::de::Visitor>::visit_seq::<serde_json::de::SeqAccess<serde_json::read::StrRead>>
FNDA:0,<<<conjure_core::ast::expressions::Expression as serde::de::Deserialize>::deserialize::__Visitor as serde::de::Visitor>::visit_enum::__Visitor as serde::de::Visitor>::visit_seq::<_>
FNDA:0,<conjure_core::ast::expressions::Expression>::set_meta::{closure#0}
FNDA:1,<conjure_core::ast::expressions::Expression>::domain_of::{closure#1}
FNDA:0,<<conjure_core::ast::expressions::Expression as serde::de::Deserialize>::deserialize::__FieldVisitor as serde::de::Visitor>::expecting
FNDA:0,<<<conjure_core::ast::expressions::Expression as serde::de::Deserialize>::deserialize::__Visitor as serde::de::Visitor>::visit_enum::__Visitor as serde::de::Visitor>::visit_seq::<serde_json::de::SeqAccess<serde_json::read::StrRead>>
FNDA:0,<<<conjure_core::ast::expressions::Expression as serde::de::Deserialize>::deserialize::__Visitor as serde::de::Visitor>::visit_enum::__Visitor as serde::de::Visitor>::visit_seq::<serde_json::de::SeqAccess<serde_json::read::StrRead>>
FNDA:0,<<<conjure_core::ast::expressions::Expression as serde::de::Deserialize>::deserialize::__Visitor as serde::de::Visitor>::visit_enum::__Visitor as serde::de::Visitor>::visit_seq::<serde_json::de::SeqAccess<serde_json::read::StrRead>>
FNDA:0,<<<conjure_core::ast::expressions::Expression as serde::de::Deserialize>::deserialize::__Visitor as serde::de::Visitor>::visit_enum::__Visitor as serde::de::Visitor>::visit_seq::<_>
FNDA:0,<<<conjure_core::ast::expressions::Expression as serde::de::Deserialize>::deserialize::__Visitor as serde::de::Visitor>::visit_enum::__Visitor as serde::de::Visitor>::expecting
FNDA:1,conjure_core::ast::expressions::tests::test_domain_of_reference_sum_single
FNDA:0,<<<conjure_core::ast::expressions::Expression as serde::de::Deserialize>::deserialize::__Visitor as serde::de::Visitor>::visit_enum::__Visitor as serde::de::Visitor>::expecting
FNDA:0,<<<conjure_core::ast::expressions::Expression as serde::de::Deserialize>::deserialize::__Visitor as serde::de::Visitor>::visit_enum::__Visitor as serde::de::Visitor>::visit_seq::<_>
FNDA:0,<<<conjure_core::ast::expressions::Expression as serde::de::Deserialize>::deserialize::__Visitor as serde::de::Visitor>::visit_enum::__Visitor as serde::de::Visitor>::expecting
FNDA:0,<<<conjure_core::ast::expressions::Expression as serde::de::Deserialize>::deserialize::__Visitor as serde::de::Visitor>::visit_enum::__Visitor as serde::de::Visitor>::visit_seq::<_>
FNDA:1,<conjure_core::ast::expressions::Expression>::domain_of::{closure#2}
FNF:224
FNH:37
BRF:0
BRH:0
DA:23,6948
DA:154,95
DA:155,95
DA:156,95
DA:157,95
DA:158,95
DA:159,188
DA:160,95
DA:161,95
DA:162,95
DA:163,95
DA:164,95
DA:166,595
DA:167,595
DA:168,595
DA:169,18338
DA:170,17743
DA:171,17743
DA:172,17743
DA:173,784
DA:174,16959
DA:175,17743
DA:176,3189
DA:177,14556
DA:179,0
DA:180,0
DA:181,0
DA:182,0
DA:183,0
DA:184,0
DA:185,0
DA:189,595
DA:190,595
DA:194,1743
DA:195,1742
DA:196,1113
DA:197,30
DA:198,30
DA:200,1
DA:201,6
DA:202,54
DA:203,891
DA:205,36
DA:206,468
DA:208,0
DA:209,0
DA:210,0
DA:212,252
DA:213,252
DA:214,11439
DA:215,252
DA:218,252
DA:219,252
DA:220,252
DA:221,252
DA:222,252
DA:224,0
DA:225,0
DA:228,0
DA:229,0
DA:230,0
DA:233,252
DA:234,252
DA:235,7551
DA:236,252
DA:239,252
DA:240,252
DA:241,252
DA:242,252
DA:243,252
DA:245,0
DA:246,0
DA:250,0
DA:251,0
DA:252,0
DA:253,0
DA:254,0
DA:255,0
DA:256,0
DA:257,0
DA:258,0
DA:259,0
DA:260,0
DA:261,0
DA:262,0
DA:263,0
DA:264,0
DA:265,0
DA:266,0
DA:267,0
DA:268,0
DA:269,0
DA:270,0
DA:271,0
DA:272,0
DA:275,0
DA:276,0
DA:277,0
DA:278,0
DA:282,0
DA:284,0
DA:285,0
DA:286,0
DA:289,1739
DA:292,1739
DA:293,595
DA:294,595
DA:296,1147
DA:298,1743
DA:300,9
DA:301,9
DA:302,9
DA:304,0
DA:305,0
DA:306,0
DA:308,1548
DA:309,1548
DA:310,1548
DA:311,774
DA:312,297
DA:313,297
DA:314,180
DA:316,1548
DA:318,918
DA:319,0
DA:320,0
DA:321,0
DA:322,0
DA:323,0
DA:324,0
DA:325,0
DA:326,0
DA:327,0
DA:328,0
DA:329,270
DA:330,72
DA:331,0
DA:332,0
DA:333,0
DA:334,0
DA:335,234
DA:336,54
DA:337,0
DA:338,0
DA:339,0
DA:340,0
DA:341,0
DA:342,0
DA:343,0
DA:344,0
DA:345,0
DA:346,0
DA:347,54
DA:348,234
DA:349,0
DA:350,0
DA:351,0
DA:353,918
DA:355,0
DA:356,0
DA:357,0
DA:358,0
DA:360,0
DA:361,0
DA:362,0
DA:363,0
DA:364,0
DA:366,6084
DA:367,6084
DA:368,5904
DA:370,180
DA:372,6084
DA:375,19557
DA:376,18000
DA:377,19557
DA:380,19557
DA:383,3258
DA:384,3258
DA:385,3258
DA:386,3258
DA:387,3258
DA:388,3258
DA:389,5571
DA:390,3258
DA:391,3258
DA:392,3258
DA:393,3258
DA:394,3258
DA:395,3258
DA:396,3258
DA:397,3258
DA:398,3258
DA:399,3258
DA:400,3258
DA:403,234
DA:404,234
DA:405,234
DA:409,0
DA:410,0
DA:411,0
DA:415,918
DA:416,918
DA:417,918
DA:421,33498
DA:422,33498
DA:423,18594
DA:424,315
DA:425,315
DA:427,189
DA:428,189
DA:430,99
DA:431,99
DA:433,378
DA:434,378
DA:436,369
DA:437,369
DA:439,1944
DA:440,1944
DA:442,1530
DA:443,1530
DA:445,2844
DA:446,2844
DA:448,108
DA:449,108
DA:451,297
DA:452,297
DA:454,0
DA:455,0
DA:457,9
DA:458,9
DA:460,144
DA:461,144
DA:462,144
DA:463,144
DA:464,144
DA:465,144
DA:466,144
DA:468,63
DA:469,63
DA:471,117
DA:472,117
DA:474,252
DA:475,252
DA:476,252
DA:477,252
DA:478,252
DA:479,252
DA:480,252
DA:481,18
DA:482,18
DA:484,1044
DA:485,1044
DA:487,1800
DA:488,1800
DA:490,360
DA:491,360
DA:493,144
DA:494,144
DA:495,144
DA:496,144
DA:497,144
DA:498,144
DA:499,144
DA:500,144
DA:502,144
DA:503,144
DA:504,144
DA:505,144
DA:506,144
DA:507,144
DA:508,144
DA:509,144
DA:512,0
DA:513,0
DA:515,0
DA:516,0
DA:518,360
DA:519,360
DA:521,360
DA:522,360
DA:524,1800
DA:525,1800
DA:527,216
DA:528,216
DA:530,0
DA:531,0
DA:534,33498
DA:544,1
DA:545,1
DA:546,1
DA:547,1
DA:548,1
DA:549,1
DA:550,1
DA:551,1
DA:552,1
DA:555,1
DA:556,1
DA:557,1
DA:558,1
DA:559,1
DA:560,1
DA:563,1
DA:564,1
DA:565,1
DA:566,1
DA:569,1
DA:570,1
DA:571,1
DA:572,1
DA:573,1
DA:574,1
DA:575,1
DA:576,1
DA:577,1
DA:578,1
DA:579,1
DA:580,1
DA:583,1
DA:584,1
DA:585,1
DA:586,1
DA:589,1
DA:590,1
DA:591,1
DA:592,1
DA:593,1
DA:594,1
DA:595,1
DA:596,1
DA:597,1
DA:598,1
DA:599,1
DA:600,1
DA:601,1
DA:604,1
DA:605,1
DA:606,1
DA:607,1
DA:608,1
DA:609,1
DA:610,1
DA:611,1
DA:612,1
DA:613,1
DA:614,1
DA:615,1
DA:616,1
LF:348
LH:250
end_of_record
