TN:
SF:crates/conjure_core/src/solver/adaptors/sat_common.rs
FN:198,<conjure_core::solver::adaptors::sat_common::CNFModel>::handle_reference
FN:272,<conjure_core::solver::adaptors::sat_common::CNFModel>::handle_expression
FN:321,<&conjure_core::ast::symbol_table::Name as conjure_core::solver::adaptors::sat_common::HasVariable>::has_variable
FN:85,<conjure_core::solver::adaptors::sat_common::CNFModel>::get_index
FN:154,<conjure_core::solver::adaptors::sat_common::CNFModel>::clause_to_expression
FN:141,<conjure_core::solver::adaptors::sat_common::CNFModel>::as_expression
FN:37,<conjure_core::solver::adaptors::sat_common::CNFModel>::from_conjure
FN:218,<conjure_core::solver::adaptors::sat_common::CNFModel>::handle_or
FN:315,<i32 as conjure_core::solver::adaptors::sat_common::HasVariable>::has_variable
FN:218,<conjure_core::solver::adaptors::sat_common::CNFModel>::handle_or
FN:234,<conjure_core::solver::adaptors::sat_common::CNFModel>::handle_flat_expression
FN:85,<conjure_core::solver::adaptors::sat_common::CNFModel>::get_index
FN:74,<conjure_core::solver::adaptors::sat_common::CNFModel>::get_variables
FN:272,<conjure_core::solver::adaptors::sat_common::CNFModel>::handle_expression
FN:37,<conjure_core::solver::adaptors::sat_common::CNFModel>::from_conjure
FN:117,<conjure_core::solver::adaptors::sat_common::CNFModel>::add_clause
FN:154,<conjure_core::solver::adaptors::sat_common::CNFModel>::clause_to_expression
FN:205,<conjure_core::solver::adaptors::sat_common::CNFModel>::handle_not
FN:321,<&conjure_core::ast::symbol_table::Name as conjure_core::solver::adaptors::sat_common::HasVariable>::has_variable
FN:110,<conjure_core::solver::adaptors::sat_common::CNFModel>::has_variable::<_>
FN:102,<conjure_core::solver::adaptors::sat_common::CNFModel>::add_variable
FN:110,<conjure_core::solver::adaptors::sat_common::CNFModel>::has_variable::<i32>
FN:249,<conjure_core::solver::adaptors::sat_common::CNFModel>::handle_and
FN:29,<conjure_core::solver::adaptors::sat_common::CNFModel>::new
FN:130,<conjure_core::solver::adaptors::sat_common::CNFModel>::add_expression
FN:234,<conjure_core::solver::adaptors::sat_common::CNFModel>::handle_flat_expression
FN:186,<conjure_core::solver::adaptors::sat_common::CNFModel>::get_reference_index
FN:249,<conjure_core::solver::adaptors::sat_common::CNFModel>::handle_and
FN:186,<conjure_core::solver::adaptors::sat_common::CNFModel>::get_reference_index
FN:102,<conjure_core::solver::adaptors::sat_common::CNFModel>::add_variable
FN:284,<conjure_core::solver::adaptors::sat_common::CNFModel as core::default::Default>::default
FN:90,<conjure_core::solver::adaptors::sat_common::CNFModel>::get_name
FN:29,<conjure_core::solver::adaptors::sat_common::CNFModel>::new
FN:130,<conjure_core::solver::adaptors::sat_common::CNFModel>::add_expression
FN:117,<conjure_core::solver::adaptors::sat_common::CNFModel>::add_clause
FN:90,<conjure_core::solver::adaptors::sat_common::CNFModel>::get_name
FN:284,<conjure_core::solver::adaptors::sat_common::CNFModel as core::default::Default>::default
FN:198,<conjure_core::solver::adaptors::sat_common::CNFModel>::handle_reference
FN:205,<conjure_core::solver::adaptors::sat_common::CNFModel>::handle_not
FN:315,<i32 as conjure_core::solver::adaptors::sat_common::HasVariable>::has_variable
FN:141,<conjure_core::solver::adaptors::sat_common::CNFModel>::as_expression
FN:74,<conjure_core::solver::adaptors::sat_common::CNFModel>::get_variables
FNDA:0,<conjure_core::solver::adaptors::sat_common::CNFModel>::handle_reference
FNDA:0,<conjure_core::solver::adaptors::sat_common::CNFModel>::handle_expression
FNDA:0,<&conjure_core::ast::symbol_table::Name as conjure_core::solver::adaptors::sat_common::HasVariable>::has_variable
FNDA:0,<conjure_core::solver::adaptors::sat_common::CNFModel>::get_index
FNDA:0,<conjure_core::solver::adaptors::sat_common::CNFModel>::clause_to_expression
FNDA:0,<conjure_core::solver::adaptors::sat_common::CNFModel>::as_expression
FNDA:0,<conjure_core::solver::adaptors::sat_common::CNFModel>::from_conjure
FNDA:0,<conjure_core::solver::adaptors::sat_common::CNFModel>::handle_or
FNDA:0,<i32 as conjure_core::solver::adaptors::sat_common::HasVariable>::has_variable
FNDA:0,<conjure_core::solver::adaptors::sat_common::CNFModel>::handle_or
FNDA:0,<conjure_core::solver::adaptors::sat_common::CNFModel>::handle_flat_expression
FNDA:0,<conjure_core::solver::adaptors::sat_common::CNFModel>::get_index
FNDA:0,<conjure_core::solver::adaptors::sat_common::CNFModel>::get_variables
FNDA:0,<conjure_core::solver::adaptors::sat_common::CNFModel>::handle_expression
FNDA:0,<conjure_core::solver::adaptors::sat_common::CNFModel>::from_conjure
FNDA:0,<conjure_core::solver::adaptors::sat_common::CNFModel>::add_clause
FNDA:0,<conjure_core::solver::adaptors::sat_common::CNFModel>::clause_to_expression
FNDA:0,<conjure_core::solver::adaptors::sat_common::CNFModel>::handle_not
FNDA:0,<&conjure_core::ast::symbol_table::Name as conjure_core::solver::adaptors::sat_common::HasVariable>::has_variable
FNDA:0,<conjure_core::solver::adaptors::sat_common::CNFModel>::has_variable::<_>
FNDA:0,<conjure_core::solver::adaptors::sat_common::CNFModel>::add_variable
FNDA:0,<conjure_core::solver::adaptors::sat_common::CNFModel>::has_variable::<i32>
FNDA:0,<conjure_core::solver::adaptors::sat_common::CNFModel>::handle_and
FNDA:0,<conjure_core::solver::adaptors::sat_common::CNFModel>::new
FNDA:0,<conjure_core::solver::adaptors::sat_common::CNFModel>::add_expression
FNDA:0,<conjure_core::solver::adaptors::sat_common::CNFModel>::handle_flat_expression
FNDA:0,<conjure_core::solver::adaptors::sat_common::CNFModel>::get_reference_index
FNDA:0,<conjure_core::solver::adaptors::sat_common::CNFModel>::handle_and
FNDA:0,<conjure_core::solver::adaptors::sat_common::CNFModel>::get_reference_index
FNDA:0,<conjure_core::solver::adaptors::sat_common::CNFModel>::add_variable
FNDA:0,<conjure_core::solver::adaptors::sat_common::CNFModel as core::default::Default>::default
FNDA:0,<conjure_core::solver::adaptors::sat_common::CNFModel>::get_name
FNDA:0,<conjure_core::solver::adaptors::sat_common::CNFModel>::new
FNDA:0,<conjure_core::solver::adaptors::sat_common::CNFModel>::add_expression
FNDA:0,<conjure_core::solver::adaptors::sat_common::CNFModel>::add_clause
FNDA:0,<conjure_core::solver::adaptors::sat_common::CNFModel>::get_name
FNDA:0,<conjure_core::solver::adaptors::sat_common::CNFModel as core::default::Default>::default
FNDA:0,<conjure_core::solver::adaptors::sat_common::CNFModel>::handle_reference
FNDA:0,<conjure_core::solver::adaptors::sat_common::CNFModel>::handle_not
FNDA:0,<i32 as conjure_core::solver::adaptors::sat_common::HasVariable>::has_variable
FNDA:0,<conjure_core::solver::adaptors::sat_common::CNFModel>::as_expression
FNDA:0,<conjure_core::solver::adaptors::sat_common::CNFModel>::get_variables
FNF:42
FNH:0
BRF:0
BRH:0
DA:29,0
DA:30,0
DA:31,0
DA:32,0
DA:33,0
DA:34,0
DA:35,0
DA:37,0
DA:38,0
DA:40,0
DA:42,0
DA:44,0
DA:46,0
DA:47,0
DA:48,0
DA:49,0
DA:50,0
DA:51,0
DA:52,0
DA:53,0
DA:54,0
DA:55,0
DA:56,0
DA:59,0
DA:60,0
DA:61,0
DA:62,0
DA:63,0
DA:64,0
DA:69,0
DA:70,0
DA:74,0
DA:75,0
DA:77,0
DA:78,0
DA:79,0
DA:81,0
DA:82,0
DA:85,0
DA:86,0
DA:87,0
DA:90,0
DA:91,0
DA:92,0
DA:93,0
DA:94,0
DA:95,0
DA:98,0
DA:99,0
DA:102,0
DA:103,0
DA:104,0
DA:105,0
DA:110,0
DA:111,0
DA:112,0
DA:117,0
DA:118,0
DA:119,0
DA:120,0
DA:121,0
DA:123,0
DA:124,0
DA:125,0
DA:130,0
DA:131,0
DA:132,0
DA:134,0
DA:135,0
DA:141,0
DA:142,0
DA:144,0
DA:145,0
DA:148,0
DA:149,0
DA:154,0
DA:155,0
DA:157,0
DA:158,0
DA:159,0
DA:160,0
DA:161,0
DA:162,0
DA:163,0
DA:164,0
DA:165,0
DA:166,0
DA:167,0
DA:168,0
DA:169,0
DA:170,0
DA:171,0
DA:172,0
DA:178,0
DA:179,0
DA:186,0
DA:187,0
DA:188,0
DA:189,0
DA:191,0
DA:198,0
DA:199,0
DA:200,0
DA:205,0
DA:206,0
DA:208,0
DA:209,0
DA:211,0
DA:213,0
DA:218,0
DA:219,0
DA:221,0
DA:222,0
DA:223,0
DA:224,0
DA:225,0
DA:228,0
DA:229,0
DA:234,0
DA:235,0
DA:236,0
DA:237,0
DA:238,0
DA:239,0
DA:240,0
DA:241,0
DA:242,0
DA:244,0
DA:249,0
DA:250,0
DA:251,0
DA:252,0
DA:253,0
DA:255,0
DA:256,0
DA:257,0
DA:258,0
DA:261,0
DA:266,0
DA:267,0
DA:272,0
DA:273,0
DA:274,0
DA:275,0
DA:276,0
DA:277,0
DA:278,0
DA:280,0
DA:284,0
DA:285,0
DA:286,0
DA:315,0
DA:316,0
DA:317,0
DA:321,0
DA:322,0
DA:323,0
LF:157
LH:0
end_of_record
SF:conjure_oxide/src/find_conjure.rs
FN:9,conjure_oxide::find_conjure::conjure_executable
FN:9,conjure_oxide::find_conjure::conjure_executable
FN:25,conjure_oxide::find_conjure::conjure_executable::{closure#0}
FN:25,conjure_oxide::find_conjure::conjure_executable::{closure#0}
FNDA:0,conjure_oxide::find_conjure::conjure_executable
FNDA:1,conjure_oxide::find_conjure::conjure_executable
FNDA:0,conjure_oxide::find_conjure::conjure_executable::{closure#0}
FNDA:0,conjure_oxide::find_conjure::conjure_executable::{closure#0}
FNF:4
FNH:1
BRF:0
BRH:0
DA:9,5
DA:10,5
DA:11,5
DA:12,5
DA:13,5
DA:15,5
DA:16,0
DA:17,5
DA:18,5
DA:19,5
DA:20,5
DA:21,5
DA:22,5
DA:23,0
DA:24,0
DA:25,0
DA:26,0
DA:27,0
DA:28,0
DA:29,0
DA:30,0
DA:32,0
DA:34,5
DA:35,5
DA:36,5
DA:37,5
DA:38,5
DA:40,5
DA:41,5
DA:42,0
DA:44,0
DA:45,0
DA:46,0
DA:47,0
DA:48,0
DA:49,0
DA:50,0
DA:51,0
DA:53,0
DA:55,5
DA:56,0
DA:57,0
DA:58,0
DA:59,0
DA:60,0
DA:61,5
DA:62,5
DA:63,5
LF:48
LH:23
end_of_record
SF:crates/conjure_core/src/rules/cnf.rs
FN:8,conjure_core::rules::cnf::CONJURE_GEN_RULE_SET_CNF::__typecheck::{closure#0}::{closure#0}
FN:8,conjure_core::rules::cnf::CONJURE_GEN_RULE_SET_CNF::__typecheck::{closure#0}
FN:8,conjure_core::rules::cnf::CONJURE_GEN_RULE_SET_CNF::__typecheck::{closure#0}
FN:8,conjure_core::rules::cnf::CONJURE_GEN_RULE_SET_CNF::__typecheck::{closure#0}::{closure#0}
FN:8,conjure_core::rules::cnf::CONJURE_GEN_RULE_SET_CNF::__typecheck
FN:8,conjure_core::rules::cnf::CONJURE_GEN_RULE_SET_CNF::__typecheck
FNDA:0,conjure_core::rules::cnf::CONJURE_GEN_RULE_SET_CNF::__typecheck::{closure#0}::{closure#0}
FNDA:0,conjure_core::rules::cnf::CONJURE_GEN_RULE_SET_CNF::__typecheck::{closure#0}
FNDA:0,conjure_core::rules::cnf::CONJURE_GEN_RULE_SET_CNF::__typecheck::{closure#0}
FNDA:0,conjure_core::rules::cnf::CONJURE_GEN_RULE_SET_CNF::__typecheck::{closure#0}::{closure#0}
FNDA:0,conjure_core::rules::cnf::CONJURE_GEN_RULE_SET_CNF::__typecheck
FNDA:0,conjure_core::rules::cnf::CONJURE_GEN_RULE_SET_CNF::__typecheck
FNF:6
FNH:0
BRF:0
BRH:0
DA:8,0
LF:1
LH:0
end_of_record
SF:solvers/minion/src/run.rs
FN:612,minion_rs::run::read_list::{closure#0}
FN:697,minion_rs::run::read_constant
FN:162,minion_rs::run::run_minion
FN:229,minion_rs::run::convert_model_to_raw::{closure#1}
FN:229,minion_rs::run::convert_model_to_raw::{closure#1}
FN:616,minion_rs::run::read_list::{closure#1}
FN:660,minion_rs::run::read_2_vars
FN:759,minion_rs::run::read_constraint_list::{closure#0}
FN:713,minion_rs::run::read_constant_list
FN:635,minion_rs::run::read_var
FN:296,minion_rs::run::get_constraint_type
FN:386,minion_rs::run::constraint_add_args
FN:607,minion_rs::run::read_list
FN:759,minion_rs::run::read_constraint_list::{closure#0}
FN:640,minion_rs::run::read_var::{closure#0}
FN:162,minion_rs::run::run_minion
FN:717,minion_rs::run::read_constant_list::{closure#0}
FN:168,minion_rs::run::run_minion::{closure#0}
FN:680,minion_rs::run::read_2_vars::{closure#1}
FN:612,minion_rs::run::read_list::{closure#0}
FN:668,minion_rs::run::read_2_vars::{closure#0}
FN:660,minion_rs::run::read_2_vars
FN:717,minion_rs::run::read_constant_list::{closure#0}
FN:168,minion_rs::run::run_minion::{closure#0}
FN:386,minion_rs::run::constraint_add_args
FN:635,minion_rs::run::read_var
FN:754,minion_rs::run::read_constraint_list
FN:640,minion_rs::run::read_var::{closure#0}
FN:744,minion_rs::run::read_constraint::{closure#0}
FN:270,minion_rs::run::convert_model_to_raw::{closure#2}
FN:643,minion_rs::run::read_var::{closure#1}
FN:616,minion_rs::run::read_list::{closure#1}
FN:643,minion_rs::run::read_var::{closure#1}
FN:221,minion_rs::run::convert_model_to_raw::{closure#0}
FN:713,minion_rs::run::read_constant_list
FN:738,minion_rs::run::read_constraint
FN:764,minion_rs::run::read_constraint_list::{closure#1}
FN:754,minion_rs::run::read_constraint_list
FN:296,minion_rs::run::get_constraint_type
FN:668,minion_rs::run::read_2_vars::{closure#0}
FN:697,minion_rs::run::read_constant
FN:738,minion_rs::run::read_constraint
FN:119,run_callback
FN:204,minion_rs::run::convert_model_to_raw
FN:285,minion_rs::run::convert_model_to_raw::{closure#3}
FN:764,minion_rs::run::read_constraint_list::{closure#1}
FN:221,minion_rs::run::convert_model_to_raw::{closure#0}
FN:680,minion_rs::run::read_2_vars::{closure#1}
FN:270,minion_rs::run::convert_model_to_raw::{closure#2}
FN:744,minion_rs::run::read_constraint::{closure#0}
FN:204,minion_rs::run::convert_model_to_raw
FN:285,minion_rs::run::convert_model_to_raw::{closure#3}
FN:607,minion_rs::run::read_list
FNDA:0,minion_rs::run::read_list::{closure#0}
FNDA:0,minion_rs::run::read_constant
FNDA:0,minion_rs::run::run_minion
FNDA:0,minion_rs::run::convert_model_to_raw::{closure#1}
FNDA:0,minion_rs::run::convert_model_to_raw::{closure#1}
FNDA:0,minion_rs::run::read_list::{closure#1}
FNDA:0,minion_rs::run::read_2_vars
FNDA:1,minion_rs::run::read_constraint_list::{closure#0}
FNDA:0,minion_rs::run::read_constant_list
FNDA:0,minion_rs::run::read_var
FNDA:0,minion_rs::run::get_constraint_type
FNDA:0,minion_rs::run::constraint_add_args
FNDA:0,minion_rs::run::read_list
FNDA:0,minion_rs::run::read_constraint_list::{closure#0}
FNDA:0,minion_rs::run::read_var::{closure#0}
FNDA:1,minion_rs::run::run_minion
FNDA:0,minion_rs::run::read_constant_list::{closure#0}
FNDA:0,minion_rs::run::run_minion::{closure#0}
FNDA:0,minion_rs::run::read_2_vars::{closure#1}
FNDA:1,minion_rs::run::read_list::{closure#0}
FNDA:0,minion_rs::run::read_2_vars::{closure#0}
FNDA:1,minion_rs::run::read_2_vars
FNDA:0,minion_rs::run::read_constant_list::{closure#0}
FNDA:1,minion_rs::run::run_minion::{closure#0}
FNDA:1,minion_rs::run::constraint_add_args
FNDA:1,minion_rs::run::read_var
FNDA:1,minion_rs::run::read_constraint_list
FNDA:1,minion_rs::run::read_var::{closure#0}
FNDA:0,minion_rs::run::read_constraint::{closure#0}
FNDA:0,minion_rs::run::convert_model_to_raw::{closure#2}
FNDA:0,minion_rs::run::read_var::{closure#1}
FNDA:0,minion_rs::run::read_list::{closure#1}
FNDA:0,minion_rs::run::read_var::{closure#1}
FNDA:0,minion_rs::run::convert_model_to_raw::{closure#0}
FNDA:0,minion_rs::run::read_constant_list
FNDA:0,minion_rs::run::read_constraint
FNDA:0,minion_rs::run::read_constraint_list::{closure#1}
FNDA:0,minion_rs::run::read_constraint_list
FNDA:1,minion_rs::run::get_constraint_type
FNDA:0,minion_rs::run::read_2_vars::{closure#0}
FNDA:1,minion_rs::run::read_constant
FNDA:1,minion_rs::run::read_constraint
FNDA:1,run_callback
FNDA:1,minion_rs::run::convert_model_to_raw
FNDA:1,minion_rs::run::convert_model_to_raw::{closure#3}
FNDA:1,minion_rs::run::read_constraint_list::{closure#1}
FNDA:1,minion_rs::run::convert_model_to_raw::{closure#0}
FNDA:0,minion_rs::run::read_2_vars::{closure#1}
FNDA:1,minion_rs::run::convert_model_to_raw::{closure#2}
FNDA:1,minion_rs::run::read_constraint::{closure#0}
FNDA:0,minion_rs::run::convert_model_to_raw
FNDA:0,minion_rs::run::convert_model_to_raw::{closure#3}
FNDA:1,minion_rs::run::read_list
FNF:53
FNH:20
BRF:0
BRH:0
DA:119,3375
DA:120,3375
DA:121,3375
DA:122,3375
DA:123,3375
DA:124,3375
DA:125,3375
DA:126,3375
DA:127,3375
DA:128,0
DA:129,3375
DA:131,3375
DA:132,3375
DA:133,0
DA:136,3375
DA:137,0
DA:138,3375
DA:139,3375
DA:140,3375
DA:141,3375
DA:143,9108
DA:144,9108
DA:145,9108
DA:146,9108
DA:147,9108
DA:150,3375
DA:151,0
DA:152,3375
DA:154,3375
DA:162,405
DA:163,405
DA:164,405
DA:165,405
DA:166,405
DA:167,405
DA:168,405
DA:169,405
DA:170,405
DA:171,405
DA:172,405
DA:173,405
DA:174,405
DA:175,405
DA:176,405
DA:177,405
DA:178,405
DA:179,405
DA:181,405
DA:182,405
DA:183,405
DA:184,405
DA:185,405
DA:186,405
DA:187,405
DA:188,405
DA:189,405
DA:190,405
DA:191,405
DA:192,405
DA:193,405
DA:194,405
DA:195,405
DA:196,405
DA:197,405
DA:198,405
DA:199,0
DA:202,405
DA:204,405
DA:205,405
DA:206,405
DA:207,405
DA:208,405
DA:209,405
DA:210,405
DA:211,405
DA:212,405
DA:213,405
DA:214,405
DA:215,405
DA:216,405
DA:217,405
DA:218,405
DA:219,405
DA:220,405
DA:221,405
DA:222,405
DA:223,405
DA:224,405
DA:225,405
DA:226,405
DA:228,1053
DA:229,1053
DA:230,0
DA:231,0
DA:232,0
DA:233,0
DA:234,1053
DA:236,1053
DA:237,1053
DA:238,1053
DA:239,1053
DA:241,1053
DA:242,900
DA:243,153
DA:244,0
DA:245,0
DA:247,1053
DA:248,1053
DA:249,1053
DA:250,1053
DA:251,1053
DA:252,1053
DA:253,1053
DA:254,1053
DA:255,1053
DA:256,1053
DA:257,1053
DA:258,1053
DA:259,1053
DA:260,1053
DA:261,1053
DA:262,1053
DA:263,1053
DA:264,1053
DA:265,1053
DA:268,405
DA:269,405
DA:270,405
DA:271,405
DA:272,405
DA:273,405
DA:279,3357
DA:284,2952
DA:285,2952
DA:286,2952
DA:287,2952
DA:288,2952
DA:289,2952
DA:290,2952
DA:293,405
DA:294,405
DA:296,10944
DA:297,10944
DA:298,2619
DA:299,2646
DA:300,2871
DA:301,198
DA:302,0
DA:303,0
DA:304,54
DA:305,0
DA:306,0
DA:307,0
DA:308,0
DA:309,0
DA:310,0
DA:311,0
DA:312,0
DA:313,0
DA:314,18
DA:315,0
DA:316,0
DA:317,9
DA:318,2304
DA:319,0
DA:320,0
DA:321,0
DA:322,0
DA:323,0
DA:324,0
DA:325,0
DA:326,0
DA:327,0
DA:328,0
DA:329,0
DA:330,0
DA:331,0
DA:332,0
DA:333,0
DA:334,0
DA:335,0
DA:336,0
DA:337,0
DA:338,0
DA:339,0
DA:340,0
DA:341,0
DA:342,0
DA:343,0
DA:344,0
DA:345,0
DA:346,0
DA:347,0
DA:348,0
DA:349,0
DA:350,0
DA:351,0
DA:352,0
DA:353,0
DA:354,0
DA:355,0
DA:357,0
DA:360,0
DA:362,135
DA:363,0
DA:364,0
DA:365,0
DA:366,0
DA:367,0
DA:368,0
DA:369,0
DA:370,81
DA:371,0
DA:372,0
DA:373,0
DA:374,0
DA:375,0
DA:376,9
DA:379,0
DA:380,0
DA:381,0
DA:382,0
DA:384,10944
DA:386,10944
DA:387,10944
DA:388,10944
DA:389,10944
DA:390,10944
DA:391,10944
DA:392,2619
DA:393,2619
DA:394,2619
DA:395,2619
DA:397,2646
DA:398,2646
DA:399,2646
DA:400,2646
DA:402,2871
DA:403,2871
DA:404,2871
DA:405,2871
DA:406,2871
DA:408,198
DA:409,198
DA:410,198
DA:411,198
DA:413,0
DA:414,0
DA:415,0
DA:416,0
DA:418,0
DA:419,0
DA:420,0
DA:421,0
DA:423,54
DA:424,54
DA:425,54
DA:426,54
DA:428,0
DA:429,0
DA:430,0
DA:431,0
DA:433,0
DA:434,0
DA:435,0
DA:436,0
DA:438,0
DA:439,0
DA:440,0
DA:441,0
DA:443,0
DA:444,0
DA:445,0
DA:446,0
DA:448,0
DA:449,0
DA:450,0
DA:451,0
DA:452,0
DA:454,0
DA:455,0
DA:456,0
DA:457,0
DA:458,0
DA:460,0
DA:461,0
DA:462,0
DA:464,0
DA:465,0
DA:466,0
DA:468,0
DA:469,0
DA:470,0
DA:472,18
DA:473,18
DA:474,18
DA:475,18
DA:477,0
DA:478,0
DA:479,0
DA:480,0
DA:482,0
DA:483,0
DA:484,0
DA:485,0
DA:487,9
DA:488,9
DA:489,9
DA:491,2304
DA:492,2304
DA:493,2304
DA:495,0
DA:496,0
DA:497,0
DA:499,0
DA:500,0
DA:501,0
DA:503,0
DA:504,0
DA:505,0
DA:506,0
DA:508,0
DA:509,0
DA:510,0
DA:511,0
DA:513,0
DA:514,0
DA:515,0
DA:516,0
DA:518,0
DA:519,0
DA:520,0
DA:521,0
DA:522,0
DA:524,0
DA:525,0
DA:526,0
DA:527,0
DA:528,0
DA:530,0
DA:531,0
DA:532,0
DA:533,0
DA:534,0
DA:567,135
DA:568,135
DA:569,135
DA:570,135
DA:575,0
DA:576,0
DA:577,0
DA:578,0
DA:583,81
DA:584,81
DA:585,81
DA:586,81
DA:592,0
DA:593,0
DA:594,0
DA:595,0
DA:598,0
DA:599,9
DA:601,0
DA:603,10944
DA:607,5265
DA:608,5265
DA:609,5265
DA:610,5265
DA:611,5265
DA:612,5265
DA:613,20952
DA:614,15687
DA:615,15669
DA:616,15669
DA:617,0
DA:618,0
DA:619,0
DA:620,0
DA:621,15669
DA:622,15669
DA:624,18
DA:627,15687
DA:630,5265
DA:631,5265
DA:632,5265
DA:633,5265
DA:635,11772
DA:636,11772
DA:637,11772
DA:638,11772
DA:639,11772
DA:640,11772
DA:641,11772
DA:642,6336
DA:643,6336
DA:644,0
DA:645,0
DA:646,0
DA:647,0
DA:648,6336
DA:649,6336
DA:651,5436
DA:654,11772
DA:655,11772
DA:656,11772
DA:657,11772
DA:658,11772
DA:660,54
DA:661,54
DA:662,54
DA:663,54
DA:664,54
DA:665,54
DA:666,54
DA:667,45
DA:668,45
DA:669,0
DA:670,0
DA:671,0
DA:672,0
DA:673,45
DA:674,45
DA:676,9
DA:678,54
DA:679,54
DA:680,54
DA:681,0
DA:682,0
DA:683,0
DA:684,0
DA:685,54
DA:686,54
DA:688,0
DA:693,54
DA:694,54
DA:695,54
DA:697,3006
DA:698,3006
DA:699,3006
DA:700,3006
DA:701,3006
DA:702,3006
DA:703,0
DA:704,0
DA:705,0
DA:706,0
DA:708,3006
DA:709,3006
DA:710,3006
DA:711,3006
DA:713,0
DA:714,0
DA:715,0
DA:716,0
DA:717,0
DA:719,0
DA:720,0
DA:721,0
DA:722,0
DA:723,0
DA:725,0
DA:726,0
DA:728,0
DA:731,0
DA:732,0
DA:733,0
DA:738,18
DA:739,18
DA:740,18
DA:741,18
DA:742,18
DA:743,18
DA:744,18
DA:745,18
DA:746,18
DA:747,18
DA:748,18
DA:750,18
DA:751,18
DA:752,18
DA:754,2313
DA:755,2313
DA:756,2313
DA:757,2313
DA:758,2313
DA:759,2313
DA:760,2313
DA:761,2313
DA:762,7974
DA:763,7974
DA:764,7974
DA:765,7974
DA:766,7974
DA:767,7974
DA:768,7974
DA:769,7974
DA:772,2313
DA:773,2313
DA:774,2313
LF:499
LH:289
end_of_record
SF:crates/conjure_core/src/rules/base.rs
FN:252,conjure_core::rules::base::remove_trivial_and
FN:198,conjure_core::rules::base::CONJURE_GEN_RULE_UNWRAP_NESTED_AND::__typecheck::{closure#0}
FN:391,conjure_core::rules::base::min_to_var
FN:115,conjure_core::rules::base::CONJURE_GEN_RULE_UNWRAP_SUM::__typecheck::{closure#0}::{closure#0}
FN:529,conjure_core::rules::base::CONJURE_GEN_RULE_DISTRIBUTE_NOT_OVER_AND::__typecheck::{closure#0}::{closure#0}
FN:390,conjure_core::rules::base::CONJURE_GEN_RULE_MIN_TO_VAR::__typecheck::{closure#0}::{closure#0}
FN:434,conjure_core::rules::base::CONJURE_GEN_RULE_MAX_TO_VAR::__typecheck
FN:290,conjure_core::rules::base::remove_constants_from_or
FN:479,conjure_core::rules::base::CONJURE_GEN_RULE_DISTRIBUTE_OR_OVER_AND::__typecheck::{closure#0}::{closure#0}
FN:529,conjure_core::rules::base::CONJURE_GEN_RULE_DISTRIBUTE_NOT_OVER_AND::__typecheck
FN:234,conjure_core::rules::base::CONJURE_GEN_RULE_REMOVE_DOUBLE_NEGATION::__typecheck::{closure#0}
FN:46,conjure_core::rules::base::remove_nothings::get_lhs_rhs
FN:251,conjure_core::rules::base::CONJURE_GEN_RULE_REMOVE_TRIVIAL_AND::__typecheck
FN:165,conjure_core::rules::base::CONJURE_GEN_RULE_UNWRAP_NESTED_OR::__typecheck::{closure#0}
FN:85,conjure_core::rules::base::CONJURE_GEN_RULE_REMOVE_EMPTY_EXPRESSION::__typecheck::{closure#0}
FN:129,conjure_core::rules::base::CONJURE_GEN_RULE_FLATTEN_NESTED_SUM::__typecheck::{closure#0}
FN:560,conjure_core::rules::base::CONJURE_GEN_RULE_DISTRIBUTE_NOT_OVER_OR::__typecheck
FN:435,conjure_core::rules::base::max_to_var
FN:561,conjure_core::rules::base::distribute_not_over_or
FN:289,conjure_core::rules::base::CONJURE_GEN_RULE_REMOVE_CONSTANTS_FROM_OR::__typecheck::{closure#0}::{closure#0}
FN:434,conjure_core::rules::base::CONJURE_GEN_RULE_MAX_TO_VAR::__typecheck
FN:530,conjure_core::rules::base::distribute_not_over_and
FN:26,conjure_core::rules::base::remove_nothings::remove_nothings
FN:328,conjure_core::rules::base::CONJURE_GEN_RULE_REMOVE_CONSTANTS_FROM_AND::__typecheck::{closure#0}::{closure#0}
FN:370,conjure_core::rules::base::CONJURE_GEN_RULE_EVALUATE_CONSTANT_NOT::__typecheck::{closure#0}::{closure#0}
FN:129,conjure_core::rules::base::CONJURE_GEN_RULE_FLATTEN_NESTED_SUM::__typecheck
FN:13,conjure_core::rules::base::CONJURE_GEN_RULE_SET_BASE::__typecheck::{closure#0}
FN:390,conjure_core::rules::base::CONJURE_GEN_RULE_MIN_TO_VAR::__typecheck
FN:115,conjure_core::rules::base::CONJURE_GEN_RULE_UNWRAP_SUM::__typecheck::{closure#0}
FN:115,conjure_core::rules::base::CONJURE_GEN_RULE_UNWRAP_SUM::__typecheck
FN:129,conjure_core::rules::base::CONJURE_GEN_RULE_FLATTEN_NESTED_SUM::__typecheck
FN:328,conjure_core::rules::base::CONJURE_GEN_RULE_REMOVE_CONSTANTS_FROM_AND::__typecheck::{closure#0}
FN:199,conjure_core::rules::base::unwrap_nested_and
FN:235,conjure_core::rules::base::remove_double_negation
FN:529,conjure_core::rules::base::CONJURE_GEN_RULE_DISTRIBUTE_NOT_OVER_AND::__typecheck
FN:391,conjure_core::rules::base::min_to_var
FN:24,conjure_core::rules::base::CONJURE_GEN_RULE_REMOVE_NOTHINGS::__typecheck::{closure#0}
FN:86,conjure_core::rules::base::remove_empty_expression
FN:561,conjure_core::rules::base::distribute_not_over_or
FN:328,conjure_core::rules::base::CONJURE_GEN_RULE_REMOVE_CONSTANTS_FROM_AND::__typecheck::{closure#0}::{closure#0}
FN:116,conjure_core::rules::base::unwrap_sum
FN:390,conjure_core::rules::base::CONJURE_GEN_RULE_MIN_TO_VAR::__typecheck::{closure#0}::{closure#0}
FN:13,conjure_core::rules::base::CONJURE_GEN_RULE_SET_BASE::__typecheck
FN:115,conjure_core::rules::base::CONJURE_GEN_RULE_UNWRAP_SUM::__typecheck::{closure#0}
FN:560,conjure_core::rules::base::CONJURE_GEN_RULE_DISTRIBUTE_NOT_OVER_OR::__typecheck::{closure#0}::{closure#0}
FN:270,conjure_core::rules::base::CONJURE_GEN_RULE_REMOVE_TRIVIAL_OR::__typecheck
FN:481,conjure_core::rules::base::distribute_or_over_and::find_and
FN:529,conjure_core::rules::base::CONJURE_GEN_RULE_DISTRIBUTE_NOT_OVER_AND::__typecheck::{closure#0}
FN:234,conjure_core::rules::base::CONJURE_GEN_RULE_REMOVE_DOUBLE_NEGATION::__typecheck
FN:370,conjure_core::rules::base::CONJURE_GEN_RULE_EVALUATE_CONSTANT_NOT::__typecheck::{closure#0}
FN:165,conjure_core::rules::base::CONJURE_GEN_RULE_UNWRAP_NESTED_OR::__typecheck::{closure#0}
FN:13,conjure_core::rules::base::CONJURE_GEN_RULE_SET_BASE::__typecheck::{closure#0}
FN:289,conjure_core::rules::base::CONJURE_GEN_RULE_REMOVE_CONSTANTS_FROM_OR::__typecheck::{closure#0}
FN:370,conjure_core::rules::base::CONJURE_GEN_RULE_EVALUATE_CONSTANT_NOT::__typecheck::{closure#0}::{closure#0}
FN:434,conjure_core::rules::base::CONJURE_GEN_RULE_MAX_TO_VAR::__typecheck::{closure#0}
FN:165,conjure_core::rules::base::CONJURE_GEN_RULE_UNWRAP_NESTED_OR::__typecheck::{closure#0}::{closure#0}
FN:479,conjure_core::rules::base::CONJURE_GEN_RULE_DISTRIBUTE_OR_OVER_AND::__typecheck
FN:560,conjure_core::rules::base::CONJURE_GEN_RULE_DISTRIBUTE_NOT_OVER_OR::__typecheck::{closure#0}::{closure#0}
FN:234,conjure_core::rules::base::CONJURE_GEN_RULE_REMOVE_DOUBLE_NEGATION::__typecheck::{closure#0}::{closure#0}
FN:479,conjure_core::rules::base::CONJURE_GEN_RULE_DISTRIBUTE_OR_OVER_AND::__typecheck::{closure#0}::{closure#0}
FN:26,conjure_core::rules::base::remove_nothings::remove_nothings
FN:328,conjure_core::rules::base::CONJURE_GEN_RULE_REMOVE_CONSTANTS_FROM_AND::__typecheck
FN:370,conjure_core::rules::base::CONJURE_GEN_RULE_EVALUATE_CONSTANT_NOT::__typecheck
FN:270,conjure_core::rules::base::CONJURE_GEN_RULE_REMOVE_TRIVIAL_OR::__typecheck::{closure#0}
FN:116,conjure_core::rules::base::unwrap_sum
FN:390,conjure_core::rules::base::CONJURE_GEN_RULE_MIN_TO_VAR::__typecheck
FN:165,conjure_core::rules::base::CONJURE_GEN_RULE_UNWRAP_NESTED_OR::__typecheck
FN:479,conjure_core::rules::base::CONJURE_GEN_RULE_DISTRIBUTE_OR_OVER_AND::__typecheck::{closure#0}
FN:371,conjure_core::rules::base::evaluate_constant_not
FN:24,conjure_core::rules::base::CONJURE_GEN_RULE_REMOVE_NOTHINGS::__typecheck::{closure#0}::{closure#0}
FN:166,conjure_core::rules::base::unwrap_nested_or
FN:290,conjure_core::rules::base::remove_constants_from_or
FN:13,conjure_core::rules::base::CONJURE_GEN_RULE_SET_BASE::__typecheck::{closure#0}::{closure#0}
FN:435,conjure_core::rules::base::max_to_var
FN:24,conjure_core::rules::base::CONJURE_GEN_RULE_REMOVE_NOTHINGS::__typecheck::{closure#0}
FN:529,conjure_core::rules::base::CONJURE_GEN_RULE_DISTRIBUTE_NOT_OVER_AND::__typecheck::{closure#0}
FN:370,conjure_core::rules::base::CONJURE_GEN_RULE_EVALUATE_CONSTANT_NOT::__typecheck::{closure#0}
FN:85,conjure_core::rules::base::CONJURE_GEN_RULE_REMOVE_EMPTY_EXPRESSION::__typecheck
FN:13,conjure_core::rules::base::CONJURE_GEN_RULE_SET_BASE::__typecheck
FN:251,conjure_core::rules::base::CONJURE_GEN_RULE_REMOVE_TRIVIAL_AND::__typecheck::{closure#0}
FN:479,conjure_core::rules::base::CONJURE_GEN_RULE_DISTRIBUTE_OR_OVER_AND::__typecheck
FN:289,conjure_core::rules::base::CONJURE_GEN_RULE_REMOVE_CONSTANTS_FROM_OR::__typecheck
FN:199,conjure_core::rules::base::unwrap_nested_and
FN:130,conjure_core::rules::base::flatten_nested_sum
FN:24,conjure_core::rules::base::CONJURE_GEN_RULE_REMOVE_NOTHINGS::__typecheck
FN:434,conjure_core::rules::base::CONJURE_GEN_RULE_MAX_TO_VAR::__typecheck::{closure#0}::{closure#0}
FN:529,conjure_core::rules::base::CONJURE_GEN_RULE_DISTRIBUTE_NOT_OVER_AND::__typecheck::{closure#0}::{closure#0}
FN:24,conjure_core::rules::base::CONJURE_GEN_RULE_REMOVE_NOTHINGS::__typecheck
FN:251,conjure_core::rules::base::CONJURE_GEN_RULE_REMOVE_TRIVIAL_AND::__typecheck::{closure#0}
FN:560,conjure_core::rules::base::CONJURE_GEN_RULE_DISTRIBUTE_NOT_OVER_OR::__typecheck::{closure#0}
FN:24,conjure_core::rules::base::CONJURE_GEN_RULE_REMOVE_NOTHINGS::__typecheck::{closure#0}::{closure#0}
FN:85,conjure_core::rules::base::CONJURE_GEN_RULE_REMOVE_EMPTY_EXPRESSION::__typecheck::{closure#0}::{closure#0}
FN:198,conjure_core::rules::base::CONJURE_GEN_RULE_UNWRAP_NESTED_AND::__typecheck::{closure#0}::{closure#0}
FN:479,conjure_core::rules::base::CONJURE_GEN_RULE_DISTRIBUTE_OR_OVER_AND::__typecheck::{closure#0}
FN:560,conjure_core::rules::base::CONJURE_GEN_RULE_DISTRIBUTE_NOT_OVER_OR::__typecheck
FN:480,conjure_core::rules::base::distribute_or_over_and
FN:270,conjure_core::rules::base::CONJURE_GEN_RULE_REMOVE_TRIVIAL_OR::__typecheck::{closure#0}::{closure#0}
FN:271,conjure_core::rules::base::remove_trivial_or
FN:530,conjure_core::rules::base::distribute_not_over_and
FN:270,conjure_core::rules::base::CONJURE_GEN_RULE_REMOVE_TRIVIAL_OR::__typecheck::{closure#0}::{closure#0}
FN:85,conjure_core::rules::base::CONJURE_GEN_RULE_REMOVE_EMPTY_EXPRESSION::__typecheck
FN:165,conjure_core::rules::base::CONJURE_GEN_RULE_UNWRAP_NESTED_OR::__typecheck
FN:46,conjure_core::rules::base::remove_nothings::get_lhs_rhs
FN:165,conjure_core::rules::base::CONJURE_GEN_RULE_UNWRAP_NESTED_OR::__typecheck::{closure#0}::{closure#0}
FN:235,conjure_core::rules::base::remove_double_negation
FN:289,conjure_core::rules::base::CONJURE_GEN_RULE_REMOVE_CONSTANTS_FROM_OR::__typecheck::{closure#0}
FN:434,conjure_core::rules::base::CONJURE_GEN_RULE_MAX_TO_VAR::__typecheck::{closure#0}::{closure#0}
FN:390,conjure_core::rules::base::CONJURE_GEN_RULE_MIN_TO_VAR::__typecheck::{closure#0}
FN:198,conjure_core::rules::base::CONJURE_GEN_RULE_UNWRAP_NESTED_AND::__typecheck
FN:390,conjure_core::rules::base::CONJURE_GEN_RULE_MIN_TO_VAR::__typecheck::{closure#0}
FN:289,conjure_core::rules::base::CONJURE_GEN_RULE_REMOVE_CONSTANTS_FROM_OR::__typecheck
FN:198,conjure_core::rules::base::CONJURE_GEN_RULE_UNWRAP_NESTED_AND::__typecheck::{closure#0}
FN:328,conjure_core::rules::base::CONJURE_GEN_RULE_REMOVE_CONSTANTS_FROM_AND::__typecheck
FN:251,conjure_core::rules::base::CONJURE_GEN_RULE_REMOVE_TRIVIAL_AND::__typecheck::{closure#0}::{closure#0}
FN:434,conjure_core::rules::base::CONJURE_GEN_RULE_MAX_TO_VAR::__typecheck::{closure#0}
FN:115,conjure_core::rules::base::CONJURE_GEN_RULE_UNWRAP_SUM::__typecheck
FN:480,conjure_core::rules::base::distribute_or_over_and
FN:25,conjure_core::rules::base::remove_nothings
FN:271,conjure_core::rules::base::remove_trivial_or
FN:234,conjure_core::rules::base::CONJURE_GEN_RULE_REMOVE_DOUBLE_NEGATION::__typecheck::{closure#0}
FN:130,conjure_core::rules::base::flatten_nested_sum
FN:560,conjure_core::rules::base::CONJURE_GEN_RULE_DISTRIBUTE_NOT_OVER_OR::__typecheck::{closure#0}
FN:25,conjure_core::rules::base::remove_nothings
FN:198,conjure_core::rules::base::CONJURE_GEN_RULE_UNWRAP_NESTED_AND::__typecheck
FN:234,conjure_core::rules::base::CONJURE_GEN_RULE_REMOVE_DOUBLE_NEGATION::__typecheck
FN:129,conjure_core::rules::base::CONJURE_GEN_RULE_FLATTEN_NESTED_SUM::__typecheck::{closure#0}::{closure#0}
FN:328,conjure_core::rules::base::CONJURE_GEN_RULE_REMOVE_CONSTANTS_FROM_AND::__typecheck::{closure#0}
FN:371,conjure_core::rules::base::evaluate_constant_not
FN:481,conjure_core::rules::base::distribute_or_over_and::find_and
FN:166,conjure_core::rules::base::unwrap_nested_or
FN:251,conjure_core::rules::base::CONJURE_GEN_RULE_REMOVE_TRIVIAL_AND::__typecheck
FN:270,conjure_core::rules::base::CONJURE_GEN_RULE_REMOVE_TRIVIAL_OR::__typecheck::{closure#0}
FN:86,conjure_core::rules::base::remove_empty_expression
FN:252,conjure_core::rules::base::remove_trivial_and
FN:115,conjure_core::rules::base::CONJURE_GEN_RULE_UNWRAP_SUM::__typecheck::{closure#0}::{closure#0}
FN:129,conjure_core::rules::base::CONJURE_GEN_RULE_FLATTEN_NESTED_SUM::__typecheck::{closure#0}::{closure#0}
FN:234,conjure_core::rules::base::CONJURE_GEN_RULE_REMOVE_DOUBLE_NEGATION::__typecheck::{closure#0}::{closure#0}
FN:129,conjure_core::rules::base::CONJURE_GEN_RULE_FLATTEN_NESTED_SUM::__typecheck::{closure#0}
FN:13,conjure_core::rules::base::CONJURE_GEN_RULE_SET_BASE::__typecheck::{closure#0}::{closure#0}
FN:329,conjure_core::rules::base::remove_constants_from_and
FN:198,conjure_core::rules::base::CONJURE_GEN_RULE_UNWRAP_NESTED_AND::__typecheck::{closure#0}::{closure#0}
FN:289,conjure_core::rules::base::CONJURE_GEN_RULE_REMOVE_CONSTANTS_FROM_OR::__typecheck::{closure#0}::{closure#0}
FN:85,conjure_core::rules::base::CONJURE_GEN_RULE_REMOVE_EMPTY_EXPRESSION::__typecheck::{closure#0}::{closure#0}
FN:85,conjure_core::rules::base::CONJURE_GEN_RULE_REMOVE_EMPTY_EXPRESSION::__typecheck::{closure#0}
FN:329,conjure_core::rules::base::remove_constants_from_and
FN:370,conjure_core::rules::base::CONJURE_GEN_RULE_EVALUATE_CONSTANT_NOT::__typecheck
FN:251,conjure_core::rules::base::CONJURE_GEN_RULE_REMOVE_TRIVIAL_AND::__typecheck::{closure#0}::{closure#0}
FN:270,conjure_core::rules::base::CONJURE_GEN_RULE_REMOVE_TRIVIAL_OR::__typecheck
FNDA:0,conjure_core::rules::base::remove_trivial_and
FNDA:0,conjure_core::rules::base::CONJURE_GEN_RULE_UNWRAP_NESTED_AND::__typecheck::{closure#0}
FNDA:1,conjure_core::rules::base::min_to_var
FNDA:0,conjure_core::rules::base::CONJURE_GEN_RULE_UNWRAP_SUM::__typecheck::{closure#0}::{closure#0}
FNDA:0,conjure_core::rules::base::CONJURE_GEN_RULE_DISTRIBUTE_NOT_OVER_AND::__typecheck::{closure#0}::{closure#0}
FNDA:0,conjure_core::rules::base::CONJURE_GEN_RULE_MIN_TO_VAR::__typecheck::{closure#0}::{closure#0}
FNDA:0,conjure_core::rules::base::CONJURE_GEN_RULE_MAX_TO_VAR::__typecheck
FNDA:0,conjure_core::rules::base::remove_constants_from_or
FNDA:0,conjure_core::rules::base::CONJURE_GEN_RULE_DISTRIBUTE_OR_OVER_AND::__typecheck::{closure#0}::{closure#0}
FNDA:0,conjure_core::rules::base::CONJURE_GEN_RULE_DISTRIBUTE_NOT_OVER_AND::__typecheck
FNDA:0,conjure_core::rules::base::CONJURE_GEN_RULE_REMOVE_DOUBLE_NEGATION::__typecheck::{closure#0}
FNDA:0,conjure_core::rules::base::remove_nothings::get_lhs_rhs
FNDA:0,conjure_core::rules::base::CONJURE_GEN_RULE_REMOVE_TRIVIAL_AND::__typecheck
FNDA:0,conjure_core::rules::base::CONJURE_GEN_RULE_UNWRAP_NESTED_OR::__typecheck::{closure#0}
FNDA:0,conjure_core::rules::base::CONJURE_GEN_RULE_REMOVE_EMPTY_EXPRESSION::__typecheck::{closure#0}
FNDA:0,conjure_core::rules::base::CONJURE_GEN_RULE_FLATTEN_NESTED_SUM::__typecheck::{closure#0}
FNDA:0,conjure_core::rules::base::CONJURE_GEN_RULE_DISTRIBUTE_NOT_OVER_OR::__typecheck
FNDA:1,conjure_core::rules::base::max_to_var
FNDA:0,conjure_core::rules::base::distribute_not_over_or
FNDA:0,conjure_core::rules::base::CONJURE_GEN_RULE_REMOVE_CONSTANTS_FROM_OR::__typecheck::{closure#0}::{closure#0}
FNDA:0,conjure_core::rules::base::CONJURE_GEN_RULE_MAX_TO_VAR::__typecheck
FNDA:0,conjure_core::rules::base::distribute_not_over_and
FNDA:0,conjure_core::rules::base::remove_nothings::remove_nothings
FNDA:0,conjure_core::rules::base::CONJURE_GEN_RULE_REMOVE_CONSTANTS_FROM_AND::__typecheck::{closure#0}::{closure#0}
FNDA:0,conjure_core::rules::base::CONJURE_GEN_RULE_EVALUATE_CONSTANT_NOT::__typecheck::{closure#0}::{closure#0}
FNDA:0,conjure_core::rules::base::CONJURE_GEN_RULE_FLATTEN_NESTED_SUM::__typecheck
FNDA:0,conjure_core::rules::base::CONJURE_GEN_RULE_SET_BASE::__typecheck::{closure#0}
FNDA:0,conjure_core::rules::base::CONJURE_GEN_RULE_MIN_TO_VAR::__typecheck
FNDA:0,conjure_core::rules::base::CONJURE_GEN_RULE_UNWRAP_SUM::__typecheck::{closure#0}
FNDA:0,conjure_core::rules::base::CONJURE_GEN_RULE_UNWRAP_SUM::__typecheck
FNDA:0,conjure_core::rules::base::CONJURE_GEN_RULE_FLATTEN_NESTED_SUM::__typecheck
FNDA:0,conjure_core::rules::base::CONJURE_GEN_RULE_REMOVE_CONSTANTS_FROM_AND::__typecheck::{closure#0}
FNDA:0,conjure_core::rules::base::unwrap_nested_and
FNDA:0,conjure_core::rules::base::remove_double_negation
FNDA:0,conjure_core::rules::base::CONJURE_GEN_RULE_DISTRIBUTE_NOT_OVER_AND::__typecheck
FNDA:0,conjure_core::rules::base::min_to_var
FNDA:0,conjure_core::rules::base::CONJURE_GEN_RULE_REMOVE_NOTHINGS::__typecheck::{closure#0}
FNDA:1,conjure_core::rules::base::remove_empty_expression
FNDA:1,conjure_core::rules::base::distribute_not_over_or
FNDA:0,conjure_core::rules::base::CONJURE_GEN_RULE_REMOVE_CONSTANTS_FROM_AND::__typecheck::{closure#0}::{closure#0}
FNDA:0,conjure_core::rules::base::unwrap_sum
FNDA:0,conjure_core::rules::base::CONJURE_GEN_RULE_MIN_TO_VAR::__typecheck::{closure#0}::{closure#0}
FNDA:0,conjure_core::rules::base::CONJURE_GEN_RULE_SET_BASE::__typecheck
FNDA:0,conjure_core::rules::base::CONJURE_GEN_RULE_UNWRAP_SUM::__typecheck::{closure#0}
FNDA:0,conjure_core::rules::base::CONJURE_GEN_RULE_DISTRIBUTE_NOT_OVER_OR::__typecheck::{closure#0}::{closure#0}
FNDA:0,conjure_core::rules::base::CONJURE_GEN_RULE_REMOVE_TRIVIAL_OR::__typecheck
FNDA:1,conjure_core::rules::base::distribute_or_over_and::find_and
FNDA:0,conjure_core::rules::base::CONJURE_GEN_RULE_DISTRIBUTE_NOT_OVER_AND::__typecheck::{closure#0}
FNDA:0,conjure_core::rules::base::CONJURE_GEN_RULE_REMOVE_DOUBLE_NEGATION::__typecheck
FNDA:0,conjure_core::rules::base::CONJURE_GEN_RULE_EVALUATE_CONSTANT_NOT::__typecheck::{closure#0}
FNDA:0,conjure_core::rules::base::CONJURE_GEN_RULE_UNWRAP_NESTED_OR::__typecheck::{closure#0}
FNDA:0,conjure_core::rules::base::CONJURE_GEN_RULE_SET_BASE::__typecheck::{closure#0}
FNDA:0,conjure_core::rules::base::CONJURE_GEN_RULE_REMOVE_CONSTANTS_FROM_OR::__typecheck::{closure#0}
FNDA:0,conjure_core::rules::base::CONJURE_GEN_RULE_EVALUATE_CONSTANT_NOT::__typecheck::{closure#0}::{closure#0}
FNDA:0,conjure_core::rules::base::CONJURE_GEN_RULE_MAX_TO_VAR::__typecheck::{closure#0}
FNDA:0,conjure_core::rules::base::CONJURE_GEN_RULE_UNWRAP_NESTED_OR::__typecheck::{closure#0}::{closure#0}
FNDA:0,conjure_core::rules::base::CONJURE_GEN_RULE_DISTRIBUTE_OR_OVER_AND::__typecheck
FNDA:0,conjure_core::rules::base::CONJURE_GEN_RULE_DISTRIBUTE_NOT_OVER_OR::__typecheck::{closure#0}::{closure#0}
FNDA:0,conjure_core::rules::base::CONJURE_GEN_RULE_REMOVE_DOUBLE_NEGATION::__typecheck::{closure#0}::{closure#0}
FNDA:0,conjure_core::rules::base::CONJURE_GEN_RULE_DISTRIBUTE_OR_OVER_AND::__typecheck::{closure#0}::{closure#0}
FNDA:1,conjure_core::rules::base::remove_nothings::remove_nothings
FNDA:0,conjure_core::rules::base::CONJURE_GEN_RULE_REMOVE_CONSTANTS_FROM_AND::__typecheck
FNDA:0,conjure_core::rules::base::CONJURE_GEN_RULE_EVALUATE_CONSTANT_NOT::__typecheck
FNDA:0,conjure_core::rules::base::CONJURE_GEN_RULE_REMOVE_TRIVIAL_OR::__typecheck::{closure#0}
FNDA:1,conjure_core::rules::base::unwrap_sum
FNDA:0,conjure_core::rules::base::CONJURE_GEN_RULE_MIN_TO_VAR::__typecheck
FNDA:0,conjure_core::rules::base::CONJURE_GEN_RULE_UNWRAP_NESTED_OR::__typecheck
FNDA:0,conjure_core::rules::base::CONJURE_GEN_RULE_DISTRIBUTE_OR_OVER_AND::__typecheck::{closure#0}
FNDA:0,conjure_core::rules::base::evaluate_constant_not
FNDA:0,conjure_core::rules::base::CONJURE_GEN_RULE_REMOVE_NOTHINGS::__typecheck::{closure#0}::{closure#0}
FNDA:1,conjure_core::rules::base::unwrap_nested_or
FNDA:1,conjure_core::rules::base::remove_constants_from_or
FNDA:0,conjure_core::rules::base::CONJURE_GEN_RULE_SET_BASE::__typecheck::{closure#0}::{closure#0}
FNDA:0,conjure_core::rules::base::max_to_var
FNDA:0,conjure_core::rules::base::CONJURE_GEN_RULE_REMOVE_NOTHINGS::__typecheck::{closure#0}
FNDA:0,conjure_core::rules::base::CONJURE_GEN_RULE_DISTRIBUTE_NOT_OVER_AND::__typecheck::{closure#0}
FNDA:0,conjure_core::rules::base::CONJURE_GEN_RULE_EVALUATE_CONSTANT_NOT::__typecheck::{closure#0}
FNDA:0,conjure_core::rules::base::CONJURE_GEN_RULE_REMOVE_EMPTY_EXPRESSION::__typecheck
FNDA:0,conjure_core::rules::base::CONJURE_GEN_RULE_SET_BASE::__typecheck
FNDA:0,conjure_core::rules::base::CONJURE_GEN_RULE_REMOVE_TRIVIAL_AND::__typecheck::{closure#0}
FNDA:0,conjure_core::rules::base::CONJURE_GEN_RULE_DISTRIBUTE_OR_OVER_AND::__typecheck
FNDA:0,conjure_core::rules::base::CONJURE_GEN_RULE_REMOVE_CONSTANTS_FROM_OR::__typecheck
FNDA:1,conjure_core::rules::base::unwrap_nested_and
FNDA:1,conjure_core::rules::base::flatten_nested_sum
FNDA:0,conjure_core::rules::base::CONJURE_GEN_RULE_REMOVE_NOTHINGS::__typecheck
FNDA:0,conjure_core::rules::base::CONJURE_GEN_RULE_MAX_TO_VAR::__typecheck::{closure#0}::{closure#0}
FNDA:0,conjure_core::rules::base::CONJURE_GEN_RULE_DISTRIBUTE_NOT_OVER_AND::__typecheck::{closure#0}::{closure#0}
FNDA:0,conjure_core::rules::base::CONJURE_GEN_RULE_REMOVE_NOTHINGS::__typecheck
FNDA:0,conjure_core::rules::base::CONJURE_GEN_RULE_REMOVE_TRIVIAL_AND::__typecheck::{closure#0}
FNDA:0,conjure_core::rules::base::CONJURE_GEN_RULE_DISTRIBUTE_NOT_OVER_OR::__typecheck::{closure#0}
FNDA:0,conjure_core::rules::base::CONJURE_GEN_RULE_REMOVE_NOTHINGS::__typecheck::{closure#0}::{closure#0}
FNDA:0,conjure_core::rules::base::CONJURE_GEN_RULE_REMOVE_EMPTY_EXPRESSION::__typecheck::{closure#0}::{closure#0}
FNDA:0,conjure_core::rules::base::CONJURE_GEN_RULE_UNWRAP_NESTED_AND::__typecheck::{closure#0}::{closure#0}
FNDA:0,conjure_core::rules::base::CONJURE_GEN_RULE_DISTRIBUTE_OR_OVER_AND::__typecheck::{closure#0}
FNDA:0,conjure_core::rules::base::CONJURE_GEN_RULE_DISTRIBUTE_NOT_OVER_OR::__typecheck
FNDA:1,conjure_core::rules::base::distribute_or_over_and
FNDA:0,conjure_core::rules::base::CONJURE_GEN_RULE_REMOVE_TRIVIAL_OR::__typecheck::{closure#0}::{closure#0}
FNDA:0,conjure_core::rules::base::remove_trivial_or
FNDA:1,conjure_core::rules::base::distribute_not_over_and
FNDA:0,conjure_core::rules::base::CONJURE_GEN_RULE_REMOVE_TRIVIAL_OR::__typecheck::{closure#0}::{closure#0}
FNDA:0,conjure_core::rules::base::CONJURE_GEN_RULE_REMOVE_EMPTY_EXPRESSION::__typecheck
FNDA:0,conjure_core::rules::base::CONJURE_GEN_RULE_UNWRAP_NESTED_OR::__typecheck
FNDA:0,conjure_core::rules::base::remove_nothings::get_lhs_rhs
FNDA:0,conjure_core::rules::base::CONJURE_GEN_RULE_UNWRAP_NESTED_OR::__typecheck::{closure#0}::{closure#0}
FNDA:1,conjure_core::rules::base::remove_double_negation
FNDA:0,conjure_core::rules::base::CONJURE_GEN_RULE_REMOVE_CONSTANTS_FROM_OR::__typecheck::{closure#0}
FNDA:0,conjure_core::rules::base::CONJURE_GEN_RULE_MAX_TO_VAR::__typecheck::{closure#0}::{closure#0}
FNDA:0,conjure_core::rules::base::CONJURE_GEN_RULE_MIN_TO_VAR::__typecheck::{closure#0}
FNDA:0,conjure_core::rules::base::CONJURE_GEN_RULE_UNWRAP_NESTED_AND::__typecheck
FNDA:0,conjure_core::rules::base::CONJURE_GEN_RULE_MIN_TO_VAR::__typecheck::{closure#0}
FNDA:0,conjure_core::rules::base::CONJURE_GEN_RULE_REMOVE_CONSTANTS_FROM_OR::__typecheck
FNDA:0,conjure_core::rules::base::CONJURE_GEN_RULE_UNWRAP_NESTED_AND::__typecheck::{closure#0}
FNDA:0,conjure_core::rules::base::CONJURE_GEN_RULE_REMOVE_CONSTANTS_FROM_AND::__typecheck
FNDA:0,conjure_core::rules::base::CONJURE_GEN_RULE_REMOVE_TRIVIAL_AND::__typecheck::{closure#0}::{closure#0}
FNDA:0,conjure_core::rules::base::CONJURE_GEN_RULE_MAX_TO_VAR::__typecheck::{closure#0}
FNDA:0,conjure_core::rules::base::CONJURE_GEN_RULE_UNWRAP_SUM::__typecheck
FNDA:0,conjure_core::rules::base::distribute_or_over_and
FNDA:1,conjure_core::rules::base::remove_nothings
FNDA:1,conjure_core::rules::base::remove_trivial_or
FNDA:0,conjure_core::rules::base::CONJURE_GEN_RULE_REMOVE_DOUBLE_NEGATION::__typecheck::{closure#0}
FNDA:0,conjure_core::rules::base::flatten_nested_sum
FNDA:0,conjure_core::rules::base::CONJURE_GEN_RULE_DISTRIBUTE_NOT_OVER_OR::__typecheck::{closure#0}
FNDA:0,conjure_core::rules::base::remove_nothings
FNDA:0,conjure_core::rules::base::CONJURE_GEN_RULE_UNWRAP_NESTED_AND::__typecheck
FNDA:0,conjure_core::rules::base::CONJURE_GEN_RULE_REMOVE_DOUBLE_NEGATION::__typecheck
FNDA:0,conjure_core::rules::base::CONJURE_GEN_RULE_FLATTEN_NESTED_SUM::__typecheck::{closure#0}::{closure#0}
FNDA:0,conjure_core::rules::base::CONJURE_GEN_RULE_REMOVE_CONSTANTS_FROM_AND::__typecheck::{closure#0}
FNDA:1,conjure_core::rules::base::evaluate_constant_not
FNDA:0,conjure_core::rules::base::distribute_or_over_and::find_and
FNDA:0,conjure_core::rules::base::unwrap_nested_or
FNDA:0,conjure_core::rules::base::CONJURE_GEN_RULE_REMOVE_TRIVIAL_AND::__typecheck
FNDA:0,conjure_core::rules::base::CONJURE_GEN_RULE_REMOVE_TRIVIAL_OR::__typecheck::{closure#0}
FNDA:0,conjure_core::rules::base::remove_empty_expression
FNDA:1,conjure_core::rules::base::remove_trivial_and
FNDA:0,conjure_core::rules::base::CONJURE_GEN_RULE_UNWRAP_SUM::__typecheck::{closure#0}::{closure#0}
FNDA:0,conjure_core::rules::base::CONJURE_GEN_RULE_FLATTEN_NESTED_SUM::__typecheck::{closure#0}::{closure#0}
FNDA:0,conjure_core::rules::base::CONJURE_GEN_RULE_REMOVE_DOUBLE_NEGATION::__typecheck::{closure#0}::{closure#0}
FNDA:0,conjure_core::rules::base::CONJURE_GEN_RULE_FLATTEN_NESTED_SUM::__typecheck::{closure#0}
FNDA:0,conjure_core::rules::base::CONJURE_GEN_RULE_SET_BASE::__typecheck::{closure#0}::{closure#0}
FNDA:1,conjure_core::rules::base::remove_constants_from_and
FNDA:0,conjure_core::rules::base::CONJURE_GEN_RULE_UNWRAP_NESTED_AND::__typecheck::{closure#0}::{closure#0}
FNDA:0,conjure_core::rules::base::CONJURE_GEN_RULE_REMOVE_CONSTANTS_FROM_OR::__typecheck::{closure#0}::{closure#0}
FNDA:0,conjure_core::rules::base::CONJURE_GEN_RULE_REMOVE_EMPTY_EXPRESSION::__typecheck::{closure#0}::{closure#0}
FNDA:0,conjure_core::rules::base::CONJURE_GEN_RULE_REMOVE_EMPTY_EXPRESSION::__typecheck::{closure#0}
FNDA:0,conjure_core::rules::base::remove_constants_from_and
FNDA:0,conjure_core::rules::base::CONJURE_GEN_RULE_EVALUATE_CONSTANT_NOT::__typecheck
FNDA:0,conjure_core::rules::base::CONJURE_GEN_RULE_REMOVE_TRIVIAL_AND::__typecheck::{closure#0}::{closure#0}
FNDA:0,conjure_core::rules::base::CONJURE_GEN_RULE_REMOVE_TRIVIAL_OR::__typecheck
FNF:148
FNH:19
BRF:0
BRH:0
DA:13,0
DA:24,0
DA:25,3383744
DA:26,3383744
DA:27,3383744
DA:28,3383744
DA:30,6852181
DA:31,3468437
DA:32,0
DA:33,0
DA:34,0
DA:35,3468437
DA:39,3383744
DA:40,0
DA:42,3383744
DA:44,3383744
DA:46,0
DA:47,0
DA:48,0
DA:49,0
DA:50,0
DA:51,0
DA:52,0
DA:53,0
DA:54,0
DA:58,3383744
DA:60,0
DA:61,0
DA:62,0
DA:63,0
DA:64,0
DA:65,0
DA:66,0
DA:68,0
DA:69,0
DA:70,0
DA:72,0
DA:73,0
DA:74,0
DA:76,0
DA:78,3383744
DA:85,0
DA:86,3383744
DA:90,857801
DA:91,3383744
DA:94,2525943
DA:95,857801
DA:96,857801
DA:97,857801
DA:98,857794
DA:99,7
DA:101,7
DA:102,7
DA:103,0
DA:106,7
DA:107,3383744
DA:115,0
DA:116,3383758
DA:117,84
DA:118,84
DA:119,3383744
DA:121,3383758
DA:129,0
DA:130,3383744
DA:131,3383744
DA:132,70
DA:133,70
DA:134,70
DA:135,266
DA:136,196
DA:137,70
DA:138,70
DA:139,210
DA:140,140
DA:141,140
DA:143,126
DA:146,70
DA:147,0
DA:148,70
DA:149,70
DA:150,70
DA:151,70
DA:152,70
DA:154,3383674
DA:156,3383744
DA:165,0
DA:166,3383758
DA:167,3383758
DA:168,176540
DA:169,176540
DA:170,176540
DA:171,862190
DA:172,685650
DA:173,35
DA:174,35
DA:175,105
DA:176,70
DA:177,70
DA:179,685615
DA:182,176540
DA:183,176505
DA:184,35
DA:185,35
DA:187,3207218
DA:189,3383758
DA:198,0
DA:199,3383758
DA:200,3383758
DA:201,7833
DA:202,7833
DA:203,7833
DA:204,252840
DA:205,245007
DA:206,1736
DA:207,1736
DA:208,5236
DA:209,3500
DA:210,3500
DA:212,243271
DA:215,7833
DA:216,6097
DA:217,1736
DA:218,1736
DA:219,1736
DA:220,1736
DA:221,1736
DA:223,3375925
DA:225,3383758
DA:234,0
DA:235,3383751
DA:236,3383751
DA:237,35
DA:238,7
DA:239,28
DA:241,3383716
DA:243,3383751
DA:251,0
DA:252,3383751
DA:253,3383751
DA:254,7826
DA:255,7826
DA:256,7
DA:257,7819
DA:258,7819
DA:260,3375925
DA:262,3383751
DA:270,0
DA:271,3383751
DA:272,176533
DA:273,176533
DA:274,176533
DA:275,0
DA:277,3383751
DA:279,3383751
DA:289,0
DA:290,3383744
DA:291,3383744
DA:292,176526
DA:293,176526
DA:294,176526
DA:295,862134
DA:296,28
DA:297,28
DA:298,28
DA:300,14
DA:301,14
DA:302,14
DA:303,14
DA:304,14
DA:305,14
DA:306,14
DA:307,14
DA:309,685594
DA:312,176512
DA:313,176498
DA:314,14
DA:315,14
DA:317,3207218
DA:319,3383744
DA:328,0
DA:329,3383744
DA:330,3383744
DA:331,7819
DA:332,7819
DA:333,7819
DA:334,252798
DA:335,28
DA:336,28
DA:337,28
DA:339,0
DA:340,0
DA:341,0
DA:342,0
DA:343,28
DA:344,28
DA:345,28
DA:346,28
DA:348,244951
DA:351,7819
DA:352,7791
DA:353,28
DA:354,28
DA:355,28
DA:356,28
DA:357,28
DA:359,3375925
DA:361,3383744
DA:370,0
DA:371,3383744
DA:372,3383744
DA:373,28
DA:374,0
DA:375,0
DA:376,0
DA:377,0
DA:378,28
DA:380,3383716
DA:382,3383744
DA:390,0
DA:391,3383744
DA:392,3383744
DA:393,49
DA:394,49
DA:395,49
DA:396,49
DA:397,49
DA:398,147
DA:399,98
DA:400,98
DA:401,98
DA:402,98
DA:403,98
DA:404,98
DA:405,98
DA:406,98
DA:407,98
DA:408,98
DA:409,98
DA:410,49
DA:411,49
DA:412,49
DA:413,49
DA:414,49
DA:415,49
DA:416,49
DA:417,49
DA:418,49
DA:419,49
DA:420,49
DA:421,49
DA:422,49
DA:424,3383695
DA:426,3383744
DA:434,0
DA:435,3383744
DA:436,3383744
DA:437,28
DA:438,28
DA:439,28
DA:440,28
DA:441,28
DA:442,84
DA:443,56
DA:444,56
DA:445,56
DA:446,56
DA:447,56
DA:448,56
DA:449,56
DA:450,56
DA:451,56
DA:452,56
DA:453,56
DA:454,28
DA:455,28
DA:456,28
DA:457,28
DA:458,28
DA:459,28
DA:460,28
DA:461,28
DA:462,28
DA:463,28
DA:464,28
DA:465,28
DA:466,28
DA:468,3383716
DA:470,3383744
DA:479,0
DA:480,3383751
DA:481,176533
DA:483,682157
DA:484,682157
DA:485,1638
DA:486,680519
DA:488,174895
DA:489,176533
DA:491,3383751
DA:492,176533
DA:493,1638
DA:494,1638
DA:495,1638
DA:496,1638
DA:497,1638
DA:498,1638
DA:499,1638
DA:501,4914
DA:503,3276
DA:504,3276
DA:505,3276
DA:508,1638
DA:509,1638
DA:510,1638
DA:511,1638
DA:513,0
DA:516,174895
DA:518,3207218
DA:520,3383751
DA:529,0
DA:530,3383758
DA:531,3383758
DA:532,42
DA:533,7
DA:534,7
DA:535,0
DA:536,0
DA:537,0
DA:538,0
DA:539,0
DA:540,7
DA:541,7
DA:542,21
DA:543,14
DA:544,14
DA:545,7
DA:547,35
DA:549,3383716
DA:551,3383758
DA:560,0
DA:561,3383758
DA:562,3383758
DA:563,42
DA:564,7
DA:565,7
DA:566,0
DA:567,0
DA:568,0
DA:569,0
DA:570,0
DA:571,7
DA:572,7
DA:573,21
DA:574,14
DA:575,14
DA:576,7
DA:578,35
DA:580,3383716
DA:582,3383758
LF:358
LH:291
end_of_record
SF:crates/conjure_core/src/solver/mod.rs
FN:264,<conjure_core::solver::Solver<_>>::new
FN:377,<conjure_core::solver::Solver<_, conjure_core::solver::states::ExecutionSuccess>>::wall_time_s
FN:234,<_ as conjure_core::solver::SolverAdaptor>::add_adaptor_info_to_stats
FN:128,<conjure_core::solver::SolverFamilyIter as core::iter::traits::double_ended::DoubleEndedIterator>::next_back
FN:292,<conjure_core::solver::Solver<conjure_core::solver::adaptors::minion::Minion, conjure_core::solver::states::ModelLoaded>>::solve
FN:127,<conjure_core::solver::SolverFamily as core::str::traits::FromStr>::from_str
FN:365,<conjure_core::solver::Solver<_, conjure_core::solver::states::ExecutionSuccess>>::save_stats_to_context
FN:136,<<conjure_core::solver::SolverFamily as serde::de::Deserialize>::deserialize::__Visitor as serde::de::Visitor>::expecting
FN:128,<conjure_core::solver::SolverFamilyIter as core::iter::traits::iterator::Iterator>::next
FN:136,<<conjure_core::solver::SolverFamily as serde::de::Deserialize>::deserialize::__FieldVisitor as serde::de::Visitor>::visit_str::<_>
FN:136,<<conjure_core::solver::SolverFamily as serde::de::Deserialize>::deserialize::__FieldVisitor as serde::de::Visitor>::visit_bytes::<_>
FN:128,<conjure_core::solver::SolverFamilyIter>::get
FN:281,<conjure_core::solver::Solver<_>>::load_model
FN:275,<conjure_core::solver::Solver<_>>::get_family
FN:234,<conjure_core::solver::adaptors::minion::Minion as conjure_core::solver::SolverAdaptor>::add_adaptor_info_to_stats
FN:264,<conjure_core::solver::Solver<_>>::new
FN:136,<<conjure_core::solver::SolverFamily as serde::de::Deserialize>::deserialize::__FieldVisitor as serde::de::Visitor>::expecting
FN:229,<_ as conjure_core::solver::SolverAdaptor>::get_name
FN:128,<conjure_core::solver::SolverFamily as strum::IntoEnumIterator>::iter
FN:128,<conjure_core::solver::SolverFamily as strum::IntoEnumIterator>::iter
FN:365,<conjure_core::solver::Solver<conjure_core::solver::adaptors::minion::Minion, conjure_core::solver::states::ExecutionSuccess>>::save_stats_to_context
FN:127,<conjure_core::solver::SolverFamily as core::str::traits::FromStr>::from_str
FN:136,<<conjure_core::solver::SolverFamily as serde::de::Deserialize>::deserialize::__FieldVisitor as serde::de::Visitor>::visit_bytes::<_>
FN:325,<conjure_core::solver::Solver<_, conjure_core::solver::states::ModelLoaded>>::solve_mut
FN:128,<conjure_core::solver::SolverFamilyIter as core::fmt::Debug>::fmt
FN:264,<conjure_core::solver::Solver<conjure_core::solver::adaptors::minion::Minion>>::new
FN:377,<conjure_core::solver::Solver<_, conjure_core::solver::states::ExecutionSuccess>>::wall_time_s
FN:129,<conjure_core::solver::SolverFamily as core::fmt::Display>::fmt
FN:136,<<conjure_core::solver::SolverFamily as serde::de::Deserialize>::deserialize::__Visitor as serde::de::Visitor>::visit_enum::<_>
FN:128,<conjure_core::solver::SolverFamilyIter as core::iter::traits::exact_size::ExactSizeIterator>::len
FN:360,<conjure_core::solver::Solver<_, conjure_core::solver::states::ExecutionSuccess>>::stats
FN:325,<conjure_core::solver::Solver<_, conjure_core::solver::states::ModelLoaded>>::solve_mut
FN:127,<conjure_core::solver::SolverFamily as core::convert::TryFrom<&str>>::try_from
FN:292,<conjure_core::solver::Solver<_, conjure_core::solver::states::ModelLoaded>>::solve
FN:136,<<conjure_core::solver::SolverFamily as serde::de::Deserialize>::deserialize::__Field as serde::de::Deserialize>::deserialize::<_>
FN:128,<conjure_core::solver::SolverFamilyIter as core::iter::traits::iterator::Iterator>::next
FN:360,<conjure_core::solver::Solver<conjure_core::solver::adaptors::minion::Minion, conjure_core::solver::states::ExecutionSuccess>>::stats
FN:281,<conjure_core::solver::Solver<conjure_core::solver::adaptors::minion::Minion>>::load_model
FN:136,<<conjure_core::solver::SolverFamily as serde::de::Deserialize>::deserialize::__FieldVisitor as serde::de::Visitor>::visit_u64::<_>
FN:275,<conjure_core::solver::Solver<_>>::get_family
FN:128,<conjure_core::solver::SolverFamilyIter as core::clone::Clone>::clone
FN:229,<_ as conjure_core::solver::SolverAdaptor>::get_name
FN:281,<conjure_core::solver::Solver<_>>::load_model
FN:128,<conjure_core::solver::SolverFamilyIter as core::iter::traits::double_ended::DoubleEndedIterator>::next_back
FN:128,<conjure_core::solver::SolverFamilyIter>::get
FN:223,<_ as conjure_core::solver::SolverAdaptor>::init_solver
FN:128,<conjure_core::solver::SolverFamilyIter as core::iter::traits::iterator::Iterator>::nth
FN:292,<conjure_core::solver::Solver<_, conjure_core::solver::states::ModelLoaded>>::solve
FN:136,<<conjure_core::solver::SolverFamily as serde::de::Deserialize>::deserialize::__FieldVisitor as serde::de::Visitor>::expecting
FN:136,<<conjure_core::solver::SolverFamily as serde::de::Deserialize>::deserialize::__Visitor as serde::de::Visitor>::expecting
FN:129,<conjure_core::solver::SolverFamily as core::fmt::Display>::fmt
FN:128,<conjure_core::solver::SolverFamilyIter as core::clone::Clone>::clone
FN:127,<conjure_core::solver::SolverFamily as core::convert::TryFrom<&str>>::try_from
FN:136,<<conjure_core::solver::SolverFamily as serde::de::Deserialize>::deserialize::__FieldVisitor as serde::de::Visitor>::visit_str::<_>
FN:136,<<conjure_core::solver::SolverFamily as serde::de::Deserialize>::deserialize::__Field as serde::de::Deserialize>::deserialize::<_>
FN:128,<conjure_core::solver::SolverFamilyIter as core::iter::traits::iterator::Iterator>::nth
FN:136,<<conjure_core::solver::SolverFamily as serde::de::Deserialize>::deserialize::__FieldVisitor as serde::de::Visitor>::visit_u64::<_>
FN:128,<conjure_core::solver::SolverFamilyIter as core::iter::traits::iterator::Iterator>::size_hint
FN:365,<conjure_core::solver::Solver<_, conjure_core::solver::states::ExecutionSuccess>>::save_stats_to_context
FN:128,<conjure_core::solver::SolverFamilyIter as core::iter::traits::exact_size::ExactSizeIterator>::len
FN:128,<conjure_core::solver::SolverFamilyIter as core::fmt::Debug>::fmt
FN:360,<conjure_core::solver::Solver<_, conjure_core::solver::states::ExecutionSuccess>>::stats
FN:223,<conjure_core::solver::adaptors::minion::Minion as conjure_core::solver::SolverAdaptor>::init_solver
FN:234,<_ as conjure_core::solver::SolverAdaptor>::add_adaptor_info_to_stats
FN:223,<_ as conjure_core::solver::SolverAdaptor>::init_solver
FN:136,<<conjure_core::solver::SolverFamily as serde::de::Deserialize>::deserialize::__Visitor as serde::de::Visitor>::visit_enum::<_>
FN:128,<conjure_core::solver::SolverFamilyIter as core::iter::traits::iterator::Iterator>::size_hint
FNDA:0,<conjure_core::solver::Solver<_>>::new
FNDA:0,<conjure_core::solver::Solver<_, conjure_core::solver::states::ExecutionSuccess>>::wall_time_s
FNDA:0,<_ as conjure_core::solver::SolverAdaptor>::add_adaptor_info_to_stats
FNDA:0,<conjure_core::solver::SolverFamilyIter as core::iter::traits::double_ended::DoubleEndedIterator>::next_back
FNDA:1,<conjure_core::solver::Solver<conjure_core::solver::adaptors::minion::Minion, conjure_core::solver::states::ModelLoaded>>::solve
FNDA:0,<conjure_core::solver::SolverFamily as core::str::traits::FromStr>::from_str
FNDA:0,<conjure_core::solver::Solver<_, conjure_core::solver::states::ExecutionSuccess>>::save_stats_to_context
FNDA:0,<<conjure_core::solver::SolverFamily as serde::de::Deserialize>::deserialize::__Visitor as serde::de::Visitor>::expecting
FNDA:0,<conjure_core::solver::SolverFamilyIter as core::iter::traits::iterator::Iterator>::next
FNDA:0,<<conjure_core::solver::SolverFamily as serde::de::Deserialize>::deserialize::__FieldVisitor as serde::de::Visitor>::visit_str::<_>
FNDA:0,<<conjure_core::solver::SolverFamily as serde::de::Deserialize>::deserialize::__FieldVisitor as serde::de::Visitor>::visit_bytes::<_>
FNDA:0,<conjure_core::solver::SolverFamilyIter>::get
FNDA:0,<conjure_core::solver::Solver<_>>::load_model
FNDA:0,<conjure_core::solver::Solver<_>>::get_family
FNDA:1,<conjure_core::solver::adaptors::minion::Minion as conjure_core::solver::SolverAdaptor>::add_adaptor_info_to_stats
FNDA:0,<conjure_core::solver::Solver<_>>::new
FNDA:0,<<conjure_core::solver::SolverFamily as serde::de::Deserialize>::deserialize::__FieldVisitor as serde::de::Visitor>::expecting
FNDA:0,<_ as conjure_core::solver::SolverAdaptor>::get_name
FNDA:0,<conjure_core::solver::SolverFamily as strum::IntoEnumIterator>::iter
FNDA:0,<conjure_core::solver::SolverFamily as strum::IntoEnumIterator>::iter
FNDA:1,<conjure_core::solver::Solver<conjure_core::solver::adaptors::minion::Minion, conjure_core::solver::states::ExecutionSuccess>>::save_stats_to_context
FNDA:0,<conjure_core::solver::SolverFamily as core::str::traits::FromStr>::from_str
FNDA:0,<<conjure_core::solver::SolverFamily as serde::de::Deserialize>::deserialize::__FieldVisitor as serde::de::Visitor>::visit_bytes::<_>
FNDA:0,<conjure_core::solver::Solver<_, conjure_core::solver::states::ModelLoaded>>::solve_mut
FNDA:0,<conjure_core::solver::SolverFamilyIter as core::fmt::Debug>::fmt
FNDA:1,<conjure_core::solver::Solver<conjure_core::solver::adaptors::minion::Minion>>::new
FNDA:0,<conjure_core::solver::Solver<_, conjure_core::solver::states::ExecutionSuccess>>::wall_time_s
FNDA:0,<conjure_core::solver::SolverFamily as core::fmt::Display>::fmt
FNDA:0,<<conjure_core::solver::SolverFamily as serde::de::Deserialize>::deserialize::__Visitor as serde::de::Visitor>::visit_enum::<_>
FNDA:0,<conjure_core::solver::SolverFamilyIter as core::iter::traits::exact_size::ExactSizeIterator>::len
FNDA:0,<conjure_core::solver::Solver<_, conjure_core::solver::states::ExecutionSuccess>>::stats
FNDA:0,<conjure_core::solver::Solver<_, conjure_core::solver::states::ModelLoaded>>::solve_mut
FNDA:0,<conjure_core::solver::SolverFamily as core::convert::TryFrom<&str>>::try_from
FNDA:0,<conjure_core::solver::Solver<_, conjure_core::solver::states::ModelLoaded>>::solve
FNDA:0,<<conjure_core::solver::SolverFamily as serde::de::Deserialize>::deserialize::__Field as serde::de::Deserialize>::deserialize::<_>
FNDA:0,<conjure_core::solver::SolverFamilyIter as core::iter::traits::iterator::Iterator>::next
FNDA:1,<conjure_core::solver::Solver<conjure_core::solver::adaptors::minion::Minion, conjure_core::solver::states::ExecutionSuccess>>::stats
FNDA:1,<conjure_core::solver::Solver<conjure_core::solver::adaptors::minion::Minion>>::load_model
FNDA:0,<<conjure_core::solver::SolverFamily as serde::de::Deserialize>::deserialize::__FieldVisitor as serde::de::Visitor>::visit_u64::<_>
FNDA:0,<conjure_core::solver::Solver<_>>::get_family
FNDA:0,<conjure_core::solver::SolverFamilyIter as core::clone::Clone>::clone
FNDA:0,<_ as conjure_core::solver::SolverAdaptor>::get_name
FNDA:0,<conjure_core::solver::Solver<_>>::load_model
FNDA:0,<conjure_core::solver::SolverFamilyIter as core::iter::traits::double_ended::DoubleEndedIterator>::next_back
FNDA:0,<conjure_core::solver::SolverFamilyIter>::get
FNDA:0,<_ as conjure_core::solver::SolverAdaptor>::init_solver
FNDA:0,<conjure_core::solver::SolverFamilyIter as core::iter::traits::iterator::Iterator>::nth
FNDA:0,<conjure_core::solver::Solver<_, conjure_core::solver::states::ModelLoaded>>::solve
FNDA:0,<<conjure_core::solver::SolverFamily as serde::de::Deserialize>::deserialize::__FieldVisitor as serde::de::Visitor>::expecting
FNDA:0,<<conjure_core::solver::SolverFamily as serde::de::Deserialize>::deserialize::__Visitor as serde::de::Visitor>::expecting
FNDA:0,<conjure_core::solver::SolverFamily as core::fmt::Display>::fmt
FNDA:0,<conjure_core::solver::SolverFamilyIter as core::clone::Clone>::clone
FNDA:0,<conjure_core::solver::SolverFamily as core::convert::TryFrom<&str>>::try_from
FNDA:0,<<conjure_core::solver::SolverFamily as serde::de::Deserialize>::deserialize::__FieldVisitor as serde::de::Visitor>::visit_str::<_>
FNDA:0,<<conjure_core::solver::SolverFamily as serde::de::Deserialize>::deserialize::__Field as serde::de::Deserialize>::deserialize::<_>
FNDA:0,<conjure_core::solver::SolverFamilyIter as core::iter::traits::iterator::Iterator>::nth
FNDA:0,<<conjure_core::solver::SolverFamily as serde::de::Deserialize>::deserialize::__FieldVisitor as serde::de::Visitor>::visit_u64::<_>
FNDA:0,<conjure_core::solver::SolverFamilyIter as core::iter::traits::iterator::Iterator>::size_hint
FNDA:0,<conjure_core::solver::Solver<_, conjure_core::solver::states::ExecutionSuccess>>::save_stats_to_context
FNDA:0,<conjure_core::solver::SolverFamilyIter as core::iter::traits::exact_size::ExactSizeIterator>::len
FNDA:0,<conjure_core::solver::SolverFamilyIter as core::fmt::Debug>::fmt
FNDA:0,<conjure_core::solver::Solver<_, conjure_core::solver::states::ExecutionSuccess>>::stats
FNDA:1,<conjure_core::solver::adaptors::minion::Minion as conjure_core::solver::SolverAdaptor>::init_solver
FNDA:0,<_ as conjure_core::solver::SolverAdaptor>::add_adaptor_info_to_stats
FNDA:0,<_ as conjure_core::solver::SolverAdaptor>::init_solver
FNDA:0,<<conjure_core::solver::SolverFamily as serde::de::Deserialize>::deserialize::__Visitor as serde::de::Visitor>::visit_enum::<_>
FNDA:0,<conjure_core::solver::SolverFamilyIter as core::iter::traits::iterator::Iterator>::size_hint
FNF:67
FNH:7
BRF:0
BRH:0
DA:127,0
DA:128,0
DA:129,0
DA:136,0
DA:223,225
DA:229,0
DA:230,0
DA:231,0
DA:234,225
DA:235,225
DA:236,225
DA:237,225
DA:238,225
DA:239,225
DA:240,225
DA:264,225
DA:265,225
DA:266,225
DA:267,225
DA:268,225
DA:269,225
DA:270,225
DA:271,225
DA:272,225
DA:273,225
DA:275,0
DA:276,0
DA:277,0
DA:281,225
DA:282,225
DA:283,225
DA:284,225
DA:285,225
DA:286,225
DA:287,225
DA:288,225
DA:292,225
DA:293,225
DA:294,225
DA:295,225
DA:296,225
DA:297,225
DA:298,225
DA:299,225
DA:300,225
DA:301,225
DA:302,225
DA:303,225
DA:304,225
DA:305,225
DA:306,225
DA:307,225
DA:308,225
DA:309,225
DA:310,225
DA:311,225
DA:312,225
DA:313,225
DA:314,225
DA:315,225
DA:316,225
DA:317,225
DA:318,225
DA:319,225
DA:321,0
DA:323,225
DA:325,0
DA:326,0
DA:327,0
DA:328,0
DA:329,0
DA:330,0
DA:331,0
DA:332,0
DA:333,0
DA:334,0
DA:335,0
DA:336,0
DA:337,0
DA:338,0
DA:339,0
DA:340,0
DA:341,0
DA:342,0
DA:343,0
DA:344,0
DA:345,0
DA:346,0
DA:347,0
DA:348,0
DA:349,0
DA:350,0
DA:351,0
DA:352,0
DA:354,0
DA:356,0
DA:360,175
DA:361,175
DA:362,175
DA:365,175
DA:366,175
DA:367,175
DA:368,175
DA:369,175
DA:370,175
DA:371,175
DA:372,175
DA:373,175
DA:374,175
DA:375,175
DA:377,0
DA:378,0
DA:379,0
LF:113
LH:69
end_of_record
SF:conjure_oxide/src/utils/json.rs
FN:32,conjure_oxide::utils::json::sort_json_variables
FN:48,conjure_oxide::utils::json::sort_json_object
FN:53,conjure_oxide::utils::json::sort_json_object::{closure#0}
FN:32,conjure_oxide::utils::json::sort_json_variables
FN:7,conjure_oxide::utils::json::json_value_cmp
FN:68,conjure_oxide::utils::json::sort_json_object::{closure#2}
FN:68,conjure_oxide::utils::json::sort_json_object::{closure#2}
FN:7,conjure_oxide::utils::json::json_value_cmp
FN:53,conjure_oxide::utils::json::sort_json_object::{closure#0}
FN:48,conjure_oxide::utils::json::sort_json_object
FN:62,conjure_oxide::utils::json::sort_json_object::{closure#1}
FN:62,conjure_oxide::utils::json::sort_json_object::{closure#1}
FNDA:0,conjure_oxide::utils::json::sort_json_variables
FNDA:0,conjure_oxide::utils::json::sort_json_object
FNDA:1,conjure_oxide::utils::json::sort_json_object::{closure#0}
FNDA:1,conjure_oxide::utils::json::sort_json_variables
FNDA:0,conjure_oxide::utils::json::json_value_cmp
FNDA:1,conjure_oxide::utils::json::sort_json_object::{closure#2}
FNDA:0,conjure_oxide::utils::json::sort_json_object::{closure#2}
FNDA:1,conjure_oxide::utils::json::json_value_cmp
FNDA:0,conjure_oxide::utils::json::sort_json_object::{closure#0}
FNDA:1,conjure_oxide::utils::json::sort_json_object
FNDA:0,conjure_oxide::utils::json::sort_json_object::{closure#1}
FNDA:1,conjure_oxide::utils::json::sort_json_object::{closure#1}
FNF:12
FNH:6
BRF:0
BRH:0
DA:7,7640
DA:8,7640
DA:9,0
DA:10,0
DA:11,0
DA:12,0
DA:13,0
DA:14,0
DA:15,0
DA:17,635
DA:18,635
DA:19,635
DA:20,635
DA:21,635
DA:22,0
DA:24,0
DA:26,7005
DA:28,7640
DA:32,350
DA:33,350
DA:34,350
DA:35,350
DA:36,350
DA:37,350
DA:39,0
DA:41,350
DA:48,37110
DA:49,37110
DA:50,12790
DA:51,12790
DA:52,12790
DA:53,24570
DA:54,24570
DA:55,350
DA:57,24220
DA:59,24570
DA:60,12790
DA:61,12790
DA:62,12790
DA:63,12790
DA:65,4425
DA:66,4425
DA:67,4425
DA:68,11975
DA:69,4425
DA:70,4425
DA:71,4425
DA:72,350
DA:73,4075
DA:75,4425
DA:77,19895
DA:79,37110
LF:52
LH:42
end_of_record
SF:solvers/kissat/src/lib.rs
FN:3,kissat_rs::test1
FNDA:0,kissat_rs::test1
FNF:1
FNH:0
BRF:0
BRH:0
DA:3,0
DA:8,0
DA:9,0
DA:10,0
DA:11,0
DA:12,0
DA:13,0
DA:14,0
DA:15,0
DA:18,0
DA:19,0
DA:20,0
DA:21,0
DA:22,0
DA:25,0
DA:26,0
DA:27,0
DA:28,0
DA:29,0
DA:30,0
DA:31,0
LF:21
LH:0
end_of_record
SF:crates/enum_compatability_macro/src/lib.rs
FN:38,<enum_compatability_macro::RemoveCompatibleAttrs as syn::gen::visit_mut::VisitMut>::visit_variant_mut
FN:66,<enum_compatability_macro::RemoveCompatibleAttrs as syn::gen::visit_mut::VisitMut>::visit_variant_mut::{closure#0}
FN:66,<enum_compatability_macro::RemoveCompatibleAttrs as syn::gen::visit_mut::VisitMut>::visit_variant_mut::{closure#0}
FN:181,enum_compatability_macro::document_compatibility::{closure#0}
FN:181,enum_compatability_macro::document_compatibility::{closure#0}
FN:66,<enum_compatability_macro::RemoveCompatibleAttrs as syn::gen::visit_mut::VisitMut>::visit_variant_mut::{closure#0}
FN:38,<enum_compatability_macro::RemoveCompatibleAttrs as syn::gen::visit_mut::VisitMut>::visit_variant_mut
FN:131,enum_compatability_macro::document_compatibility
FN:131,enum_compatability_macro::document_compatibility
FN:131,enum_compatability_macro::document_compatibility
FN:38,<enum_compatability_macro::RemoveCompatibleAttrs as syn::gen::visit_mut::VisitMut>::visit_variant_mut
FN:181,enum_compatability_macro::document_compatibility::{closure#0}
FNDA:0,<enum_compatability_macro::RemoveCompatibleAttrs as syn::gen::visit_mut::VisitMut>::visit_variant_mut
FNDA:0,<enum_compatability_macro::RemoveCompatibleAttrs as syn::gen::visit_mut::VisitMut>::visit_variant_mut::{closure#0}
FNDA:1,<enum_compatability_macro::RemoveCompatibleAttrs as syn::gen::visit_mut::VisitMut>::visit_variant_mut::{closure#0}
FNDA:0,enum_compatability_macro::document_compatibility::{closure#0}
FNDA:1,enum_compatability_macro::document_compatibility::{closure#0}
FNDA:0,<enum_compatability_macro::RemoveCompatibleAttrs as syn::gen::visit_mut::VisitMut>::visit_variant_mut::{closure#0}
FNDA:1,<enum_compatability_macro::RemoveCompatibleAttrs as syn::gen::visit_mut::VisitMut>::visit_variant_mut
FNDA:0,enum_compatability_macro::document_compatibility
FNDA:1,enum_compatability_macro::document_compatibility
FNDA:0,enum_compatability_macro::document_compatibility
FNDA:0,<enum_compatability_macro::RemoveCompatibleAttrs as syn::gen::visit_mut::VisitMut>::visit_variant_mut
FNDA:0,enum_compatability_macro::document_compatibility::{closure#0}
FNF:12
FNH:4
BRF:0
BRH:0
DA:38,130
DA:39,130
DA:40,130
DA:41,130
DA:42,130
DA:43,130
DA:44,130
DA:45,180
DA:46,180
DA:47,70
DA:48,110
DA:49,110
DA:50,110
DA:51,110
DA:52,255
DA:53,145
DA:54,145
DA:55,145
DA:56,145
DA:59,130
DA:60,110
DA:61,110
DA:62,110
DA:63,110
DA:64,110
DA:66,290
DA:67,130
DA:131,5
DA:133,5
DA:134,5
DA:137,130
DA:138,130
DA:139,180
DA:140,180
DA:141,70
DA:142,110
DA:143,110
DA:144,110
DA:145,110
DA:146,110
DA:147,255
DA:148,145
DA:149,145
DA:150,145
DA:151,15
DA:152,15
DA:153,15
DA:154,130
DA:155,130
DA:156,130
DA:164,5
DA:165,5
DA:166,5
DA:167,5
DA:168,5
DA:169,5
DA:170,5
DA:171,5
DA:172,15
DA:174,15
DA:177,145
DA:178,15
DA:179,15
DA:180,15
DA:181,145
DA:182,15
DA:183,145
DA:184,145
DA:185,145
DA:188,15
DA:191,5
DA:192,5
DA:193,5
DA:194,5
DA:195,5
DA:196,5
DA:197,5
LF:77
LH:77
end_of_record
SF:crates/conjure_core/src/solver/adaptors/kissat.rs
FN:47,<conjure_core::solver::adaptors::kissat::Kissat as conjure_core::solver::SolverAdaptor>::solve_mut
FN:39,<conjure_core::solver::adaptors::kissat::Kissat as conjure_core::solver::SolverAdaptor>::solve
FN:60,<conjure_core::solver::adaptors::kissat::Kissat as conjure_core::solver::SolverAdaptor>::get_family
FN:24,<conjure_core::solver::adaptors::kissat::Kissat>::new
FN:55,<conjure_core::solver::adaptors::kissat::Kissat as conjure_core::solver::SolverAdaptor>::load_model
FN:33,<conjure_core::solver::adaptors::kissat::Kissat as core::default::Default>::default
FN:24,<conjure_core::solver::adaptors::kissat::Kissat>::new
FN:55,<conjure_core::solver::adaptors::kissat::Kissat as conjure_core::solver::SolverAdaptor>::load_model
FN:60,<conjure_core::solver::adaptors::kissat::Kissat as conjure_core::solver::SolverAdaptor>::get_family
FN:47,<conjure_core::solver::adaptors::kissat::Kissat as conjure_core::solver::SolverAdaptor>::solve_mut
FN:39,<conjure_core::solver::adaptors::kissat::Kissat as conjure_core::solver::SolverAdaptor>::solve
FN:33,<conjure_core::solver::adaptors::kissat::Kissat as core::default::Default>::default
FNDA:0,<conjure_core::solver::adaptors::kissat::Kissat as conjure_core::solver::SolverAdaptor>::solve_mut
FNDA:0,<conjure_core::solver::adaptors::kissat::Kissat as conjure_core::solver::SolverAdaptor>::solve
FNDA:0,<conjure_core::solver::adaptors::kissat::Kissat as conjure_core::solver::SolverAdaptor>::get_family
FNDA:0,<conjure_core::solver::adaptors::kissat::Kissat>::new
FNDA:0,<conjure_core::solver::adaptors::kissat::Kissat as conjure_core::solver::SolverAdaptor>::load_model
FNDA:0,<conjure_core::solver::adaptors::kissat::Kissat as core::default::Default>::default
FNDA:0,<conjure_core::solver::adaptors::kissat::Kissat>::new
FNDA:0,<conjure_core::solver::adaptors::kissat::Kissat as conjure_core::solver::SolverAdaptor>::load_model
FNDA:0,<conjure_core::solver::adaptors::kissat::Kissat as conjure_core::solver::SolverAdaptor>::get_family
FNDA:0,<conjure_core::solver::adaptors::kissat::Kissat as conjure_core::solver::SolverAdaptor>::solve_mut
FNDA:0,<conjure_core::solver::adaptors::kissat::Kissat as conjure_core::solver::SolverAdaptor>::solve
FNDA:0,<conjure_core::solver::adaptors::kissat::Kissat as core::default::Default>::default
FNF:12
FNH:0
BRF:0
BRH:0
DA:24,0
DA:25,0
DA:26,0
DA:27,0
DA:28,0
DA:29,0
DA:33,0
DA:34,0
DA:35,0
DA:39,0
DA:40,0
DA:41,0
DA:42,0
DA:43,0
DA:44,0
DA:45,0
DA:47,0
DA:48,0
DA:49,0
DA:50,0
DA:51,0
DA:52,0
DA:53,0
DA:55,0
DA:56,0
DA:57,0
DA:58,0
DA:60,0
DA:61,0
DA:62,0
LF:30
LH:0
end_of_record
SF:crates/conjure_core/src/ast/types.rs
FN:3,<<conjure_core::ast::types::ReturnType as serde::de::Deserialize>::deserialize::__Visitor as serde::de::Visitor>::visit_enum::<serde_json::de::UnitVariantAccess<serde_json::read::StrRead>>
FN:3,<<conjure_core::ast::types::ReturnType as serde::de::Deserialize>::deserialize::__FieldVisitor as serde::de::Visitor>::visit_str::<_>
FN:3,<<conjure_core::ast::types::ReturnType as serde::de::Deserialize>::deserialize::__FieldVisitor as serde::de::Visitor>::expecting
FN:3,<<conjure_core::ast::types::ReturnType as serde::de::Deserialize>::deserialize::__Visitor as serde::de::Visitor>::visit_enum::<_>
FN:3,<<conjure_core::ast::types::ReturnType as serde::de::Deserialize>::deserialize::__FieldVisitor as serde::de::Visitor>::visit_bytes::<_>
FN:3,<<conjure_core::ast::types::ReturnType as serde::de::Deserialize>::deserialize::__FieldVisitor as serde::de::Visitor>::visit_u64::<_>
FN:3,<<conjure_core::ast::types::ReturnType as serde::de::Deserialize>::deserialize::__Field as serde::de::Deserialize>::deserialize::<&mut serde_json::de::Deserializer<serde_json::read::StrRead>>
FN:3,<<conjure_core::ast::types::ReturnType as serde::de::Deserialize>::deserialize::__Visitor as serde::de::Visitor>::visit_enum::<_>
FN:3,<<conjure_core::ast::types::ReturnType as serde::de::Deserialize>::deserialize::__FieldVisitor as serde::de::Visitor>::expecting
FN:3,<<conjure_core::ast::types::ReturnType as serde::de::Deserialize>::deserialize::__Field as serde::de::Deserialize>::deserialize::<_>
FN:3,<<conjure_core::ast::types::ReturnType as serde::de::Deserialize>::deserialize::__FieldVisitor as serde::de::Visitor>::visit_bytes::<_>
FN:3,<<conjure_core::ast::types::ReturnType as serde::de::Deserialize>::deserialize::__Field as serde::de::Deserialize>::deserialize::<_>
FN:3,<<conjure_core::ast::types::ReturnType as serde::de::Deserialize>::deserialize::__Visitor as serde::de::Visitor>::expecting
FN:3,<<conjure_core::ast::types::ReturnType as serde::de::Deserialize>::deserialize::__FieldVisitor as serde::de::Visitor>::visit_u64::<_>
FN:3,<<conjure_core::ast::types::ReturnType as serde::de::Deserialize>::deserialize::__Visitor as serde::de::Visitor>::expecting
FN:3,<<conjure_core::ast::types::ReturnType as serde::de::Deserialize>::deserialize::__FieldVisitor as serde::de::Visitor>::visit_str::<_>
FN:3,<<conjure_core::ast::types::ReturnType as serde::de::Deserialize>::deserialize::__FieldVisitor as serde::de::Visitor>::visit_str::<serde_json::error::Error>
FN:3,<<conjure_core::ast::types::ReturnType as serde::de::Deserialize>::deserialize::__Visitor as serde::de::Visitor>::visit_enum::<serde_json::de::VariantAccess<serde_json::read::StrRead>>
FNDA:0,<<conjure_core::ast::types::ReturnType as serde::de::Deserialize>::deserialize::__Visitor as serde::de::Visitor>::visit_enum::<serde_json::de::UnitVariantAccess<serde_json::read::StrRead>>
FNDA:0,<<conjure_core::ast::types::ReturnType as serde::de::Deserialize>::deserialize::__FieldVisitor as serde::de::Visitor>::visit_str::<_>
FNDA:0,<<conjure_core::ast::types::ReturnType as serde::de::Deserialize>::deserialize::__FieldVisitor as serde::de::Visitor>::expecting
FNDA:0,<<conjure_core::ast::types::ReturnType as serde::de::Deserialize>::deserialize::__Visitor as serde::de::Visitor>::visit_enum::<_>
FNDA:0,<<conjure_core::ast::types::ReturnType as serde::de::Deserialize>::deserialize::__FieldVisitor as serde::de::Visitor>::visit_bytes::<_>
FNDA:0,<<conjure_core::ast::types::ReturnType as serde::de::Deserialize>::deserialize::__FieldVisitor as serde::de::Visitor>::visit_u64::<_>
FNDA:0,<<conjure_core::ast::types::ReturnType as serde::de::Deserialize>::deserialize::__Field as serde::de::Deserialize>::deserialize::<&mut serde_json::de::Deserializer<serde_json::read::StrRead>>
FNDA:0,<<conjure_core::ast::types::ReturnType as serde::de::Deserialize>::deserialize::__Visitor as serde::de::Visitor>::visit_enum::<_>
FNDA:0,<<conjure_core::ast::types::ReturnType as serde::de::Deserialize>::deserialize::__FieldVisitor as serde::de::Visitor>::expecting
FNDA:0,<<conjure_core::ast::types::ReturnType as serde::de::Deserialize>::deserialize::__Field as serde::de::Deserialize>::deserialize::<_>
FNDA:0,<<conjure_core::ast::types::ReturnType as serde::de::Deserialize>::deserialize::__FieldVisitor as serde::de::Visitor>::visit_bytes::<_>
FNDA:0,<<conjure_core::ast::types::ReturnType as serde::de::Deserialize>::deserialize::__Field as serde::de::Deserialize>::deserialize::<_>
FNDA:0,<<conjure_core::ast::types::ReturnType as serde::de::Deserialize>::deserialize::__Visitor as serde::de::Visitor>::expecting
FNDA:0,<<conjure_core::ast::types::ReturnType as serde::de::Deserialize>::deserialize::__FieldVisitor as serde::de::Visitor>::visit_u64::<_>
FNDA:0,<<conjure_core::ast::types::ReturnType as serde::de::Deserialize>::deserialize::__Visitor as serde::de::Visitor>::expecting
FNDA:0,<<conjure_core::ast::types::ReturnType as serde::de::Deserialize>::deserialize::__FieldVisitor as serde::de::Visitor>::visit_str::<_>
FNDA:0,<<conjure_core::ast::types::ReturnType as serde::de::Deserialize>::deserialize::__FieldVisitor as serde::de::Visitor>::visit_str::<serde_json::error::Error>
FNDA:0,<<conjure_core::ast::types::ReturnType as serde::de::Deserialize>::deserialize::__Visitor as serde::de::Visitor>::visit_enum::<serde_json::de::VariantAccess<serde_json::read::StrRead>>
FNF:18
FNH:0
BRF:0
BRH:0
DA:3,0
LF:1
LH:0
end_of_record
SF:conjure_oxide/src/utils/misc.rs
FN:5,conjure_oxide::utils::misc::to_set::<_>
FN:5,conjure_oxide::utils::misc::to_set::<_>
FNDA:0,conjure_oxide::utils::misc::to_set::<_>
FNDA:0,conjure_oxide::utils::misc::to_set::<_>
FNF:2
FNH:0
BRF:0
BRH:0
DA:5,0
DA:6,0
DA:7,0
DA:8,0
DA:9,0
DA:10,0
DA:11,0
LF:7
LH:0
end_of_record
SF:solvers/minion/src/wrappers.rs
FN:9,minion_rs::wrappers::get_from_table
FN:9,minion_rs::wrappers::get_from_table
FNDA:1,minion_rs::wrappers::get_from_table
FNDA:0,minion_rs::wrappers::get_from_table
FNF:2
FNH:1
BRF:0
BRH:0
DA:9,405
DA:10,405
DA:11,405
DA:12,405
DA:13,405
DA:14,405
DA:15,405
DA:16,405
DA:17,405
DA:18,405
DA:19,0
DA:20,0
DA:25,405
DA:26,405
DA:27,405
DA:30,405
LF:16
LH:14
end_of_record
SF:crates/conjure_core/src/rule_engine/rule_set.rs
FN:100,<conjure_core::rule_engine::rule_set::RuleSet>::with_dependencies
FN:177,<conjure_core::rule_engine::rule_set::RuleSet as core::fmt::Display>::fmt::{closure#0}
FN:100,<conjure_core::rule_engine::rule_set::RuleSet>::with_dependencies
FN:172,<conjure_core::rule_engine::rule_set::RuleSet as core::fmt::Display>::fmt
FN:132,<conjure_core::rule_engine::rule_set::RuleSet>::resolve_dependencies
FN:107,<conjure_core::rule_engine::rule_set::RuleSet>::resolve_rules
FN:158,<conjure_core::rule_engine::rule_set::RuleSet as core::cmp::PartialEq>::eq
FN:83,<conjure_core::rule_engine::rule_set::RuleSet>::get_dependencies
FN:166,<conjure_core::rule_engine::rule_set::RuleSet as core::hash::Hash>::hash::<_>
FN:158,<conjure_core::rule_engine::rule_set::RuleSet as core::cmp::PartialEq>::eq
FN:47,<conjure_core::rule_engine::rule_set::RuleSet>::new
FN:83,<conjure_core::rule_engine::rule_set::RuleSet>::get_dependencies
FN:166,<conjure_core::rule_engine::rule_set::RuleSet as core::hash::Hash>::hash::<std::hash::random::DefaultHasher>
FN:65,<conjure_core::rule_engine::rule_set::RuleSet>::get_rules
FN:177,<conjure_core::rule_engine::rule_set::RuleSet as core::fmt::Display>::fmt::{closure#0}
FN:65,<conjure_core::rule_engine::rule_set::RuleSet>::get_rules
FN:132,<conjure_core::rule_engine::rule_set::RuleSet>::resolve_dependencies
FN:172,<conjure_core::rule_engine::rule_set::RuleSet as core::fmt::Display>::fmt
FN:47,<conjure_core::rule_engine::rule_set::RuleSet>::new
FN:107,<conjure_core::rule_engine::rule_set::RuleSet>::resolve_rules
FNDA:1,<conjure_core::rule_engine::rule_set::RuleSet>::with_dependencies
FNDA:0,<conjure_core::rule_engine::rule_set::RuleSet as core::fmt::Display>::fmt::{closure#0}
FNDA:0,<conjure_core::rule_engine::rule_set::RuleSet>::with_dependencies
FNDA:0,<conjure_core::rule_engine::rule_set::RuleSet as core::fmt::Display>::fmt
[...]
FNDA:0,<<<conjure_core::ast::expressions::Expression as serde::de::Deserialize>::deserialize::__Visitor as serde::de::Visitor>::visit_enum::__Visitor as serde::de::Visitor>::visit_seq::<_>
FNDA:0,<<<conjure_core::ast::expressions::Expression as serde::de::Deserialize>::deserialize::__Visitor as serde::de::Visitor>::visit_enum::__Visitor as serde::de::Visitor>::visit_seq::<serde_json::de::SeqAccess<serde_json::read::StrRead>>
FNDA:0,<conjure_core::ast::expressions::Expression as uniplate::traits::Biplate<conjure_core::ast::constants::Constant>>::biplate::{closure#13}
FNDA:1,<conjure_core::ast::expressions::Expression as core::convert::From<i32>>::from
FNDA:0,<<<conjure_core::ast::expressions::Expression as serde::de::Deserialize>::deserialize::__Visitor as serde::de::Visitor>::visit_enum::__Visitor as serde::de::Visitor>::expecting
FNDA:0,<<<conjure_core::ast::expressions::Expression as serde::de::Deserialize>::deserialize::__Visitor as serde::de::Visitor>::visit_enum::__Visitor as serde::de::Visitor>::expecting
FNDA:0,<<conjure_core::ast::expressions::Expression as serde::de::Deserialize>::deserialize::__Visitor as serde::de::Visitor>::visit_enum::<_>
FNDA:0,<conjure_core::ast::expressions::Expression as uniplate::traits::Uniplate>::uniplate::{closure#10}
FNDA:0,<<<conjure_core::ast::expressions::Expression as serde::de::Deserialize>::deserialize::__Visitor as serde::de::Visitor>::visit_enum::__Visitor as serde::de::Visitor>::expecting
FNDA:0,<conjure_core::ast::expressions::Expression as uniplate::traits::Biplate<conjure_core::ast::constants::Constant>>::biplate
FNDA:0,<conjure_core::ast::expressions::Expression as uniplate::traits::Biplate<conjure_core::ast::constants::Constant>>::biplate::{closure#9}
FNDA:0,<conjure_core::ast::expressions::Expression as uniplate::traits::Uniplate>::uniplate::{closure#25}
FNDA:0,<<<conjure_core::ast::expressions::Expression as serde::de::Deserialize>::deserialize::__Visitor as serde::de::Visitor>::visit_enum::__Visitor as serde::de::Visitor>::visit_seq::<_>
FNDA:0,<<<conjure_core::ast::expressions::Expression as serde::de::Deserialize>::deserialize::__Visitor as serde::de::Visitor>::visit_enum::__Visitor as serde::de::Visitor>::expecting
FNDA:0,<conjure_core::ast::expressions::Expression as uniplate::traits::Biplate<conjure_core::ast::constants::Constant>>::biplate::{closure#2}
FNDA:0,<<<conjure_core::ast::expressions::Expression as serde::de::Deserialize>::deserialize::__Visitor as serde::de::Visitor>::visit_enum::__Visitor as serde::de::Visitor>::visit_seq::<_>
FNDA:0,<<<conjure_core::ast::expressions::Expression as serde::de::Deserialize>::deserialize::__Visitor as serde::de::Visitor>::visit_enum::__Visitor as serde::de::Visitor>::expecting
FNDA:0,<conjure_core::ast::expressions::Expression as uniplate::traits::Biplate<conjure_core::ast::constants::Constant>>::biplate::{closure#19}
FNDA:1,conjure_core::ast::expressions::expr_vec_to_domain_i32::{closure#0}
FNDA:0,<<<conjure_core::ast::expressions::Expression as serde::de::Deserialize>::deserialize::__Visitor as serde::de::Visitor>::visit_enum::__Visitor as serde::de::Visitor>::visit_seq::<_>
FNDA:0,<conjure_core::ast::expressions::Expression as uniplate::traits::Biplate<conjure_core::ast::constants::Constant>>::biplate::{closure#22}
FNDA:0,<conjure_core::ast::expressions::Expression as uniplate::traits::Biplate<conjure_core::ast::constants::Constant>>::biplate::{closure#8}
FNDA:1,<<<conjure_core::ast::expressions::Expression as serde::de::Deserialize>::deserialize::__Visitor as serde::de::Visitor>::visit_enum::__Visitor as serde::de::Visitor>::visit_seq::<serde_json::de::SeqAccess<serde_json::read::StrRead>>
FNDA:0,<<<conjure_core::ast::expressions::Expression as serde::de::Deserialize>::deserialize::__Visitor as serde::de::Visitor>::visit_enum::__Visitor as serde::de::Visitor>::expecting
FNDA:1,conjure_core::ast::expressions::expr_vec_to_domain_i32::{closure#1}
FNDA:0,<<<conjure_core::ast::expressions::Expression as serde::de::Deserialize>::deserialize::__Visitor as serde::de::Visitor>::visit_enum::__Visitor as serde::de::Visitor>::visit_seq::<_>
FNDA:1,conjure_core::ast::expressions::expr_vec_to_domain_i32::{closure#0}
FNDA:0,<conjure_core::ast::expressions::Expression as core::fmt::Display>::fmt
FNDA:0,<conjure_core::ast::expressions::Expression as uniplate::traits::Biplate<conjure_core::metadata::Metadata>>::biplate::{closure#23}
FNDA:0,<conjure_core::ast::expressions::Expression as uniplate::traits::Biplate<conjure_core::metadata::Metadata>>::biplate::{closure#24}
FNDA:0,<<<conjure_core::ast::expressions::Expression as serde::de::Deserialize>::deserialize::__Visitor as serde::de::Visitor>::visit_enum::__Visitor as serde::de::Visitor>::expecting
FNDA:0,<conjure_core::ast::expressions::Expression as uniplate::traits::Biplate<conjure_core::metadata::Metadata>>::biplate::{closure#4}
FNDA:0,<conjure_core::ast::expressions::Expression as uniplate::traits::Biplate<conjure_core::metadata::Metadata>>::biplate::{closure#10}
FNDA:0,<<<conjure_core::ast::expressions::Expression as serde::de::Deserialize>::deserialize::__Visitor as serde::de::Visitor>::visit_enum::__Visitor as serde::de::Visitor>::visit_seq::<_>
FNDA:0,<conjure_core::ast::expressions::Expression as uniplate::traits::Uniplate>::uniplate::{closure#7}
FNDA:0,<<conjure_core::ast::expressions::Expression as serde::de::Deserialize>::deserialize::__Visitor as serde::de::Visitor>::visit_enum::<_>
FNDA:0,<conjure_core::ast::expressions::Expression as uniplate::traits::Biplate<conjure_core::metadata::Metadata>>::biplate::{closure#7}
FNDA:0,<<<conjure_core::ast::expressions::Expression as serde::de::Deserialize>::deserialize::__Visitor as serde::de::Visitor>::visit_enum::__Visitor as serde::de::Visitor>::visit_seq::<_>
FNDA:0,<<<conjure_core::ast::expressions::Expression as serde::de::Deserialize>::deserialize::__Visitor as serde::de::Visitor>::visit_enum::__Visitor as serde::de::Visitor>::expecting
FNDA:0,<<<conjure_core::ast::expressions::Expression as serde::de::Deserialize>::deserialize::__Visitor as serde::de::Visitor>::visit_enum::__Visitor as serde::de::Visitor>::expecting
FNDA:0,<<<conjure_core::ast::expressions::Expression as serde::de::Deserialize>::deserialize::__Visitor as serde::de::Visitor>::visit_enum::__Visitor as serde::de::Visitor>::expecting
FNDA:1,<conjure_core::ast::expressions::Expression>::domain_of::{closure#2}
FNDA:0,<<<conjure_core::ast::expressions::Expression as serde::de::Deserialize>::deserialize::__Visitor as serde::de::Visitor>::visit_enum::__Visitor as serde::de::Visitor>::expecting
FNDA:0,<conjure_core::ast::expressions::Expression as uniplate::traits::Biplate<conjure_core::metadata::Metadata>>::biplate::{closure#11}
FNDA:0,<<<conjure_core::ast::expressions::Expression as serde::de::Deserialize>::deserialize::__Visitor as serde::de::Visitor>::visit_enum::__Visitor as serde::de::Visitor>::expecting
FNDA:1,<<conjure_core::ast::expressions::Expression as serde::de::Deserialize>::deserialize::__FieldVisitor as serde::de::Visitor>::visit_str::<serde_json::error::Error>
FNDA:0,<conjure_core::ast::expressions::Expression as uniplate::traits::Biplate<conjure_core::ast::constants::Constant>>::biplate::{closure#14}
FNDA:0,<<<conjure_core::ast::expressions::Expression as serde::de::Deserialize>::deserialize::__Visitor as serde::de::Visitor>::visit_enum::__Visitor as serde::de::Visitor>::visit_seq::<_>
FNDA:1,<conjure_core::ast::expressions::Expression as uniplate::traits::Uniplate>::uniplate::{closure#10}
FNDA:0,<conjure_core::ast::expressions::Expression as uniplate::traits::Uniplate>::uniplate::{closure#5}
FNDA:0,<conjure_core::ast::expressions::Expression as uniplate::traits::Biplate<conjure_core::ast::constants::Constant>>::biplate::{closure#7}
FNDA:0,<conjure_core::ast::expressions::Expression as uniplate::traits::Biplate<conjure_core::ast::constants::Constant>>::biplate::{closure#18}
FNDA:0,<<<conjure_core::ast::expressions::Expression as serde::de::Deserialize>::deserialize::__Visitor as serde::de::Visitor>::visit_enum::__Visitor as serde::de::Visitor>::expecting
FNDA:0,conjure_core::ast::expressions::display_expressions::{closure#0}
FNDA:0,<<<conjure_core::ast::expressions::Expression as serde::de::Deserialize>::deserialize::__Visitor as serde::de::Visitor>::visit_enum::__Visitor as serde::de::Visitor>::visit_seq::<_>
FNDA:0,<conjure_core::ast::expressions::Expression as uniplate::traits::Uniplate>::uniplate::{closure#18}
FNDA:0,<<<conjure_core::ast::expressions::Expression as serde::de::Deserialize>::deserialize::__Visitor as serde::de::Visitor>::visit_enum::__Visitor as serde::de::Visitor>::expecting
FNDA:0,<<<conjure_core::ast::expressions::Expression as serde::de::Deserialize>::deserialize::__Visitor as serde::de::Visitor>::visit_enum::__Visitor as serde::de::Visitor>::expecting
FNDA:0,<conjure_core::ast::expressions::Expression as uniplate::traits::Biplate<conjure_core::ast::constants::Constant>>::biplate::{closure#24}
FNDA:1,conjure_core::ast::expressions::tests::test_domain_of_reference
FNDA:0,<conjure_core::ast::expressions::Expression as uniplate::traits::Biplate<conjure_core::metadata::Metadata>>::biplate::{closure#15}
FNDA:0,<conjure_core::ast::expressions::Expression>::set_meta
FNDA:0,<<conjure_core::ast::expressions::Expression as serde::de::Deserialize>::deserialize::__FieldVisitor as serde::de::Visitor>::visit_str::<_>
FNDA:0,<conjure_core::ast::expressions::Expression>::set_clean
FNDA:0,<conjure_core::ast::expressions::Expression as uniplate::traits::Biplate<conjure_core::ast::constants::Constant>>::biplate::{closure#10}
FNDA:0,<conjure_core::ast::expressions::Expression as uniplate::traits::Uniplate>::uniplate::{closure#24}
FNDA:1,<conjure_core::ast::expressions::Expression as uniplate::traits::Uniplate>::uniplate::{closure#3}
FNDA:0,<<<conjure_core::ast::expressions::Expression as serde::de::Deserialize>::deserialize::__Visitor as serde::de::Visitor>::visit_enum::__Visitor as serde::de::Visitor>::visit_seq::<_>
FNDA:0,<conjure_core::ast::expressions::Expression as uniplate::traits::Biplate<conjure_core::metadata::Metadata>>::biplate::{closure#2}
FNDA:0,<conjure_core::ast::expressions::Expression as uniplate::traits::Biplate<conjure_core::ast::constants::Constant>>::biplate::{closure#11}
FNDA:0,<conjure_core::ast::expressions::Expression as uniplate::traits::Uniplate>::uniplate::{closure#5}
FNDA:0,<conjure_core::ast::expressions::Expression as uniplate::traits::Biplate<conjure_core::metadata::Metadata>>::biplate::{closure#5}
FNDA:0,<conjure_core::ast::expressions::Expression as uniplate::traits::Uniplate>::uniplate::{closure#3}
FNDA:0,<conjure_core::ast::expressions::Expression as uniplate::traits::Biplate<conjure_core::ast::constants::Constant>>::biplate::{closure#10}
FNDA:0,<<<conjure_core::ast::expressions::Expression as serde::de::Deserialize>::deserialize::__Visitor as serde::de::Visitor>::visit_enum::__Visitor as serde::de::Visitor>::expecting
FNDA:0,<<conjure_core::ast::expressions::Expression as serde::de::Deserialize>::deserialize::__FieldVisitor as serde::de::Visitor>::visit_u64::<_>
FNDA:1,<conjure_core::ast::expressions::Expression as uniplate::traits::Uniplate>::uniplate
FNDA:1,conjure_core::ast::expressions::range_vec_bounds_i32
FNDA:1,conjure_core::ast::expressions::tests::test_domain_of_constant_invalid_type
FNDA:0,<conjure_core::ast::expressions::Expression as uniplate::traits::Biplate<conjure_core::metadata::Metadata>>::biplate::{closure#13}
FNDA:0,<conjure_core::ast::expressions::Expression as uniplate::traits::Biplate<conjure_core::metadata::Metadata>>::biplate::{closure#16}
FNDA:0,<conjure_core::ast::expressions::Expression as uniplate::traits::Biplate<conjure_core::ast::constants::Constant>>::biplate::{closure#2}
FNDA:0,<<<conjure_core::ast::expressions::Expression as serde::de::Deserialize>::deserialize::__Visitor as serde::de::Visitor>::visit_enum::__Visitor as serde::de::Visitor>::visit_seq::<_>
FNDA:0,<conjure_core::ast::expressions::Expression as uniplate::traits::Uniplate>::uniplate::{closure#14}
FNDA:1,<conjure_core::ast::expressions::Expression as uniplate::traits::Uniplate>::uniplate::{closure#24}
FNDA:1,<<<conjure_core::ast::expressions::Expression as serde::de::Deserialize>::deserialize::__Visitor as serde::de::Visitor>::visit_enum::__Visitor as serde::de::Visitor>::visit_seq::<serde_json::de::SeqAccess<serde_json::read::StrRead>>
FNDA:0,<conjure_core::ast::expressions::Expression as uniplate::traits::Biplate<conjure_core::metadata::Metadata>>::biplate::{closure#19}
FNDA:0,<<conjure_core::ast::expressions::Expression as serde::de::Deserialize>::deserialize::__Field as serde::de::Deserialize>::deserialize::<_>
FNDA:0,<conjure_core::ast::expressions::Expression as uniplate::traits::Biplate<conjure_core::metadata::Metadata>>::biplate::{closure#17}
FNDA:0,<conjure_core::ast::expressions::Expression as uniplate::traits::Biplate<conjure_core::ast::constants::Constant>>::biplate::{closure#19}
FNDA:0,<conjure_core::ast::expressions::Expression as uniplate::traits::Uniplate>::uniplate
FNDA:0,<conjure_core::ast::expressions::Expression as core::fmt::Display>::fmt
FNDA:0,<<<conjure_core::ast::expressions::Expression as serde::de::Deserialize>::deserialize::__Visitor as serde::de::Visitor>::visit_enum::__Visitor as serde::de::Visitor>::expecting
FNDA:0,<conjure_core::ast::expressions::Expression as uniplate::traits::Uniplate>::uniplate::{closure#15}
FNDA:0,<<conjure_core::ast::expressions::Expression as serde::de::Deserialize>::deserialize::__Field as serde::de::Deserialize>::deserialize::<_>
FNDA:0,<<<conjure_core::ast::expressions::Expression as serde::de::Deserialize>::deserialize::__Visitor as serde::de::Visitor>::visit_enum::__Visitor as serde::de::Visitor>::expecting
FNDA:0,<conjure_core::ast::expressions::Expression as uniplate::traits::Biplate<conjure_core::ast::constants::Constant>>::biplate::{closure#4}
FNDA:0,<<<conjure_core::ast::expressions::Expression as serde::de::Deserialize>::deserialize::__Visitor as serde::de::Visitor>::visit_enum::__Visitor as serde::de::Visitor>::visit_seq::<_>
FNDA:0,<<<conjure_core::ast::expressions::Expression as serde::de::Deserialize>::deserialize::__Visitor as serde::de::Visitor>::visit_enum::__Visitor as serde::de::Visitor>::visit_seq::<_>
FNDA:0,<<<conjure_core::ast::expressions::Expression as serde::de::Deserialize>::deserialize::__Visitor as serde::de::Visitor>::visit_enum::__Visitor as serde::de::Visitor>::expecting
FNDA:1,<conjure_core::ast::expressions::Expression>::can_be_undefined
FNDA:0,<<<conjure_core::ast::expressions::Expression as serde::de::Deserialize>::deserialize::__Visitor as serde::de::Visitor>::visit_enum::__Visitor as serde::de::Visitor>::expecting
FNDA:0,<<conjure_core::ast::expressions::Expression as serde::de::Deserialize>::deserialize::__FieldVisitor as serde::de::Visitor>::visit_u64::<_>
FNDA:0,<conjure_core::ast::expressions::Expression as uniplate::traits::Biplate<conjure_core::ast::constants::Constant>>::biplate::{closure#8}
FNDA:0,<<<conjure_core::ast::expressions::Expression as serde::de::Deserialize>::deserialize::__Visitor as serde::de::Visitor>::visit_enum::__Visitor as serde::de::Visitor>::visit_seq::<_>
FNDA:0,<conjure_core::ast::expressions::Expression as uniplate::traits::Uniplate>::uniplate::{closure#4}
FNDA:0,<conjure_core::ast::expressions::Expression as uniplate::traits::Uniplate>::uniplate::{closure#23}
FNDA:0,<<<conjure_core::ast::expressions::Expression as serde::de::Deserialize>::deserialize::__Visitor as serde::de::Visitor>::visit_enum::__Visitor as serde::de::Visitor>::visit_seq::<_>
FNDA:0,<<<conjure_core::ast::expressions::Expression as serde::de::Deserialize>::deserialize::__Visitor as serde::de::Visitor>::visit_enum::__Visitor as serde::de::Visitor>::visit_seq::<_>
FNDA:0,<conjure_core::ast::expressions::Expression as core::convert::From<i32>>::from
FNDA:0,<<conjure_core::ast::expressions::Expression as serde::de::Deserialize>::deserialize::__FieldVisitor as serde::de::Visitor>::expecting
FNDA:0,<<<conjure_core::ast::expressions::Expression as serde::de::Deserialize>::deserialize::__Visitor as serde::de::Visitor>::visit_enum::__Visitor as serde::de::Visitor>::visit_seq::<serde_json::de::SeqAccess<serde_json::read::StrRead>>
FNDA:0,<<<conjure_core::ast::expressions::Expression as serde::de::Deserialize>::deserialize::__Visitor as serde::de::Visitor>::visit_enum::__Visitor as serde::de::Visitor>::expecting
FNDA:0,conjure_core::ast::expressions::display_expressions
FNDA:1,<<<conjure_core::ast::expressions::Expression as serde::de::Deserialize>::deserialize::__Visitor as serde::de::Visitor>::visit_enum::__Visitor as serde::de::Visitor>::visit_seq::<serde_json::de::SeqAccess<serde_json::read::StrRead>>
FNDA:0,<conjure_core::ast::expressions::Expression as uniplate::traits::Uniplate>::uniplate::{closure#21}
FNDA:0,<<<conjure_core::ast::expressions::Expression as serde::de::Deserialize>::deserialize::__Visitor as serde::de::Visitor>::visit_enum::__Visitor as serde::de::Visitor>::visit_seq::<_>
FNDA:0,<conjure_core::ast::expressions::Expression as uniplate::traits::Biplate<conjure_core::metadata::Metadata>>::biplate::{closure#21}
FNDA:0,<conjure_core::ast::expressions::Expression>::domain_of::{closure#3}
FNDA:0,<conjure_core::ast::expressions::Expression>::set_meta
FNF:356
FNH:69
BRF:0
BRH:0
DA:22,10630473
DA:133,82
DA:134,82
DA:135,82
DA:136,82
DA:137,82
DA:138,162
DA:139,82
DA:140,82
DA:141,82
DA:142,82
DA:143,82
DA:145,113
DA:146,113
DA:147,113
DA:148,1769
DA:149,1656
DA:150,1656
DA:151,1656
DA:152,148
DA:153,1508
DA:154,1656
DA:155,423
DA:156,1235
DA:158,0
DA:159,0
DA:160,0
DA:161,0
DA:162,0
DA:166,113
DA:167,113
DA:171,372
DA:172,371
DA:173,216
DA:174,31
DA:175,31
DA:177,1
DA:178,6
DA:179,49
DA:180,700
DA:182,28
DA:183,364
DA:185,42
DA:186,42
DA:187,721
DA:188,42
DA:191,0
DA:194,368
DA:197,368
DA:198,113
DA:199,113
DA:201,258
DA:203,372
DA:205,1806
DA:206,1806
DA:207,1806
DA:209,0
DA:210,0
DA:211,0
DA:213,14
DA:215,0
DA:216,7
DA:217,0
DA:218,0
DA:219,7
DA:221,14
DA:223,91
DA:224,0
DA:225,0
DA:226,0
DA:227,0
DA:228,0
DA:229,0
DA:230,0
DA:231,0
DA:232,0
DA:233,0
DA:234,42
DA:235,7
DA:236,0
DA:237,0
DA:238,0
DA:239,0
DA:240,42
DA:241,0
DA:242,0
DA:243,0
DA:244,0
DA:245,0
DA:246,0
DA:247,0
DA:248,0
DA:249,0
DA:250,0
DA:251,0
DA:253,91
DA:255,0
DA:256,0
DA:257,0
DA:258,0
DA:260,0
DA:261,0
DA:262,0
DA:263,0
DA:264,0
DA:267,0
DA:268,0
DA:269,0
DA:270,0
DA:271,0
DA:272,0
DA:273,0
DA:274,0
DA:275,0
DA:276,0
DA:277,0
DA:278,0
DA:279,0
DA:280,0
DA:281,0
DA:282,0
DA:283,0
DA:284,0
DA:287,49
DA:288,49
DA:289,49
DA:293,0
DA:294,0
DA:295,0
DA:300,0
DA:301,0
DA:302,0
DA:303,0
DA:304,0
DA:306,0
DA:307,0
DA:308,0
DA:310,0
DA:311,0
DA:312,0
DA:314,0
DA:315,0
DA:317,0
DA:318,0
DA:320,0
DA:321,0
DA:323,0
DA:324,0
DA:326,0
DA:327,0
DA:329,0
DA:330,0
DA:332,0
DA:333,0
DA:335,0
DA:336,0
DA:338,0
DA:339,0
DA:341,0
DA:342,0
DA:344,0
DA:345,0
DA:347,0
DA:348,0
DA:349,0
DA:350,0
DA:351,0
DA:352,0
DA:353,0
DA:355,0
DA:356,0
DA:358,0
DA:359,0
DA:361,0
DA:362,0
DA:363,0
DA:364,0
DA:365,0
DA:366,0
DA:367,0
DA:368,0
DA:369,0
DA:371,0
DA:372,0
DA:374,0
DA:375,0
DA:377,0
DA:378,0
DA:380,0
DA:381,0
DA:382,0
DA:383,0
DA:384,0
DA:385,0
DA:386,0
DA:387,0
DA:390,0
DA:392,0
DA:402,1
DA:403,1
DA:404,1
DA:405,1
DA:406,1
DA:407,1
DA:408,1
DA:409,1
DA:410,1
DA:413,1
DA:414,1
DA:415,1
DA:416,1
DA:417,1
DA:418,1
DA:421,1
DA:422,1
DA:423,1
DA:424,1
DA:427,1
DA:428,1
DA:429,1
DA:430,1
DA:431,1
DA:432,1
DA:433,1
DA:434,1
DA:435,1
DA:436,1
DA:437,1
DA:438,1
DA:441,1
DA:442,1
DA:443,1
DA:444,1
DA:447,1
DA:448,1
DA:449,1
DA:450,1
DA:451,1
DA:452,1
DA:453,1
DA:454,1
DA:455,1
DA:456,1
DA:457,1
DA:458,1
DA:459,1
DA:462,1
DA:463,1
DA:464,1
DA:465,1
DA:466,1
DA:467,1
DA:468,1
DA:469,1
DA:470,1
DA:471,1
DA:472,1
DA:473,1
DA:474,1
LF:259
LH:123
end_of_record
