TN:
SF:crates/conjure_core/src/solver/adaptors/sat_common.rs
FN:141,<conjure_core::solver::adaptors::sat_common::CNFModel>::as_expression
FN:288,<conjure_core::solver::adaptors::sat_common::CNFModel as core::default::Default>::default
FN:117,<conjure_core::solver::adaptors::sat_common::CNFModel>::add_clause
FN:90,<conjure_core::solver::adaptors::sat_common::CNFModel>::get_name
FN:207,<conjure_core::solver::adaptors::sat_common::CNFModel>::handle_not
FN:90,<conjure_core::solver::adaptors::sat_common::CNFModel>::get_name
FN:110,<conjure_core::solver::adaptors::sat_common::CNFModel>::has_variable::<i32>
FN:188,<conjure_core::solver::adaptors::sat_common::CNFModel>::get_reference_index
FN:207,<conjure_core::solver::adaptors::sat_common::CNFModel>::handle_not
FN:319,<i32 as conjure_core::solver::adaptors::sat_common::HasVariable>::has_variable
FN:253,<conjure_core::solver::adaptors::sat_common::CNFModel>::handle_and
FN:141,<conjure_core::solver::adaptors::sat_common::CNFModel>::as_expression
FN:110,<conjure_core::solver::adaptors::sat_common::CNFModel>::has_variable::<_>
FN:102,<conjure_core::solver::adaptors::sat_common::CNFModel>::add_variable
FN:200,<conjure_core::solver::adaptors::sat_common::CNFModel>::handle_reference
FN:236,<conjure_core::solver::adaptors::sat_common::CNFModel>::handle_flat_expression
FN:85,<conjure_core::solver::adaptors::sat_common::CNFModel>::get_index
FN:253,<conjure_core::solver::adaptors::sat_common::CNFModel>::handle_and
FN:188,<conjure_core::solver::adaptors::sat_common::CNFModel>::get_reference_index
FN:37,<conjure_core::solver::adaptors::sat_common::CNFModel>::from_conjure
FN:29,<conjure_core::solver::adaptors::sat_common::CNFModel>::new
FN:29,<conjure_core::solver::adaptors::sat_common::CNFModel>::new
FN:85,<conjure_core::solver::adaptors::sat_common::CNFModel>::get_index
FN:102,<conjure_core::solver::adaptors::sat_common::CNFModel>::add_variable
FN:130,<conjure_core::solver::adaptors::sat_common::CNFModel>::add_expression
FN:74,<conjure_core::solver::adaptors::sat_common::CNFModel>::get_variables
FN:37,<conjure_core::solver::adaptors::sat_common::CNFModel>::from_conjure
FN:220,<conjure_core::solver::adaptors::sat_common::CNFModel>::handle_or
FN:200,<conjure_core::solver::adaptors::sat_common::CNFModel>::handle_reference
FN:319,<i32 as conjure_core::solver::adaptors::sat_common::HasVariable>::has_variable
FN:236,<conjure_core::solver::adaptors::sat_common::CNFModel>::handle_flat_expression
FN:288,<conjure_core::solver::adaptors::sat_common::CNFModel as core::default::Default>::default
FN:117,<conjure_core::solver::adaptors::sat_common::CNFModel>::add_clause
FN:74,<conjure_core::solver::adaptors::sat_common::CNFModel>::get_variables
FN:154,<conjure_core::solver::adaptors::sat_common::CNFModel>::clause_to_expression
FN:276,<conjure_core::solver::adaptors::sat_common::CNFModel>::handle_expression
FN:220,<conjure_core::solver::adaptors::sat_common::CNFModel>::handle_or
FN:325,<&conjure_core::ast::symbol_table::Name as conjure_core::solver::adaptors::sat_common::HasVariable>::has_variable
FN:130,<conjure_core::solver::adaptors::sat_common::CNFModel>::add_expression
FN:276,<conjure_core::solver::adaptors::sat_common::CNFModel>::handle_expression
FN:154,<conjure_core::solver::adaptors::sat_common::CNFModel>::clause_to_expression
FN:325,<&conjure_core::ast::symbol_table::Name as conjure_core::solver::adaptors::sat_common::HasVariable>::has_variable
FNDA:0,<conjure_core::solver::adaptors::sat_common::CNFModel>::as_expression
FNDA:0,<conjure_core::solver::adaptors::sat_common::CNFModel as core::default::Default>::default
FNDA:0,<conjure_core::solver::adaptors::sat_common::CNFModel>::add_clause
FNDA:0,<conjure_core::solver::adaptors::sat_common::CNFModel>::get_name
FNDA:0,<conjure_core::solver::adaptors::sat_common::CNFModel>::handle_not
FNDA:0,<conjure_core::solver::adaptors::sat_common::CNFModel>::get_name
FNDA:0,<conjure_core::solver::adaptors::sat_common::CNFModel>::has_variable::<i32>
FNDA:0,<conjure_core::solver::adaptors::sat_common::CNFModel>::get_reference_index
FNDA:0,<conjure_core::solver::adaptors::sat_common::CNFModel>::handle_not
FNDA:0,<i32 as conjure_core::solver::adaptors::sat_common::HasVariable>::has_variable
FNDA:0,<conjure_core::solver::adaptors::sat_common::CNFModel>::handle_and
FNDA:0,<conjure_core::solver::adaptors::sat_common::CNFModel>::as_expression
FNDA:0,<conjure_core::solver::adaptors::sat_common::CNFModel>::has_variable::<_>
FNDA:0,<conjure_core::solver::adaptors::sat_common::CNFModel>::add_variable
FNDA:0,<conjure_core::solver::adaptors::sat_common::CNFModel>::handle_reference
FNDA:0,<conjure_core::solver::adaptors::sat_common::CNFModel>::handle_flat_expression
FNDA:0,<conjure_core::solver::adaptors::sat_common::CNFModel>::get_index
FNDA:0,<conjure_core::solver::adaptors::sat_common::CNFModel>::handle_and
FNDA:0,<conjure_core::solver::adaptors::sat_common::CNFModel>::get_reference_index
FNDA:0,<conjure_core::solver::adaptors::sat_common::CNFModel>::from_conjure
FNDA:0,<conjure_core::solver::adaptors::sat_common::CNFModel>::new
FNDA:0,<conjure_core::solver::adaptors::sat_common::CNFModel>::new
FNDA:0,<conjure_core::solver::adaptors::sat_common::CNFModel>::get_index
FNDA:0,<conjure_core::solver::adaptors::sat_common::CNFModel>::add_variable
FNDA:0,<conjure_core::solver::adaptors::sat_common::CNFModel>::add_expression
FNDA:0,<conjure_core::solver::adaptors::sat_common::CNFModel>::get_variables
FNDA:0,<conjure_core::solver::adaptors::sat_common::CNFModel>::from_conjure
FNDA:0,<conjure_core::solver::adaptors::sat_common::CNFModel>::handle_or
FNDA:0,<conjure_core::solver::adaptors::sat_common::CNFModel>::handle_reference
FNDA:0,<i32 as conjure_core::solver::adaptors::sat_common::HasVariable>::has_variable
FNDA:0,<conjure_core::solver::adaptors::sat_common::CNFModel>::handle_flat_expression
FNDA:0,<conjure_core::solver::adaptors::sat_common::CNFModel as core::default::Default>::default
FNDA:0,<conjure_core::solver::adaptors::sat_common::CNFModel>::add_clause
FNDA:0,<conjure_core::solver::adaptors::sat_common::CNFModel>::get_variables
FNDA:0,<conjure_core::solver::adaptors::sat_common::CNFModel>::clause_to_expression
FNDA:0,<conjure_core::solver::adaptors::sat_common::CNFModel>::handle_expression
FNDA:0,<conjure_core::solver::adaptors::sat_common::CNFModel>::handle_or
FNDA:0,<&conjure_core::ast::symbol_table::Name as conjure_core::solver::adaptors::sat_common::HasVariable>::has_variable
FNDA:0,<conjure_core::solver::adaptors::sat_common::CNFModel>::add_expression
FNDA:0,<conjure_core::solver::adaptors::sat_common::CNFModel>::handle_expression
FNDA:0,<conjure_core::solver::adaptors::sat_common::CNFModel>::clause_to_expression
FNDA:0,<&conjure_core::ast::symbol_table::Name as conjure_core::solver::adaptors::sat_common::HasVariable>::has_variable
FNF:42
FNH:0
BRF:0
BRH:0
DA:29,0
DA:30,0
DA:31,0
DA:32,0
DA:33,0
DA:34,0
DA:35,0
DA:37,0
DA:38,0
DA:40,0
DA:42,0
DA:44,0
DA:46,0
DA:47,0
DA:48,0
DA:49,0
DA:50,0
DA:51,0
DA:52,0
DA:53,0
DA:54,0
DA:55,0
DA:56,0
DA:59,0
DA:60,0
DA:61,0
DA:62,0
DA:63,0
DA:64,0
DA:69,0
DA:70,0
DA:74,0
DA:75,0
DA:77,0
DA:78,0
DA:79,0
DA:81,0
DA:82,0
DA:85,0
DA:86,0
DA:87,0
DA:90,0
DA:91,0
DA:92,0
DA:93,0
DA:94,0
DA:95,0
DA:98,0
DA:99,0
DA:102,0
DA:103,0
DA:104,0
DA:105,0
DA:110,0
DA:111,0
DA:112,0
DA:117,0
DA:118,0
DA:119,0
DA:120,0
DA:121,0
DA:123,0
DA:124,0
DA:125,0
DA:130,0
DA:131,0
DA:132,0
DA:134,0
DA:135,0
DA:141,0
DA:142,0
DA:144,0
DA:145,0
DA:148,0
DA:149,0
DA:154,0
DA:155,0
DA:157,0
DA:158,0
DA:159,0
DA:160,0
DA:161,0
DA:162,0
DA:163,0
DA:164,0
DA:165,0
DA:166,0
DA:167,0
DA:168,0
DA:169,0
DA:170,0
DA:171,0
DA:172,0
DA:173,0
DA:174,0
DA:180,0
DA:181,0
DA:188,0
DA:189,0
DA:190,0
DA:191,0
DA:193,0
DA:200,0
DA:201,0
DA:202,0
DA:207,0
DA:208,0
DA:210,0
DA:211,0
DA:213,0
DA:215,0
DA:220,0
DA:221,0
DA:223,0
DA:224,0
DA:225,0
DA:226,0
DA:227,0
DA:230,0
DA:231,0
DA:236,0
DA:237,0
DA:238,0
DA:239,0
DA:240,0
DA:241,0
DA:242,0
DA:244,0
DA:245,0
DA:246,0
DA:248,0
DA:253,0
DA:254,0
DA:255,0
DA:256,0
DA:257,0
DA:259,0
DA:260,0
DA:261,0
DA:262,0
DA:265,0
DA:270,0
DA:271,0
DA:276,0
DA:277,0
DA:278,0
DA:279,0
DA:280,0
DA:281,0
DA:282,0
DA:284,0
DA:288,0
DA:289,0
DA:290,0
DA:319,0
DA:320,0
DA:321,0
DA:325,0
DA:326,0
DA:327,0
LF:160
LH:0
end_of_record
SF:conjure_oxide/src/find_conjure.rs
FN:9,conjure_oxide::find_conjure::conjure_executable
FN:9,conjure_oxide::find_conjure::conjure_executable
FN:25,conjure_oxide::find_conjure::conjure_executable::{closure#0}
FN:25,conjure_oxide::find_conjure::conjure_executable::{closure#0}
FNDA:0,conjure_oxide::find_conjure::conjure_executable
FNDA:1,conjure_oxide::find_conjure::conjure_executable
FNDA:0,conjure_oxide::find_conjure::conjure_executable::{closure#0}
FNDA:0,conjure_oxide::find_conjure::conjure_executable::{closure#0}
FNF:4
FNH:1
BRF:0
BRH:0
DA:9,6
DA:10,6
DA:11,6
DA:12,6
DA:13,6
DA:15,6
DA:16,0
DA:17,6
DA:18,6
DA:19,6
DA:20,6
DA:21,6
DA:22,6
DA:23,0
DA:24,0
DA:25,0
DA:26,0
DA:27,0
DA:28,0
DA:29,0
DA:30,0
DA:32,0
DA:34,6
DA:35,6
DA:36,6
DA:37,6
DA:38,6
DA:40,6
DA:41,6
DA:42,0
DA:44,0
DA:45,0
DA:46,0
DA:47,0
DA:48,0
DA:49,0
DA:50,0
DA:51,0
DA:53,0
DA:55,6
DA:56,0
DA:57,0
DA:58,0
DA:59,0
DA:60,0
DA:61,6
DA:62,6
DA:63,6
LF:48
LH:23
end_of_record
SF:crates/conjure_core/src/rules/cnf.rs
FN:8,conjure_core::rules::cnf::CONJURE_GEN_RULE_SET_CNF::__typecheck::{closure#0}::{closure#0}
FN:8,conjure_core::rules::cnf::CONJURE_GEN_RULE_SET_CNF::__typecheck::{closure#0}::{closure#0}
FNDA:0,conjure_core::rules::cnf::CONJURE_GEN_RULE_SET_CNF::__typecheck::{closure#0}::{closure#0}
FNDA:0,conjure_core::rules::cnf::CONJURE_GEN_RULE_SET_CNF::__typecheck::{closure#0}::{closure#0}
FNF:2
FNH:0
BRF:0
BRH:0
LF:0
LH:0
end_of_record
SF:crates/tree_morph/src/helpers.rs
FN:13,tree_morph::helpers::select_first::<_, _, _>::{closure#0}
FN:5,tree_morph::helpers::select_first::<_, _, _>
FN:13,tree_morph::helpers::select_first::<add_mul::Expr, add_mul::Meta, add_mul::ReductionRule>::{closure#0}
FN:5,tree_morph::helpers::select_first::<add_mul::Expr, add_mul::Meta, add_mul::ReductionRule>
FNDA:0,tree_morph::helpers::select_first::<_, _, _>::{closure#0}
FNDA:0,tree_morph::helpers::select_first::<_, _, _>
FNDA:0,tree_morph::helpers::select_first::<add_mul::Expr, add_mul::Meta, add_mul::ReductionRule>::{closure#0}
FNDA:0,tree_morph::helpers::select_first::<add_mul::Expr, add_mul::Meta, add_mul::ReductionRule>
FNF:4
FNH:0
BRF:0
BRH:0
DA:5,0
DA:6,0
DA:7,0
DA:8,0
DA:9,0
DA:10,0
DA:11,0
DA:12,0
DA:13,0
DA:14,0
LF:10
LH:0
end_of_record
SF:solvers/minion/src/run.rs
FN:172,minion_rs::run::run_minion::{closure#0}
FN:717,minion_rs::run::read_constant_list
FN:672,minion_rs::run::read_2_vars::{closure#0}
FN:300,minion_rs::run::get_constraint_type
FN:647,minion_rs::run::read_var::{closure#1}
FN:701,minion_rs::run::read_constant
FN:768,minion_rs::run::read_constraint_list::{closure#1}
FN:639,minion_rs::run::read_var
FN:758,minion_rs::run::read_constraint_list
FN:644,minion_rs::run::read_var::{closure#0}
FN:611,minion_rs::run::read_list
FN:274,minion_rs::run::convert_model_to_raw::{closure#2}
FN:684,minion_rs::run::read_2_vars::{closure#1}
FN:274,minion_rs::run::convert_model_to_raw::{closure#2}
FN:717,minion_rs::run::read_constant_list
FN:763,minion_rs::run::read_constraint_list::{closure#0}
FN:233,minion_rs::run::convert_model_to_raw::{closure#1}
FN:289,minion_rs::run::convert_model_to_raw::{closure#3}
FN:644,minion_rs::run::read_var::{closure#0}
FN:616,minion_rs::run::read_list::{closure#0}
FN:390,minion_rs::run::constraint_add_args
FN:748,minion_rs::run::read_constraint::{closure#0}
FN:664,minion_rs::run::read_2_vars
FN:647,minion_rs::run::read_var::{closure#1}
FN:684,minion_rs::run::read_2_vars::{closure#1}
FN:172,minion_rs::run::run_minion::{closure#0}
FN:748,minion_rs::run::read_constraint::{closure#0}
FN:390,minion_rs::run::constraint_add_args
FN:742,minion_rs::run::read_constraint
FN:620,minion_rs::run::read_list::{closure#1}
FN:300,minion_rs::run::get_constraint_type
FN:166,minion_rs::run::run_minion
FN:225,minion_rs::run::convert_model_to_raw::{closure#0}
FN:616,minion_rs::run::read_list::{closure#0}
FN:639,minion_rs::run::read_var
FN:672,minion_rs::run::read_2_vars::{closure#0}
FN:763,minion_rs::run::read_constraint_list::{closure#0}
FN:620,minion_rs::run::read_list::{closure#1}
FN:721,minion_rs::run::read_constant_list::{closure#0}
FN:208,minion_rs::run::convert_model_to_raw
FN:721,minion_rs::run::read_constant_list::{closure#0}
FN:758,minion_rs::run::read_constraint_list
FN:123,run_callback
FN:166,minion_rs::run::run_minion
FN:233,minion_rs::run::convert_model_to_raw::{closure#1}
FN:742,minion_rs::run::read_constraint
FN:701,minion_rs::run::read_constant
FN:768,minion_rs::run::read_constraint_list::{closure#1}
FN:611,minion_rs::run::read_list
FN:289,minion_rs::run::convert_model_to_raw::{closure#3}
FN:208,minion_rs::run::convert_model_to_raw
FN:664,minion_rs::run::read_2_vars
FN:225,minion_rs::run::convert_model_to_raw::{closure#0}
FNDA:1,minion_rs::run::run_minion::{closure#0}
FNDA:0,minion_rs::run::read_constant_list
FNDA:0,minion_rs::run::read_2_vars::{closure#0}
FNDA:1,minion_rs::run::get_constraint_type
FNDA:0,minion_rs::run::read_var::{closure#1}
FNDA:0,minion_rs::run::read_constant
FNDA:1,minion_rs::run::read_constraint_list::{closure#1}
FNDA:0,minion_rs::run::read_var
FNDA:1,minion_rs::run::read_constraint_list
FNDA:0,minion_rs::run::read_var::{closure#0}
FNDA:0,minion_rs::run::read_list
FNDA:1,minion_rs::run::convert_model_to_raw::{closure#2}
FNDA:0,minion_rs::run::read_2_vars::{closure#1}
FNDA:0,minion_rs::run::convert_model_to_raw::{closure#2}
FNDA:0,minion_rs::run::read_constant_list
FNDA:1,minion_rs::run::read_constraint_list::{closure#0}
FNDA:0,minion_rs::run::convert_model_to_raw::{closure#1}
FNDA:1,minion_rs::run::convert_model_to_raw::{closure#3}
FNDA:1,minion_rs::run::read_var::{closure#0}
FNDA:0,minion_rs::run::read_list::{closure#0}
FNDA:0,minion_rs::run::constraint_add_args
FNDA:0,minion_rs::run::read_constraint::{closure#0}
FNDA:0,minion_rs::run::read_2_vars
FNDA:0,minion_rs::run::read_var::{closure#1}
FNDA:0,minion_rs::run::read_2_vars::{closure#1}
FNDA:0,minion_rs::run::run_minion::{closure#0}
FNDA:0,minion_rs::run::read_constraint::{closure#0}
FNDA:1,minion_rs::run::constraint_add_args
FNDA:0,minion_rs::run::read_constraint
FNDA:0,minion_rs::run::read_list::{closure#1}
FNDA:0,minion_rs::run::get_constraint_type
FNDA:0,minion_rs::run::run_minion
FNDA:1,minion_rs::run::convert_model_to_raw::{closure#0}
FNDA:1,minion_rs::run::read_list::{closure#0}
FNDA:1,minion_rs::run::read_var
FNDA:0,minion_rs::run::read_2_vars::{closure#0}
FNDA:0,minion_rs::run::read_constraint_list::{closure#0}
FNDA:0,minion_rs::run::read_list::{closure#1}
FNDA:0,minion_rs::run::read_constant_list::{closure#0}
FNDA:0,minion_rs::run::convert_model_to_raw
FNDA:0,minion_rs::run::read_constant_list::{closure#0}
FNDA:0,minion_rs::run::read_constraint_list
FNDA:1,run_callback
FNDA:1,minion_rs::run::run_minion
FNDA:0,minion_rs::run::convert_model_to_raw::{closure#1}
FNDA:0,minion_rs::run::read_constraint
FNDA:1,minion_rs::run::read_constant
FNDA:0,minion_rs::run::read_constraint_list::{closure#1}
FNDA:1,minion_rs::run::read_list
FNDA:0,minion_rs::run::convert_model_to_raw::{closure#3}
FNDA:1,minion_rs::run::convert_model_to_raw
FNDA:1,minion_rs::run::read_2_vars
FNDA:0,minion_rs::run::convert_model_to_raw::{closure#0}
FNF:53
FNH:18
BRF:0
BRH:0
DA:123,17226
DA:124,17226
DA:125,17226
DA:126,17226
DA:127,17226
DA:128,17226
DA:129,17226
DA:130,17226
DA:131,17226
DA:132,0
DA:133,17226
DA:135,17226
DA:136,17226
DA:137,0
DA:140,17226
DA:141,11
DA:142,17215
DA:143,17215
DA:144,17215
DA:145,17215
DA:147,77858
DA:148,77858
DA:149,77858
DA:150,77858
DA:151,77858
DA:154,17215
DA:155,0
DA:156,17215
DA:158,17226
DA:166,583
DA:167,583
DA:168,583
DA:169,583
DA:170,583
DA:171,583
DA:172,583
DA:173,583
DA:174,583
DA:175,583
DA:176,583
DA:177,583
DA:178,583
DA:179,583
DA:180,583
DA:181,583
DA:182,583
DA:183,583
DA:185,583
DA:186,583
DA:187,583
DA:188,583
DA:189,583
DA:190,583
DA:191,583
DA:192,583
DA:193,583
DA:194,583
DA:195,583
DA:196,583
DA:197,583
DA:198,583
DA:199,583
DA:200,583
DA:201,583
DA:202,583
DA:203,0
DA:206,583
DA:208,583
DA:209,583
DA:210,583
DA:211,583
DA:212,583
DA:213,583
DA:214,583
DA:215,583
DA:216,583
DA:217,583
DA:218,583
DA:219,583
DA:220,583
DA:221,583
DA:222,583
DA:223,583
DA:224,583
DA:225,583
DA:226,583
DA:227,583
DA:228,583
DA:229,583
DA:230,583
DA:232,1672
DA:233,1672
DA:234,0
DA:235,0
DA:236,0
DA:237,0
DA:238,1672
DA:240,1672
DA:241,1672
DA:242,1672
DA:243,1672
DA:245,1672
DA:246,1485
DA:247,187
DA:248,0
DA:249,0
DA:251,1672
DA:252,1672
DA:253,1672
DA:254,1672
DA:255,1672
DA:256,1672
DA:257,1672
DA:258,1672
DA:259,1672
DA:260,1672
DA:261,1672
DA:262,1672
DA:263,1672
DA:264,1672
DA:265,1672
DA:266,1672
DA:267,1672
DA:268,1672
DA:269,1672
DA:272,583
DA:273,583
DA:274,583
DA:275,583
DA:276,583
DA:277,583
DA:283,2090
DA:288,1507
DA:289,1507
DA:290,1507
DA:291,1507
DA:292,1507
DA:293,1507
DA:294,1507
DA:297,583
DA:298,583
DA:300,2013
DA:301,2013
DA:302,77
DA:303,99
DA:304,374
DA:305,308
DA:306,0
DA:307,0
DA:308,176
DA:309,0
DA:310,176
DA:311,0
DA:312,0
DA:313,0
DA:314,0
DA:315,0
DA:316,0
DA:317,0
DA:318,0
DA:319,0
DA:320,0
DA:321,0
DA:322,242
DA:323,0
DA:324,0
DA:325,0
DA:326,0
DA:327,0
DA:328,0
DA:329,0
DA:330,0
DA:331,0
DA:332,0
DA:333,0
DA:334,0
DA:335,0
DA:336,0
DA:337,0
DA:338,0
DA:339,0
DA:340,0
DA:341,0
DA:342,0
DA:343,0
DA:344,0
DA:345,0
DA:346,0
DA:347,0
DA:348,0
DA:349,0
DA:350,0
DA:351,0
DA:352,0
DA:353,0
DA:354,0
DA:355,0
DA:356,0
DA:357,0
DA:358,0
DA:359,0
DA:361,0
DA:364,0
DA:366,165
DA:367,0
DA:368,0
DA:369,0
DA:370,0
DA:371,0
DA:372,0
DA:373,0
DA:374,341
DA:375,0
DA:376,0
DA:377,0
DA:378,0
DA:379,44
DA:380,11
DA:383,0
DA:384,0
DA:385,0
DA:386,0
DA:388,2013
DA:390,2013
DA:391,2013
DA:392,2013
DA:393,2013
DA:394,2013
DA:395,2013
DA:396,77
DA:397,77
DA:398,77
DA:399,77
DA:401,99
DA:402,99
DA:403,99
DA:404,99
DA:406,374
DA:407,374
DA:408,374
DA:409,374
DA:410,374
DA:412,308
DA:413,308
DA:414,308
DA:415,308
DA:417,0
DA:418,0
DA:419,0
DA:420,0
DA:422,0
DA:423,0
DA:424,0
DA:425,0
DA:427,176
DA:428,176
DA:429,176
DA:430,176
DA:432,0
DA:433,0
DA:434,0
DA:435,0
DA:437,176
DA:438,176
DA:439,176
DA:440,176
DA:442,0
DA:443,0
DA:444,0
DA:445,0
DA:447,0
DA:448,0
DA:449,0
DA:450,0
DA:452,0
DA:453,0
DA:454,0
DA:455,0
DA:456,0
DA:458,0
DA:459,0
DA:460,0
DA:461,0
DA:462,0
DA:464,0
DA:465,0
DA:466,0
DA:468,0
DA:469,0
DA:470,0
DA:472,0
DA:473,0
DA:474,0
DA:476,0
DA:477,0
DA:478,0
DA:479,0
DA:481,0
DA:482,0
DA:483,0
DA:484,0
DA:486,0
DA:487,0
DA:488,0
DA:489,0
DA:491,0
DA:492,0
DA:493,0
DA:495,242
DA:496,242
DA:497,242
DA:499,0
DA:500,0
DA:501,0
DA:503,0
DA:504,0
DA:505,0
DA:507,0
DA:508,0
DA:509,0
DA:510,0
DA:512,0
DA:513,0
DA:514,0
DA:515,0
DA:517,0
DA:518,0
DA:519,0
DA:520,0
DA:522,0
DA:523,0
DA:524,0
DA:525,0
DA:526,0
DA:528,0
DA:529,0
DA:530,0
DA:531,0
DA:532,0
DA:534,0
DA:535,0
DA:536,0
DA:537,0
DA:538,0
DA:571,165
DA:572,165
DA:573,165
DA:574,165
DA:579,0
DA:580,0
DA:581,0
DA:582,0
DA:587,341
DA:588,341
DA:589,341
DA:590,341
DA:596,0
DA:597,0
DA:598,0
DA:599,0
DA:602,44
DA:603,11
DA:605,0
DA:607,2013
DA:611,176
DA:612,176
DA:613,176
DA:614,176
DA:615,176
DA:616,176
DA:617,616
DA:618,440
DA:619,418
DA:620,418
DA:621,0
DA:622,0
DA:623,0
DA:624,0
DA:625,418
DA:626,418
DA:628,22
DA:631,440
DA:634,176
DA:635,176
DA:636,176
DA:637,176
DA:639,2739
DA:640,2739
DA:641,2739
DA:642,2739
DA:643,2739
DA:644,2739
DA:645,2739
DA:646,2046
DA:647,2046
DA:648,0
DA:649,0
DA:650,0
DA:651,0
DA:652,2046
DA:653,2046
DA:655,693
DA:658,2739
DA:659,2739
DA:660,2739
DA:661,2739
DA:662,2739
DA:664,352
DA:665,352
DA:666,352
DA:667,352
DA:668,352
DA:669,352
DA:670,352
DA:671,330
DA:672,330
DA:673,0
DA:674,0
DA:675,0
DA:676,0
DA:677,330
DA:678,330
DA:680,22
DA:682,352
DA:683,352
DA:684,352
DA:685,0
DA:686,0
DA:687,0
DA:688,0
DA:689,352
DA:690,352
DA:692,0
DA:697,352
DA:698,352
DA:699,352
DA:701,539
DA:702,539
DA:703,539
DA:704,539
DA:705,539
DA:706,539
DA:707,0
DA:708,0
DA:709,0
DA:710,0
DA:712,539
DA:713,539
DA:714,539
DA:715,539
DA:717,0
DA:718,0
DA:719,0
DA:720,0
DA:721,0
DA:723,0
DA:724,0
DA:725,0
DA:726,0
DA:727,0
DA:729,0
DA:730,0
DA:732,0
DA:735,0
DA:736,0
DA:737,0
DA:742,0
DA:743,0
DA:744,0
DA:745,0
DA:746,0
DA:747,0
DA:748,0
DA:749,0
DA:750,0
DA:751,0
DA:752,0
DA:754,0
DA:755,0
DA:756,0
DA:758,242
DA:759,242
DA:760,242
DA:761,242
DA:762,242
DA:763,242
DA:764,242
DA:765,242
DA:766,506
DA:767,506
DA:768,506
DA:769,506
DA:770,506
DA:771,506
DA:772,506
DA:773,506
DA:776,242
DA:777,242
DA:778,242
LF:499
LH:274
end_of_record
SF:crates/conjure_core/src/ast/literals.rs
FN:37,<conjure_core::ast::literals::Literal as core::convert::From<i32>>::from
FN:43,<conjure_core::ast::literals::Literal as core::convert::From<bool>>::from
FN:43,<conjure_core::ast::literals::Literal as core::convert::From<bool>>::from
FN:6,<<conjure_core::ast::literals::Literal as serde::de::Deserialize>::deserialize::__Visitor as serde::de::Visitor>::visit_enum::<_>
FN:6,<<conjure_core::ast::literals::Literal as serde::de::Deserialize>::deserialize::__FieldVisitor as serde::de::Visitor>::expecting
FN:6,<<conjure_core::ast::literals::Literal as serde::de::Deserialize>::deserialize::__Visitor as serde::de::Visitor>::visit_enum::<serde_json::de::UnitVariantAccess<serde_json::read::StrRead>>
FN:6,<<conjure_core::ast::literals::Literal as serde::de::Deserialize>::deserialize::__Visitor as serde::de::Visitor>::expecting
FN:6,<<conjure_core::ast::literals::Literal as serde::de::Deserialize>::deserialize::__Field as serde::de::Deserialize>::deserialize::<_>
FN:49,<conjure_core::ast::literals::Literal as core::fmt::Display>::fmt
FN:28,<bool as core::convert::TryFrom<conjure_core::ast::literals::Literal>>::try_from
FN:6,<<conjure_core::ast::literals::Literal as serde::de::Deserialize>::deserialize::__FieldVisitor as serde::de::Visitor>::expecting
FN:37,<conjure_core::ast::literals::Literal as core::convert::From<i32>>::from
FN:6,<<conjure_core::ast::literals::Literal as serde::de::Deserialize>::deserialize::__Field as serde::de::Deserialize>::deserialize::<_>
FN:6,<<conjure_core::ast::literals::Literal as serde::de::Deserialize>::deserialize::__Field as serde::de::Deserialize>::deserialize::<&mut serde_json::de::Deserializer<serde_json::read::StrRead>>
FN:18,<i32 as core::convert::TryFrom<conjure_core::ast::literals::Literal>>::try_from
FN:6,<<conjure_core::ast::literals::Literal as serde::de::Deserialize>::deserialize::__Visitor as serde::de::Visitor>::visit_enum::<_>
FN:6,<<conjure_core::ast::literals::Literal as serde::de::Deserialize>::deserialize::__Visitor as serde::de::Visitor>::expecting
FN:6,<<conjure_core::ast::literals::Literal as serde::de::Deserialize>::deserialize::__Visitor as serde::de::Visitor>::visit_enum::<serde_json::de::VariantAccess<serde_json::read::StrRead>>
FN:18,<i32 as core::convert::TryFrom<conjure_core::ast::literals::Literal>>::try_from
FN:28,<bool as core::convert::TryFrom<conjure_core::ast::literals::Literal>>::try_from
FN:49,<conjure_core::ast::literals::Literal as core::fmt::Display>::fmt
FNDA:0,<conjure_core::ast::literals::Literal as core::convert::From<i32>>::from
FNDA:0,<conjure_core::ast::literals::Literal as core::convert::From<bool>>::from
FNDA:0,<conjure_core::ast::literals::Literal as core::convert::From<bool>>::from
FNDA:0,<<conjure_core::ast::literals::Literal as serde::de::Deserialize>::deserialize::__Visitor as serde::de::Visitor>::visit_enum::<_>
FNDA:0,<<conjure_core::ast::literals::Literal as serde::de::Deserialize>::deserialize::__FieldVisitor as serde::de::Visitor>::expecting
FNDA:0,<<conjure_core::ast::literals::Literal as serde::de::Deserialize>::deserialize::__Visitor as serde::de::Visitor>::visit_enum::<serde_json::de::UnitVariantAccess<serde_json::read::StrRead>>
FNDA:0,<<conjure_core::ast::literals::Literal as serde::de::Deserialize>::deserialize::__Visitor as serde::de::Visitor>::expecting
FNDA:0,<<conjure_core::ast::literals::Literal as serde::de::Deserialize>::deserialize::__Field as serde::de::Deserialize>::deserialize::<_>
FNDA:1,<conjure_core::ast::literals::Literal as core::fmt::Display>::fmt
FNDA:0,<bool as core::convert::TryFrom<conjure_core::ast::literals::Literal>>::try_from
FNDA:0,<<conjure_core::ast::literals::Literal as serde::de::Deserialize>::deserialize::__FieldVisitor as serde::de::Visitor>::expecting
FNDA:0,<conjure_core::ast::literals::Literal as core::convert::From<i32>>::from
FNDA:0,<<conjure_core::ast::literals::Literal as serde::de::Deserialize>::deserialize::__Field as serde::de::Deserialize>::deserialize::<_>
FNDA:1,<<conjure_core::ast::literals::Literal as serde::de::Deserialize>::deserialize::__Field as serde::de::Deserialize>::deserialize::<&mut serde_json::de::Deserializer<serde_json::read::StrRead>>
FNDA:1,<i32 as core::convert::TryFrom<conjure_core::ast::literals::Literal>>::try_from
FNDA:0,<<conjure_core::ast::literals::Literal as serde::de::Deserialize>::deserialize::__Visitor as serde::de::Visitor>::visit_enum::<_>
FNDA:0,<<conjure_core::ast::literals::Literal as serde::de::Deserialize>::deserialize::__Visitor as serde::de::Visitor>::expecting
FNDA:0,<<conjure_core::ast::literals::Literal as serde::de::Deserialize>::deserialize::__Visitor as serde::de::Visitor>::visit_enum::<serde_json::de::VariantAccess<serde_json::read::StrRead>>
FNDA:1,<i32 as core::convert::TryFrom<conjure_core::ast::literals::Literal>>::try_from
FNDA:1,<bool as core::convert::TryFrom<conjure_core::ast::literals::Literal>>::try_from
FNDA:0,<conjure_core::ast::literals::Literal as core::fmt::Display>::fmt
FNF:21
FNH:5
BRF:0
BRH:0
DA:6,1326
DA:18,1856
DA:19,1856
DA:20,1856
DA:21,0
DA:23,1856
DA:28,288
DA:29,288
DA:30,198
DA:31,90
DA:33,288
DA:37,0
DA:38,0
DA:39,0
DA:43,0
DA:44,0
DA:45,0
DA:49,7011
DA:50,7011
DA:51,6660
DA:52,351
DA:54,7011
LF:22
LH:15
end_of_record
SF:crates/conjure_core/src/rules/base.rs
FN:101,conjure_core::rules::base::max_to_var
FN:57,conjure_core::rules::base::min_to_var
FN:26,conjure_core::rules::base::remove_empty_expression
FN:13,conjure_core::rules::base::CONJURE_GEN_RULE_SET_BASE::__typecheck::{closure#0}::{closure#0}
FN:26,conjure_core::rules::base::remove_empty_expression
FN:25,conjure_core::rules::base::CONJURE_GEN_RULE_REMOVE_EMPTY_EXPRESSION::__typecheck::{closure#0}::{closure#0}
FN:56,conjure_core::rules::base::CONJURE_GEN_RULE_MIN_TO_VAR::__typecheck::{closure#0}::{closure#0}
FN:57,conjure_core::rules::base::min_to_var
FN:100,conjure_core::rules::base::CONJURE_GEN_RULE_MAX_TO_VAR::__typecheck::{closure#0}::{closure#0}
FN:56,conjure_core::rules::base::CONJURE_GEN_RULE_MIN_TO_VAR::__typecheck::{closure#0}::{closure#0}
FN:101,conjure_core::rules::base::max_to_var
FN:25,conjure_core::rules::base::CONJURE_GEN_RULE_REMOVE_EMPTY_EXPRESSION::__typecheck::{closure#0}::{closure#0}
FN:13,conjure_core::rules::base::CONJURE_GEN_RULE_SET_BASE::__typecheck::{closure#0}::{closure#0}
FN:100,conjure_core::rules::base::CONJURE_GEN_RULE_MAX_TO_VAR::__typecheck::{closure#0}::{closure#0}
FNDA:1,conjure_core::rules::base::max_to_var
FNDA:0,conjure_core::rules::base::min_to_var
FNDA:0,conjure_core::rules::base::remove_empty_expression
FNDA:0,conjure_core::rules::base::CONJURE_GEN_RULE_SET_BASE::__typecheck::{closure#0}::{closure#0}
FNDA:1,conjure_core::rules::base::remove_empty_expression
FNDA:0,conjure_core::rules::base::CONJURE_GEN_RULE_REMOVE_EMPTY_EXPRESSION::__typecheck::{closure#0}::{closure#0}
FNDA:0,conjure_core::rules::base::CONJURE_GEN_RULE_MIN_TO_VAR::__typecheck::{closure#0}::{closure#0}
FNDA:1,conjure_core::rules::base::min_to_var
FNDA:0,conjure_core::rules::base::CONJURE_GEN_RULE_MAX_TO_VAR::__typecheck::{closure#0}::{closure#0}
FNDA:0,conjure_core::rules::base::CONJURE_GEN_RULE_MIN_TO_VAR::__typecheck::{closure#0}::{closure#0}
FNDA:0,conjure_core::rules::base::max_to_var
FNDA:0,conjure_core::rules::base::CONJURE_GEN_RULE_REMOVE_EMPTY_EXPRESSION::__typecheck::{closure#0}::{closure#0}
FNDA:0,conjure_core::rules::base::CONJURE_GEN_RULE_SET_BASE::__typecheck::{closure#0}::{closure#0}
FNDA:0,conjure_core::rules::base::CONJURE_GEN_RULE_MAX_TO_VAR::__typecheck::{closure#0}::{closure#0}
FNF:14
FNH:3
BRF:0
BRH:0
DA:26,17487
DA:28,9558
DA:29,17487
DA:35,7929
DA:36,9558
DA:37,9558
DA:38,9558
DA:39,9531
DA:40,27
DA:42,27
DA:43,9
DA:44,18
DA:47,27
DA:48,17487
DA:57,17487
DA:58,17487
DA:59,63
DA:60,63
DA:61,63
DA:62,63
DA:63,63
DA:64,189
DA:65,126
DA:66,126
DA:67,126
DA:68,126
DA:69,126
DA:70,126
DA:71,126
DA:72,126
DA:73,126
DA:74,126
DA:75,126
DA:76,63
DA:77,63
DA:78,63
DA:79,63
DA:80,63
DA:81,63
DA:82,63
DA:83,63
DA:84,63
DA:85,63
DA:86,63
DA:87,63
DA:88,63
DA:90,17424
DA:92,17487
DA:101,17487
DA:102,17487
DA:103,36
DA:104,36
DA:105,36
DA:106,36
DA:107,36
DA:108,108
DA:109,72
DA:110,72
DA:111,72
DA:112,72
DA:113,72
DA:114,72
DA:115,72
DA:116,72
DA:117,72
DA:118,72
DA:119,72
DA:120,36
DA:121,36
DA:122,36
DA:123,36
DA:124,36
DA:125,36
DA:126,36
DA:127,36
DA:128,36
DA:129,36
DA:130,36
DA:131,36
DA:132,36
DA:134,17451
DA:136,17487
LF:82
LH:82
end_of_record
SF:crates/conjure_core/src/solver/mod.rs
FN:360,<conjure_core::solver::Solver<_, conjure_core::solver::states::ExecutionSuccess>>::stats
FN:136,<<conjure_core::solver::SolverFamily as serde::de::Deserialize>::deserialize::__Visitor as serde::de::Visitor>::expecting
FN:234,<_ as conjure_core::solver::SolverAdaptor>::add_adaptor_info_to_stats
FN:136,<<conjure_core::solver::SolverFamily as serde::de::Deserialize>::deserialize::__Visitor as serde::de::Visitor>::expecting
FN:136,<<conjure_core::solver::SolverFamily as serde::de::Deserialize>::deserialize::__FieldVisitor as serde::de::Visitor>::expecting
FN:223,<_ as conjure_core::solver::SolverAdaptor>::init_solver
FN:136,<<conjure_core::solver::SolverFamily as serde::de::Deserialize>::deserialize::__Visitor as serde::de::Visitor>::visit_enum::<_>
FN:128,<conjure_core::solver::SolverFamilyIter as core::iter::traits::exact_size::ExactSizeIterator>::len
FN:292,<conjure_core::solver::Solver<_, conjure_core::solver::states::ModelLoaded>>::solve
FN:264,<conjure_core::solver::Solver<conjure_core::solver::adaptors::minion::Minion>>::new
FN:234,<_ as conjure_core::solver::SolverAdaptor>::add_adaptor_info_to_stats
FN:275,<conjure_core::solver::Solver<_>>::get_family
FN:365,<conjure_core::solver::Solver<_, conjure_core::solver::states::ExecutionSuccess>>::save_stats_to_context
FN:281,<conjure_core::solver::Solver<_>>::load_model
FN:128,<conjure_core::solver::SolverFamilyIter as core::iter::traits::iterator::Iterator>::next
FN:128,<conjure_core::solver::SolverFamilyIter as core::fmt::Debug>::fmt
FN:136,<<conjure_core::solver::SolverFamily as serde::de::Deserialize>::deserialize::__Field as serde::de::Deserialize>::deserialize::<_>
FN:281,<conjure_core::solver::Solver<_>>::load_model
FN:234,<conjure_core::solver::adaptors::minion::Minion as conjure_core::solver::SolverAdaptor>::add_adaptor_info_to_stats
FN:325,<conjure_core::solver::Solver<_, conjure_core::solver::states::ModelLoaded>>::solve_mut
FN:127,<conjure_core::solver::SolverFamily as core::convert::TryFrom<&str>>::try_from
FN:377,<conjure_core::solver::Solver<_, conjure_core::solver::states::ExecutionSuccess>>::wall_time_s
FN:365,<conjure_core::solver::Solver<conjure_core::solver::adaptors::minion::Minion, conjure_core::solver::states::ExecutionSuccess>>::save_stats_to_context
FN:223,<conjure_core::solver::adaptors::minion::Minion as conjure_core::solver::SolverAdaptor>::init_solver
FN:281,<conjure_core::solver::Solver<conjure_core::solver::adaptors::minion::Minion>>::load_model
FN:127,<conjure_core::solver::SolverFamily as core::convert::TryFrom<&str>>::try_from
FN:325,<conjure_core::solver::Solver<_, conjure_core::solver::states::ModelLoaded>>::solve_mut
FN:223,<_ as conjure_core::solver::SolverAdaptor>::init_solver
FN:229,<_ as conjure_core::solver::SolverAdaptor>::get_name
FN:264,<conjure_core::solver::Solver<_>>::new
FN:128,<conjure_core::solver::SolverFamilyIter as core::clone::Clone>::clone
FN:377,<conjure_core::solver::Solver<_, conjure_core::solver::states::ExecutionSuccess>>::wall_time_s
FN:128,<conjure_core::solver::SolverFamilyIter as core::iter::traits::iterator::Iterator>::next
FN:128,<conjure_core::solver::SolverFamilyIter as core::iter::traits::exact_size::ExactSizeIterator>::len
FN:128,<conjure_core::solver::SolverFamily as strum::IntoEnumIterator>::iter
FN:275,<conjure_core::solver::Solver<_>>::get_family
FN:136,<<conjure_core::solver::SolverFamily as serde::de::Deserialize>::deserialize::__Field as serde::de::Deserialize>::deserialize::<_>
FN:360,<conjure_core::solver::Solver<_, conjure_core::solver::states::ExecutionSuccess>>::stats
FN:365,<conjure_core::solver::Solver<_, conjure_core::solver::states::ExecutionSuccess>>::save_stats_to_context
FN:128,<conjure_core::solver::SolverFamilyIter as core::clone::Clone>::clone
FN:292,<conjure_core::solver::Solver<_, conjure_core::solver::states::ModelLoaded>>::solve
FN:128,<conjure_core::solver::SolverFamilyIter as core::fmt::Debug>::fmt
FN:360,<conjure_core::solver::Solver<conjure_core::solver::adaptors::minion::Minion, conjure_core::solver::states::ExecutionSuccess>>::stats
FN:264,<conjure_core::solver::Solver<_>>::new
FN:128,<conjure_core::solver::SolverFamily as strum::IntoEnumIterator>::iter
FN:136,<<conjure_core::solver::SolverFamily as serde::de::Deserialize>::deserialize::__FieldVisitor as serde::de::Visitor>::expecting
FN:229,<_ as conjure_core::solver::SolverAdaptor>::get_name
FN:136,<<conjure_core::solver::SolverFamily as serde::de::Deserialize>::deserialize::__Visitor as serde::de::Visitor>::visit_enum::<_>
FN:292,<conjure_core::solver::Solver<conjure_core::solver::adaptors::minion::Minion, conjure_core::solver::states::ModelLoaded>>::solve
FNDA:0,<conjure_core::solver::Solver<_, conjure_core::solver::states::ExecutionSuccess>>::stats
FNDA:0,<<conjure_core::solver::SolverFamily as serde::de::Deserialize>::deserialize::__Visitor as serde::de::Visitor>::expecting
FNDA:0,<_ as conjure_core::solver::SolverAdaptor>::add_adaptor_info_to_stats
FNDA:0,<<conjure_core::solver::SolverFamily as serde::de::Deserialize>::deserialize::__Visitor as serde::de::Visitor>::expecting
FNDA:0,<<conjure_core::solver::SolverFamily as serde::de::Deserialize>::deserialize::__FieldVisitor as serde::de::Visitor>::expecting
FNDA:0,<_ as conjure_core::solver::SolverAdaptor>::init_solver
FNDA:0,<<conjure_core::solver::SolverFamily as serde::de::Deserialize>::deserialize::__Visitor as serde::de::Visitor>::visit_enum::<_>
FNDA:0,<conjure_core::solver::SolverFamilyIter as core::iter::traits::exact_size::ExactSizeIterator>::len
FNDA:0,<conjure_core::solver::Solver<_, conjure_core::solver::states::ModelLoaded>>::solve
FNDA:1,<conjure_core::solver::Solver<conjure_core::solver::adaptors::minion::Minion>>::new
FNDA:0,<_ as conjure_core::solver::SolverAdaptor>::add_adaptor_info_to_stats
FNDA:0,<conjure_core::solver::Solver<_>>::get_family
FNDA:0,<conjure_core::solver::Solver<_, conjure_core::solver::states::ExecutionSuccess>>::save_stats_to_context
FNDA:0,<conjure_core::solver::Solver<_>>::load_model
FNDA:0,<conjure_core::solver::SolverFamilyIter as core::iter::traits::iterator::Iterator>::next
FNDA:0,<conjure_core::solver::SolverFamilyIter as core::fmt::Debug>::fmt
FNDA:0,<<conjure_core::solver::SolverFamily as serde::de::Deserialize>::deserialize::__Field as serde::de::Deserialize>::deserialize::<_>
FNDA:0,<conjure_core::solver::Solver<_>>::load_model
FNDA:1,<conjure_core::solver::adaptors::minion::Minion as conjure_core::solver::SolverAdaptor>::add_adaptor_info_to_stats
FNDA:0,<conjure_core::solver::Solver<_, conjure_core::solver::states::ModelLoaded>>::solve_mut
FNDA:0,<conjure_core::solver::SolverFamily as core::convert::TryFrom<&str>>::try_from
FNDA:0,<conjure_core::solver::Solver<_, conjure_core::solver::states::ExecutionSuccess>>::wall_time_s
FNDA:1,<conjure_core::solver::Solver<conjure_core::solver::adaptors::minion::Minion, conjure_core::solver::states::ExecutionSuccess>>::save_stats_to_context
FNDA:1,<conjure_core::solver::adaptors::minion::Minion as conjure_core::solver::SolverAdaptor>::init_solver
FNDA:1,<conjure_core::solver::Solver<conjure_core::solver::adaptors::minion::Minion>>::load_model
FNDA:0,<conjure_core::solver::SolverFamily as core::convert::TryFrom<&str>>::try_from
FNDA:0,<conjure_core::solver::Solver<_, conjure_core::solver::states::ModelLoaded>>::solve_mut
FNDA:0,<_ as conjure_core::solver::SolverAdaptor>::init_solver
FNDA:0,<_ as conjure_core::solver::SolverAdaptor>::get_name
FNDA:0,<conjure_core::solver::Solver<_>>::new
FNDA:0,<conjure_core::solver::SolverFamilyIter as core::clone::Clone>::clone
FNDA:0,<conjure_core::solver::Solver<_, conjure_core::solver::states::ExecutionSuccess>>::wall_time_s
FNDA:0,<conjure_core::solver::SolverFamilyIter as core::iter::traits::iterator::Iterator>::next
FNDA:0,<conjure_core::solver::SolverFamilyIter as core::iter::traits::exact_size::ExactSizeIterator>::len
FNDA:0,<conjure_core::solver::SolverFamily as strum::IntoEnumIterator>::iter
FNDA:0,<conjure_core::solver::Solver<_>>::get_family
FNDA:0,<<conjure_core::solver::SolverFamily as serde::de::Deserialize>::deserialize::__Field as serde::de::Deserialize>::deserialize::<_>
FNDA:0,<conjure_core::solver::Solver<_, conjure_core::solver::states::ExecutionSuccess>>::stats
FNDA:0,<conjure_core::solver::Solver<_, conjure_core::solver::states::ExecutionSuccess>>::save_stats_to_context
FNDA:0,<conjure_core::solver::SolverFamilyIter as core::clone::Clone>::clone
FNDA:0,<conjure_core::solver::Solver<_, conjure_core::solver::states::ModelLoaded>>::solve
FNDA:0,<conjure_core::solver::SolverFamilyIter as core::fmt::Debug>::fmt
FNDA:1,<conjure_core::solver::Solver<conjure_core::solver::adaptors::minion::Minion, conjure_core::solver::states::ExecutionSuccess>>::stats
FNDA:0,<conjure_core::solver::Solver<_>>::new
FNDA:0,<conjure_core::solver::SolverFamily as strum::IntoEnumIterator>::iter
FNDA:0,<<conjure_core::solver::SolverFamily as serde::de::Deserialize>::deserialize::__FieldVisitor as serde::de::Visitor>::expecting
FNDA:0,<_ as conjure_core::solver::SolverAdaptor>::get_name
FNDA:0,<<conjure_core::solver::SolverFamily as serde::de::Deserialize>::deserialize::__Visitor as serde::de::Visitor>::visit_enum::<_>
FNDA:1,<conjure_core::solver::Solver<conjure_core::solver::adaptors::minion::Minion, conjure_core::solver::states::ModelLoaded>>::solve
FNF:49
FNH:7
BRF:0
BRH:0
DA:127,0
DA:128,0
DA:136,0
DA:223,354
DA:229,0
DA:230,0
DA:231,0
DA:234,318
DA:235,318
DA:236,318
DA:237,318
DA:238,318
DA:239,318
DA:240,318
DA:264,354
DA:265,354
DA:266,354
DA:267,354
DA:268,354
DA:269,354
DA:270,354
DA:271,354
DA:272,354
DA:273,354
DA:275,0
DA:276,0
DA:277,0
DA:281,354
DA:282,354
DA:283,318
DA:284,318
DA:285,318
DA:286,318
DA:287,318
DA:288,354
DA:292,318
DA:293,318
DA:294,318
DA:295,318
DA:296,318
DA:297,318
DA:298,318
DA:299,318
DA:300,318
DA:301,318
DA:302,318
DA:303,318
DA:304,318
DA:305,318
DA:306,318
DA:307,318
DA:308,318
DA:309,318
DA:310,318
DA:311,318
DA:312,318
DA:313,318
DA:314,318
DA:315,318
DA:316,318
DA:317,318
DA:318,318
DA:319,318
DA:321,0
DA:323,318
DA:325,0
DA:326,0
DA:327,0
DA:328,0
DA:329,0
DA:330,0
DA:331,0
DA:332,0
DA:333,0
DA:334,0
DA:335,0
DA:336,0
DA:337,0
DA:338,0
DA:339,0
DA:340,0
DA:341,0
DA:342,0
DA:343,0
DA:344,0
DA:345,0
DA:346,0
DA:347,0
DA:348,0
DA:349,0
DA:350,0
DA:351,0
DA:352,0
DA:354,0
DA:356,0
DA:360,318
DA:361,318
DA:362,318
DA:365,318
DA:366,318
DA:367,318
DA:368,318
DA:369,318
DA:370,318
DA:371,318
DA:372,318
DA:373,318
DA:374,318
DA:375,318
DA:377,0
DA:378,0
DA:379,0
LF:112
LH:69
end_of_record
SF:crates/conjure_core/src/rules/normalisers/eq_neq.rs
FN:18,conjure_core::rules::normalisers::eq_neq::negated_neq_to_eq
FN:17,conjure_core::rules::normalisers::eq_neq::CONJURE_GEN_RULE_NEGATED_NEQ_TO_EQ::__typecheck::{closure#0}::{closure#0}
FN:36,conjure_core::rules::normalisers::eq_neq::negated_eq_to_neq
FN:35,conjure_core::rules::normalisers::eq_neq::CONJURE_GEN_RULE_NEGATED_EQ_TO_NEQ::__typecheck::{closure#0}::{closure#0}
FN:35,conjure_core::rules::normalisers::eq_neq::CONJURE_GEN_RULE_NEGATED_EQ_TO_NEQ::__typecheck::{closure#0}::{closure#0}
FN:36,conjure_core::rules::normalisers::eq_neq::negated_eq_to_neq
FN:18,conjure_core::rules::normalisers::eq_neq::negated_neq_to_eq
FN:17,conjure_core::rules::normalisers::eq_neq::CONJURE_GEN_RULE_NEGATED_NEQ_TO_EQ::__typecheck::{closure#0}::{closure#0}
FNDA:1,conjure_core::rules::normalisers::eq_neq::negated_neq_to_eq
FNDA:0,conjure_core::rules::normalisers::eq_neq::CONJURE_GEN_RULE_NEGATED_NEQ_TO_EQ::__typecheck::{closure#0}::{closure#0}
FNDA:0,conjure_core::rules::normalisers::eq_neq::negated_eq_to_neq
FNDA:0,conjure_core::rules::normalisers::eq_neq::CONJURE_GEN_RULE_NEGATED_EQ_TO_NEQ::__typecheck::{closure#0}::{closure#0}
FNDA:0,conjure_core::rules::normalisers::eq_neq::CONJURE_GEN_RULE_NEGATED_EQ_TO_NEQ::__typecheck::{closure#0}::{closure#0}
FNDA:1,conjure_core::rules::normalisers::eq_neq::negated_eq_to_neq
FNDA:0,conjure_core::rules::normalisers::eq_neq::negated_neq_to_eq
FNDA:0,conjure_core::rules::normalisers::eq_neq::CONJURE_GEN_RULE_NEGATED_NEQ_TO_EQ::__typecheck::{closure#0}::{closure#0}
FNF:8
FNH:2
BRF:0
BRH:0
DA:18,17487
DA:19,17487
DA:20,540
DA:21,72
DA:22,72
DA:24,468
DA:26,16947
DA:28,17487
DA:36,17487
DA:37,17487
DA:38,540
DA:39,180
DA:40,54
DA:42,486
DA:44,16947
DA:46,17487
LF:16
LH:16
end_of_record
SF:conjure_oxide/src/main.rs
FN:59,<conjure_oxide::Cli as clap_builder::derive::FromArgMatches>::from_arg_matches_mut::{closure#2}
FN:56,<conjure_oxide::Cli as clap_builder::derive::Args>::augment_args_for_update::{closure#0}
FN:76,conjure_oxide::main
FN:76,conjure_oxide::main
FN:35,<conjure_oxide::Cli as clap_builder::derive::FromArgMatches>::update_from_arg_matches_mut::{closure#0}
FN:199,conjure_oxide::main::{closure#2}
FN:42,<conjure_oxide::Cli as clap_builder::derive::FromArgMatches>::update_from_arg_matches_mut::{closure#1}
FN:72,<conjure_oxide::Cli as clap_builder::derive::FromArgMatches>::from_arg_matches_mut::{closure#3}
FN:213,conjure_oxide::main::{closure#1}
FN:299,conjure_oxide::tests::test_get_example_model_fail_empty_filename
FN:56,<conjure_oxide::Cli as clap_builder::derive::Args>::augment_args::{closure#0}
FN:72,<conjure_oxide::Cli as clap_builder::derive::FromArgMatches>::update_from_arg_matches_mut::{closure#3}
FN:287,conjure_oxide::tests::test_get_example_model_success
FN:42,<conjure_oxide::Cli as clap_builder::derive::FromArgMatches>::from_arg_matches_mut::{closure#1}
FN:35,<conjure_oxide::Cli as clap_builder::derive::FromArgMatches>::update_from_arg_matches_mut::{closure#0}
FN:59,<conjure_oxide::Cli as clap_builder::derive::FromArgMatches>::update_from_arg_matches_mut::{closure#2}
FN:35,<conjure_oxide::Cli as clap_builder::derive::FromArgMatches>::from_arg_matches_mut::{closure#0}
FN:182,conjure_oxide::main::{closure#0}
FN:59,<conjure_oxide::Cli as clap_builder::derive::FromArgMatches>::update_from_arg_matches_mut::{closure#2}
FN:35,<conjure_oxide::Cli as clap_builder::derive::FromArgMatches>::from_arg_matches_mut::{closure#0}
FN:42,<conjure_oxide::Cli as clap_builder::derive::FromArgMatches>::update_from_arg_matches_mut::{closure#1}
FN:72,<conjure_oxide::Cli as clap_builder::derive::FromArgMatches>::update_from_arg_matches_mut::{closure#3}
FN:305,conjure_oxide::tests::test_get_example_model_fail_empty_filepath
FN:293,conjure_oxide::tests::test_get_example_model_by_filepath
FN:56,<conjure_oxide::Cli as clap_builder::derive::Args>::augment_args::{closure#0}
FN:182,conjure_oxide::main::{closure#0}
FN:59,<conjure_oxide::Cli as clap_builder::derive::FromArgMatches>::from_arg_matches_mut::{closure#2}
FN:72,<conjure_oxide::Cli as clap_builder::derive::FromArgMatches>::from_arg_matches_mut::{closure#3}
FN:56,<conjure_oxide::Cli as clap_builder::derive::Args>::augment_args_for_update::{closure#0}
FN:199,conjure_oxide::main::{closure#2}
FN:213,conjure_oxide::main::{closure#1}
FN:42,<conjure_oxide::Cli as clap_builder::derive::FromArgMatches>::from_arg_matches_mut::{closure#1}
FNDA:0,<conjure_oxide::Cli as clap_builder::derive::FromArgMatches>::from_arg_matches_mut::{closure#2}
FNDA:0,<conjure_oxide::Cli as clap_builder::derive::Args>::augment_args_for_update::{closure#0}
FNDA:0,conjure_oxide::main
FNDA:0,conjure_oxide::main
FNDA:0,<conjure_oxide::Cli as clap_builder::derive::FromArgMatches>::update_from_arg_matches_mut::{closure#0}
FNDA:0,conjure_oxide::main::{closure#2}
FNDA:0,<conjure_oxide::Cli as clap_builder::derive::FromArgMatches>::update_from_arg_matches_mut::{closure#1}
FNDA:0,<conjure_oxide::Cli as clap_builder::derive::FromArgMatches>::from_arg_matches_mut::{closure#3}
FNDA:0,conjure_oxide::main::{closure#1}
FNDA:1,conjure_oxide::tests::test_get_example_model_fail_empty_filename
FNDA:0,<conjure_oxide::Cli as clap_builder::derive::Args>::augment_args::{closure#0}
FNDA:0,<conjure_oxide::Cli as clap_builder::derive::FromArgMatches>::update_from_arg_matches_mut::{closure#3}
FNDA:1,conjure_oxide::tests::test_get_example_model_success
FNDA:0,<conjure_oxide::Cli as clap_builder::derive::FromArgMatches>::from_arg_matches_mut::{closure#1}
FNDA:0,<conjure_oxide::Cli as clap_builder::derive::FromArgMatches>::update_from_arg_matches_mut::{closure#0}
FNDA:0,<conjure_oxide::Cli as clap_builder::derive::FromArgMatches>::update_from_arg_matches_mut::{closure#2}
FNDA:0,<conjure_oxide::Cli as clap_builder::derive::FromArgMatches>::from_arg_matches_mut::{closure#0}
FNDA:0,conjure_oxide::main::{closure#0}
FNDA:0,<conjure_oxide::Cli as clap_builder::derive::FromArgMatches>::update_from_arg_matches_mut::{closure#2}
FNDA:0,<conjure_oxide::Cli as clap_builder::derive::FromArgMatches>::from_arg_matches_mut::{closure#0}
FNDA:0,<conjure_oxide::Cli as clap_builder::derive::FromArgMatches>::update_from_arg_matches_mut::{closure#1}
FNDA:0,<conjure_oxide::Cli as clap_builder::derive::FromArgMatches>::update_from_arg_matches_mut::{closure#3}
FNDA:1,conjure_oxide::tests::test_get_example_model_fail_empty_filepath
FNDA:1,conjure_oxide::tests::test_get_example_model_by_filepath
FNDA:0,<conjure_oxide::Cli as clap_builder::derive::Args>::augment_args::{closure#0}
FNDA:0,conjure_oxide::main::{closure#0}
FNDA:0,<conjure_oxide::Cli as clap_builder::derive::FromArgMatches>::from_arg_matches_mut::{closure#2}
FNDA:0,<conjure_oxide::Cli as clap_builder::derive::FromArgMatches>::from_arg_matches_mut::{closure#3}
FNDA:0,<conjure_oxide::Cli as clap_builder::derive::Args>::augment_args_for_update::{closure#0}
FNDA:0,conjure_oxide::main::{closure#2}
FNDA:0,conjure_oxide::main::{closure#1}
FNDA:0,<conjure_oxide::Cli as clap_builder::derive::FromArgMatches>::from_arg_matches_mut::{closure#1}
FNF:32
FNH:4
BRF:0
BRH:0
DA:35,0
DA:42,0
DA:56,0
DA:59,0
DA:72,0
DA:76,0
DA:77,0
DA:78,0
DA:79,0
DA:80,0
DA:81,0
DA:82,0
DA:83,0
DA:84,0
DA:85,0
DA:86,0
DA:87,0
DA:88,0
DA:90,0
DA:91,0
DA:92,0
DA:93,0
DA:94,0
DA:95,0
DA:96,0
DA:97,0
DA:109,0
DA:110,0
DA:111,0
DA:112,0
DA:114,0
DA:115,0
DA:116,0
DA:117,0
DA:121,0
DA:122,0
DA:123,0
DA:124,0
DA:125,0
DA:126,0
DA:127,0
DA:128,0
DA:129,0
DA:130,0
DA:132,0
DA:133,0
DA:135,0
DA:138,0
DA:139,0
DA:140,0
DA:142,0
DA:143,0
DA:144,0
DA:145,0
DA:146,0
DA:147,0
DA:148,0
DA:149,0
DA:151,0
DA:152,0
DA:153,0
DA:154,0
DA:155,0
DA:156,0
DA:157,0
DA:161,0
DA:162,0
DA:163,0
DA:164,0
DA:165,0
DA:166,0
DA:167,0
DA:168,0
DA:169,0
DA:170,0
DA:172,0
DA:173,0
DA:174,0
DA:175,0
DA:176,0
DA:180,0
DA:181,0
DA:182,0
DA:183,0
DA:184,0
DA:185,0
DA:186,0
DA:187,0
DA:188,0
DA:189,0
DA:193,0
DA:194,0
DA:195,0
DA:196,0
DA:197,0
DA:198,0
DA:199,0
DA:200,0
DA:201,0
DA:203,0
DA:204,0
DA:205,0
DA:206,0
DA:212,0
DA:213,0
DA:215,0
DA:216,0
DA:217,0
DA:218,0
DA:219,0
DA:220,0
DA:222,0
DA:223,0
DA:224,0
DA:225,0
DA:227,0
DA:229,0
DA:230,0
DA:231,0
DA:232,0
DA:233,0
DA:234,0
DA:235,0
DA:236,0
DA:237,0
DA:238,0
DA:239,0
DA:241,0
DA:244,0
DA:246,0
DA:248,0
DA:249,0
DA:251,0
DA:253,0
DA:254,0
DA:256,0
DA:257,0
DA:258,0
DA:259,0
DA:260,0
DA:261,0
DA:262,0
DA:263,0
DA:264,0
DA:265,0
DA:266,0
DA:267,0
DA:272,0
DA:274,0
DA:275,0
DA:276,0
DA:277,0
DA:278,0
DA:279,0
DA:280,0
DA:287,1
DA:288,1
DA:289,1
DA:290,1
DA:293,1
DA:294,1
DA:295,1
DA:296,1
DA:299,1
DA:300,1
DA:301,1
DA:302,1
DA:305,1
DA:306,1
DA:307,1
DA:308,1
LF:171
LH:16
end_of_record
SF:crates/tree_morph/tests/lambda_calc.rs
FN:162,lambda_calc::test_id
FN:180,lambda_calc::test_complex_expression
FN:37,<lambda_calc::Expr>::vars
FN:150,lambda_calc::test_double_reduction
FN:102,lambda_calc::transform_beta_reduce
FN:59,lambda_calc::fresh
FN:64,lambda_calc::subst
FN:111,lambda_calc::test_simple_application
FN:17,<lambda_calc::Expr>::free_vars
FN:171,lambda_calc::test_no_reduction
FN:93,lambda_calc::beta_reduce
FN:105,lambda_calc::transform_beta_reduce::{closure#0}
FN:123,lambda_calc::test_nested_application
FN:138,lambda_calc::test_capture_avoiding_substitution
FNDA:0,lambda_calc::test_id
FNDA:0,lambda_calc::test_complex_expression
FNDA:0,<lambda_calc::Expr>::vars
FNDA:0,lambda_calc::test_double_reduction
FNDA:0,lambda_calc::transform_beta_reduce
FNDA:0,lambda_calc::fresh
FNDA:0,lambda_calc::subst
FNDA:0,lambda_calc::test_simple_application
FNDA:0,<lambda_calc::Expr>::free_vars
FNDA:0,lambda_calc::test_no_reduction
FNDA:0,lambda_calc::beta_reduce
FNDA:0,lambda_calc::transform_beta_reduce::{closure#0}
FNDA:0,lambda_calc::test_nested_application
FNDA:0,lambda_calc::test_capture_avoiding_substitution
FNF:14
FNH:0
BRF:0
BRH:0
DA:17,0
DA:18,0
DA:19,0
DA:20,0
DA:21,0
DA:22,0
DA:24,0
DA:25,0
DA:26,0
DA:27,0
DA:29,0
DA:30,0
DA:31,0
DA:32,0
DA:35,0
DA:37,0
DA:38,0
DA:39,0
DA:40,0
DA:41,0
DA:42,0
DA:44,0
DA:45,0
DA:46,0
DA:47,0
DA:49,0
DA:50,0
DA:51,0
DA:52,0
DA:55,0
DA:59,0
DA:60,0
DA:61,0
DA:64,0
DA:65,0
DA:66,0
DA:67,0
DA:68,0
DA:69,0
DA:70,0
DA:71,0
DA:72,0
DA:74,0
DA:77,0
DA:78,0
DA:79,0
DA:80,0
DA:81,0
DA:82,0
DA:84,0
DA:85,0
DA:86,0
DA:90,0
DA:93,0
DA:94,0
DA:95,0
DA:96,0
DA:97,0
DA:98,0
DA:99,0
DA:100,0
DA:102,0
DA:103,0
DA:104,0
DA:105,0
DA:106,0
DA:107,0
DA:108,0
DA:111,0
DA:112,0
DA:113,0
DA:114,0
DA:115,0
DA:116,0
DA:117,0
DA:118,0
DA:119,0
DA:120,0
DA:123,0
DA:124,0
DA:125,0
DA:126,0
DA:127,0
DA:128,0
DA:129,0
DA:130,0
DA:131,0
DA:132,0
DA:133,0
DA:134,0
DA:135,0
DA:138,0
DA:139,0
DA:140,0
DA:141,0
DA:142,0
DA:143,0
DA:144,0
DA:145,0
DA:146,0
DA:147,0
DA:150,0
DA:151,0
DA:152,0
DA:153,0
DA:154,0
DA:155,0
DA:156,0
DA:157,0
DA:158,0
DA:159,0
DA:162,0
DA:163,0
DA:164,0
DA:165,0
DA:166,0
DA:167,0
DA:168,0
DA:171,0
DA:172,0
DA:173,0
DA:174,0
DA:175,0
DA:176,0
DA:177,0
DA:180,0
DA:181,0
DA:182,0
DA:183,0
DA:184,0
DA:185,0
DA:186,0
DA:187,0
DA:188,0
DA:189,0
DA:190,0
DA:191,0
DA:192,0
DA:193,0
DA:194,0
DA:195,0
DA:196,0
DA:197,0
DA:198,0
LF:144
LH:0
end_of_record
SF:conjure_oxide/src/utils/json.rs
FN:7,conjure_oxide::utils::json::json_value_cmp
FN:7,conjure_oxide::utils::json::json_value_cmp
FN:68,conjure_oxide::utils::json::sort_json_object::{closure#2}
FN:48,conjure_oxide::utils::json::sort_json_object
FN:62,conjure_oxide::utils::json::sort_json_object::{closure#1}
FN:62,conjure_oxide::utils::json::sort_json_object::{closure#1}
FN:32,conjure_oxide::utils::json::sort_json_variables
FN:32,conjure_oxide::utils::json::sort_json_variables
FN:53,conjure_oxide::utils::json::sort_json_object::{closure#0}
FN:53,conjure_oxide::utils::json::sort_json_object::{closure#0}
FN:48,conjure_oxide::utils::json::sort_json_object
FN:68,conjure_oxide::utils::json::sort_json_object::{closure#2}
FNDA:0,conjure_oxide::utils::json::json_value_cmp
FNDA:1,conjure_oxide::utils::json::json_value_cmp
FNDA:0,conjure_oxide::utils::json::sort_json_object::{closure#2}
FNDA:1,conjure_oxide::utils::json::sort_json_object
FNDA:1,conjure_oxide::utils::json::sort_json_object::{closure#1}
FNDA:0,conjure_oxide::utils::json::sort_json_object::{closure#1}
FNDA:1,conjure_oxide::utils::json::sort_json_variables
FNDA:0,conjure_oxide::utils::json::sort_json_variables
FNDA:0,conjure_oxide::utils::json::sort_json_object::{closure#0}
FNDA:1,conjure_oxide::utils::json::sort_json_object::{closure#0}
FNDA:0,conjure_oxide::utils::json::sort_json_object
FNDA:1,conjure_oxide::utils::json::sort_json_object::{closure#2}
FNF:12
FNH:6
BRF:0
BRH:0
DA:7,71004
DA:8,71004
DA:9,0
DA:10,0
DA:11,0
DA:12,0
DA:13,0
DA:14,0
DA:15,0
DA:17,1692
DA:18,1692
DA:19,1692
DA:20,1692
DA:21,1692
DA:22,0
DA:24,0
DA:26,69312
DA:28,71004
DA:32,708
DA:33,708
DA:34,708
DA:35,708
DA:36,708
DA:37,708
DA:39,0
DA:41,708
DA:48,155622
DA:49,155622
DA:50,41646
DA:51,41646
DA:52,41646
DA:53,118596
DA:54,118596
DA:55,708
DA:57,117888
DA:59,118596
DA:60,41646
DA:61,41646
DA:62,76950
DA:63,41646
DA:65,8658
DA:66,8658
DA:67,8658
DA:68,36072
DA:69,8658
DA:70,8658
DA:71,8658
DA:72,636
DA:73,8022
DA:75,8658
DA:77,105318
DA:79,155622
LF:52
LH:42
end_of_record
SF:crates/conjure_core/src/ast/atom.rs
FN:8,<<conjure_core::ast::atom::Atom as serde::de::Deserialize>::deserialize::__FieldVisitor as serde::de::Visitor>::expecting
FN:20,<conjure_core::ast::atom::Atom as core::fmt::Display>::fmt
FN:8,<<conjure_core::ast::atom::Atom as serde::de::Deserialize>::deserialize::__Visitor as serde::de::Visitor>::expecting
FN:8,<<conjure_core::ast::atom::Atom as serde::de::Deserialize>::deserialize::__Field as serde::de::Deserialize>::deserialize::<&mut serde_json::de::Deserializer<serde_json::read::StrRead>>
FN:29,<conjure_core::ast::atom::Atom as core::convert::From<conjure_core::ast::literals::Literal>>::from
FN:8,<<conjure_core::ast::atom::Atom as serde::de::Deserialize>::deserialize::__Visitor as serde::de::Visitor>::visit_enum::<serde_json::de::VariantAccess<serde_json::read::StrRead>>
FN:35,<conjure_core::ast::atom::Atom as core::convert::From<conjure_core::ast::symbol_table::Name>>::from
FN:20,<conjure_core::ast::atom::Atom as core::fmt::Display>::fmt
FN:8,<<conjure_core::ast::atom::Atom as serde::de::Deserialize>::deserialize::__Visitor as serde::de::Visitor>::visit_enum::<serde_json::de::UnitVariantAccess<serde_json::read::StrRead>>
FN:8,<<conjure_core::ast::atom::Atom as serde::de::Deserialize>::deserialize::__Field as serde::de::Deserialize>::deserialize::<_>
FN:8,<<conjure_core::ast::atom::Atom as serde::de::Deserialize>::deserialize::__Field as serde::de::Deserialize>::deserialize::<_>
FN:8,<<conjure_core::ast::atom::Atom as serde::de::Deserialize>::deserialize::__Visitor as serde::de::Visitor>::visit_enum::<_>
FN:35,<conjure_core::ast::atom::Atom as core::convert::From<conjure_core::ast::symbol_table::Name>>::from
FN:8,<<conjure_core::ast::atom::Atom as serde::de::Deserialize>::deserialize::__Visitor as serde::de::Visitor>::expecting
FN:8,<<conjure_core::ast::atom::Atom as serde::de::Deserialize>::deserialize::__Visitor as serde::de::Visitor>::visit_enum::<_>
FN:29,<conjure_core::ast::atom::Atom as core::convert::From<conjure_core::ast::literals::Literal>>::from
FN:8,<<conjure_core::ast::atom::Atom as serde::de::Deserialize>::deserialize::__FieldVisitor as serde::de::Visitor>::expecting
FNDA:0,<<conjure_core::ast::atom::Atom as serde::de::Deserialize>::deserialize::__FieldVisitor as serde::de::Visitor>::expecting
FNDA:1,<conjure_core::ast::atom::Atom as core::fmt::Display>::fmt
FNDA:0,<<conjure_core::ast::atom::Atom as serde::de::Deserialize>::deserialize::__Visitor as serde::de::Visitor>::expecting
FNDA:1,<<conjure_core::ast::atom::Atom as serde::de::Deserialize>::deserialize::__Field as serde::de::Deserialize>::deserialize::<&mut serde_json::de::Deserializer<serde_json::read::StrRead>>
FNDA:0,<conjure_core::ast::atom::Atom as core::convert::From<conjure_core::ast::literals::Literal>>::from
FNDA:0,<<conjure_core::ast::atom::Atom as serde::de::Deserialize>::deserialize::__Visitor as serde::de::Visitor>::visit_enum::<serde_json::de::VariantAccess<serde_json::read::StrRead>>
FNDA:1,<conjure_core::ast::atom::Atom as core::convert::From<conjure_core::ast::symbol_table::Name>>::from
FNDA:0,<conjure_core::ast::atom::Atom as core::fmt::Display>::fmt
FNDA:0,<<conjure_core::ast::atom::Atom as serde::de::Deserialize>::deserialize::__Visitor as serde::de::Visitor>::visit_enum::<serde_json::de::UnitVariantAccess<serde_json::read::StrRead>>
FNDA:0,<<conjure_core::ast::atom::Atom as serde::de::Deserialize>::deserialize::__Field as serde::de::Deserialize>::deserialize::<_>
FNDA:0,<<conjure_core::ast::atom::Atom as serde::de::Deserialize>::deserialize::__Field as serde::de::Deserialize>::deserialize::<_>
FNDA:0,<<conjure_core::ast::atom::Atom as serde::de::Deserialize>::deserialize::__Visitor as serde::de::Visitor>::visit_enum::<_>
FNDA:0,<conjure_core::ast::atom::Atom as core::convert::From<conjure_core::ast::symbol_table::Name>>::from
FNDA:0,<<conjure_core::ast::atom::Atom as serde::de::Deserialize>::deserialize::__Visitor as serde::de::Visitor>::expecting
FNDA:0,<<conjure_core::ast::atom::Atom as serde::de::Deserialize>::deserialize::__Visitor as serde::de::Visitor>::visit_enum::<_>
FNDA:0,<conjure_core::ast::atom::Atom as core::convert::From<conjure_core::ast::literals::Literal>>::from
FNDA:0,<<conjure_core::ast::atom::Atom as serde::de::Deserialize>::deserialize::__FieldVisitor as serde::de::Visitor>::expecting
FNF:17
FNH:3
BRF:0
BRH:0
DA:8,4074
DA:20,24471
DA:21,24471
DA:22,6993
DA:23,17478
DA:25,24471
DA:29,0
DA:30,0
DA:31,0
DA:35,432
DA:36,432
DA:37,432
LF:12
LH:9
end_of_record
SF:solvers/kissat/src/lib.rs
FN:3,kissat_rs::test1
FNDA:0,kissat_rs::test1
FNF:1
FNH:0
BRF:0
BRH:0
DA:3,0
DA:8,0
DA:9,0
DA:10,0
DA:11,0
DA:12,0
DA:13,0
DA:14,0
DA:15,0
DA:18,0
DA:19,0
DA:20,0
DA:21,0
DA:22,0
DA:25,0
DA:26,0
DA:27,0
DA:28,0
DA:29,0
DA:30,0
DA:31,0
LF:21
LH:0
end_of_record
SF:crates/enum_compatability_macro/src/lib.rs
FN:38,<enum_compatability_macro::RemoveCompatibleAttrs as syn::gen::visit_mut::VisitMut>::visit_variant_mut
FN:181,enum_compatability_macro::document_compatibility::{closure#0}
FN:131,enum_compatability_macro::document_compatibility
FN:66,<enum_compatability_macro::RemoveCompatibleAttrs as syn::gen::visit_mut::VisitMut>::visit_variant_mut::{closure#0}
FN:181,enum_compatability_macro::document_compatibility::{closure#0}
FN:38,<enum_compatability_macro::RemoveCompatibleAttrs as syn::gen::visit_mut::VisitMut>::visit_variant_mut
FN:66,<enum_compatability_macro::RemoveCompatibleAttrs as syn::gen::visit_mut::VisitMut>::visit_variant_mut::{closure#0}
FN:131,enum_compatability_macro::document_compatibility
FN:66,<enum_compatability_macro::RemoveCompatibleAttrs as syn::gen::visit_mut::VisitMut>::visit_variant_mut::{closure#0}
FN:181,enum_compatability_macro::document_compatibility::{closure#0}
FN:131,enum_compatability_macro::document_compatibility
FN:38,<enum_compatability_macro::RemoveCompatibleAttrs as syn::gen::visit_mut::VisitMut>::visit_variant_mut
FNDA:0,<enum_compatability_macro::RemoveCompatibleAttrs as syn::gen::visit_mut::VisitMut>::visit_variant_mut
FNDA:0,enum_compatability_macro::document_compatibility::{closure#0}
FNDA:0,enum_compatability_macro::document_compatibility
FNDA:0,<enum_compatability_macro::RemoveCompatibleAttrs as syn::gen::visit_mut::VisitMut>::visit_variant_mut::{closure#0}
FNDA:0,enum_compatability_macro::document_compatibility::{closure#0}
FNDA:1,<enum_compatability_macro::RemoveCompatibleAttrs as syn::gen::visit_mut::VisitMut>::visit_variant_mut
FNDA:0,<enum_compatability_macro::RemoveCompatibleAttrs as syn::gen::visit_mut::VisitMut>::visit_variant_mut::{closure#0}
FNDA:0,enum_compatability_macro::document_compatibility
FNDA:1,<enum_compatability_macro::RemoveCompatibleAttrs as syn::gen::visit_mut::VisitMut>::visit_variant_mut::{closure#0}
FNDA:1,enum_compatability_macro::document_compatibility::{closure#0}
FNDA:1,enum_compatability_macro::document_compatibility
FNDA:0,<enum_compatability_macro::RemoveCompatibleAttrs as syn::gen::visit_mut::VisitMut>::visit_variant_mut
FNF:12
FNH:4
BRF:0
BRH:0
DA:38,150
DA:39,150
DA:40,150
DA:41,150
DA:42,150
DA:43,150
DA:44,150
DA:45,245
DA:46,245
DA:47,120
DA:48,125
DA:49,125
DA:50,125
DA:51,125
DA:52,270
DA:53,145
DA:54,145
DA:55,145
DA:56,145
DA:59,150
DA:60,125
DA:61,125
DA:62,125
DA:63,125
DA:64,125
DA:66,370
DA:67,150
DA:131,5
DA:133,5
DA:134,5
DA:137,150
DA:138,150
DA:139,245
DA:140,245
DA:141,120
DA:142,125
DA:143,125
DA:144,125
DA:145,125
DA:146,125
DA:147,270
DA:148,145
DA:149,145
DA:150,145
DA:151,15
DA:152,15
DA:153,15
DA:154,130
DA:155,130
DA:156,130
DA:164,5
DA:165,5
DA:166,5
DA:167,5
DA:168,5
DA:169,5
DA:170,5
DA:171,5
DA:172,15
DA:174,15
DA:177,145
DA:178,15
DA:179,15
DA:180,15
DA:181,145
DA:182,15
DA:183,145
DA:184,145
DA:185,145
DA:188,15
DA:191,5
DA:192,5
DA:193,5
DA:194,5
DA:195,5
DA:196,5
DA:197,5
LF:77
LH:77
end_of_record
SF:crates/tree_morph/src/commands.rs
FN:38,<tree_morph::commands::Commands<_, _>>::mut_meta
FN:38,<tree_morph::commands::Commands<add_mul::Expr, add_mul::Meta>>::mut_meta
FN:38,<tree_morph::commands::Commands<lambda_calc::Expr, u32>>::mut_meta
FN:48,<tree_morph::commands::Commands<add_mul::Expr, add_mul::Meta>>::apply
FN:24,<tree_morph::commands::Commands<_, _>>::new
FN:48,<tree_morph::commands::Commands<_, _>>::apply
FN:24,<tree_morph::commands::Commands<add_mul::Expr, add_mul::Meta>>::new
FN:43,<tree_morph::commands::Commands<_, _>>::clear
FN:32,<tree_morph::commands::Commands<_, _>>::transform
FN:24,<tree_morph::commands::Commands<lambda_calc::Expr, u32>>::new
FN:48,<tree_morph::commands::Commands<lambda_calc::Expr, u32>>::apply
FNDA:0,<tree_morph::commands::Commands<_, _>>::mut_meta
FNDA:0,<tree_morph::commands::Commands<add_mul::Expr, add_mul::Meta>>::mut_meta
FNDA:0,<tree_morph::commands::Commands<lambda_calc::Expr, u32>>::mut_meta
FNDA:0,<tree_morph::commands::Commands<add_mul::Expr, add_mul::Meta>>::apply
FNDA:0,<tree_morph::commands::Commands<_, _>>::new
FNDA:0,<tree_morph::commands::Commands<_, _>>::apply
FNDA:0,<tree_morph::commands::Commands<add_mul::Expr, add_mul::Meta>>::new
FNDA:0,<tree_morph::commands::Commands<_, _>>::clear
FNDA:0,<tree_morph::commands::Commands<_, _>>::transform
FNDA:0,<tree_morph::commands::Commands<lambda_calc::Expr, u32>>::new
FNDA:0,<tree_morph::commands::Commands<lambda_calc::Expr, u32>>::apply
FNF:11
FNH:0
BRF:0
BRH:0
DA:24,0
DA:25,0
DA:26,0
DA:27,0
DA:28,0
DA:32,0
DA:33,0
DA:34,0
DA:38,0
DA:39,0
DA:40,0
DA:43,0
DA:44,0
DA:45,0
DA:48,0
DA:49,0
DA:50,0
DA:51,0
DA:52,0
DA:55,0
DA:56,0
LF:21
LH:0
end_of_record
SF:crates/conjure_core/src/solver/adaptors/kissat.rs
FN:47,<conjure_core::solver::adaptors::kissat::Kissat as conjure_core::solver::SolverAdaptor>::solve_mut
FN:39,<conjure_core::solver::adaptors::kissat::Kissat as conjure_core::solver::SolverAdaptor>::solve
FN:60,<conjure_core::solver::adaptors::kissat::Kissat as conjure_core::solver::SolverAdaptor>::get_family
FN:24,<conjure_core::solver::adaptors::kissat::Kissat>::new
FN:55,<conjure_core::solver::adaptors::kissat::Kissat as conjure_core::solver::SolverAdaptor>::load_model
FN:33,<conjure_core::solver::adaptors::kissat::Kissat as core::default::Default>::default
FN:39,<conjure_core::solver::adaptors::kissat::Kissat as conjure_core::solver::SolverAdaptor>::solve
FN:24,<conjure_core::solver::adaptors::kissat::Kissat>::new
FN:55,<conjure_core::solver::adaptors::kissat::Kissat as conjure_core::solver::SolverAdaptor>::load_model
FN:33,<conjure_core::solver::adaptors::kissat::Kissat as core::default::Default>::default
FN:47,<conjure_core::solver::adaptors::kissat::Kissat as conjure_core::solver::SolverAdaptor>::solve_mut
FN:60,<conjure_core::solver::adaptors::kissat::Kissat as conjure_core::solver::SolverAdaptor>::get_family
FNDA:0,<conjure_core::solver::adaptors::kissat::Kissat as conjure_core::solver::SolverAdaptor>::solve_mut
FNDA:0,<conjure_core::solver::adaptors::kissat::Kissat as conjure_core::solver::SolverAdaptor>::solve
FNDA:0,<conjure_core::solver::adaptors::kissat::Kissat as conjure_core::solver::SolverAdaptor>::get_family
FNDA:0,<conjure_core::solver::adaptors::kissat::Kissat>::new
FNDA:0,<conjure_core::solver::adaptors::kissat::Kissat as conjure_core::solver::SolverAdaptor>::load_model
FNDA:0,<conjure_core::solver::adaptors::kissat::Kissat as core::default::Default>::default
FNDA:0,<conjure_core::solver::adaptors::kissat::Kissat as conjure_core::solver::SolverAdaptor>::solve
FNDA:0,<conjure_core::solver::adaptors::kissat::Kissat>::new
FNDA:0,<conjure_core::solver::adaptors::kissat::Kissat as conjure_core::solver::SolverAdaptor>::load_model
FNDA:0,<conjure_core::solver::adaptors::kissat::Kissat as core::default::Default>::default
FNDA:0,<conjure_core::solver::adaptors::kissat::Kissat as conjure_core::solver::SolverAdaptor>::solve_mut
FNDA:0,<conjure_core::solver::adaptors::kissat::Kissat as conjure_core::solver::SolverAdaptor>::get_family
FNF:12
FNH:0
BRF:0
BRH:0
DA:24,0
DA:25,0
DA:26,0
DA:27,0
DA:28,0
DA:29,0
DA:33,0
DA:34,0
DA:35,0
DA:39,0
DA:40,0
DA:41,0
DA:42,0
DA:43,0
DA:44,0
DA:45,0
DA:47,0
DA:48,0
DA:49,0
DA:50,0
DA:51,0
DA:52,0
DA:53,0
DA:55,0
DA:56,0
DA:57,0
DA:58,0
DA:60,0
DA:61,0
DA:62,0
LF:30
LH:0
end_of_record
SF:crates/conjure_core/src/rules/normalisers/bool.rs
FN:121,conjure_core::rules::normalisers::bool::distribute_not_over_or
FN:37,conjure_core::rules::normalisers::bool::distribute_or_over_and::find_and
FN:35,conjure_core::rules::normalisers::bool::CONJURE_GEN_RULE_DISTRIBUTE_OR_OVER_AND::__typecheck::{closure#0}::{closure#0}
FN:167,conjure_core::rules::normalisers::bool::CONJURE_GEN_RULE_REMOVE_UNIT_VECTOR_OR::__typecheck::{closure#0}::{closure#0}
FN:168,conjure_core::rules::normalisers::bool::remove_unit_vector_or
FN:84,conjure_core::rules::normalisers::bool::distribute_not_over_and
FN:35,conjure_core::rules::normalisers::bool::CONJURE_GEN_RULE_DISTRIBUTE_OR_OVER_AND::__typecheck::{closure#0}::{closure#0}
FN:149,conjure_core::rules::normalisers::bool::CONJURE_GEN_RULE_REMOVE_UNIT_VECTOR_AND::__typecheck::{closure#0}::{closure#0}
FN:121,conjure_core::rules::normalisers::bool::distribute_not_over_or
FN:19,conjure_core::rules::normalisers::bool::CONJURE_GEN_RULE_REMOVE_DOUBLE_NEGATION::__typecheck::{closure#0}::{closure#0}
FN:167,conjure_core::rules::normalisers::bool::CONJURE_GEN_RULE_REMOVE_UNIT_VECTOR_OR::__typecheck::{closure#0}::{closure#0}
FN:20,conjure_core::rules::normalisers::bool::remove_double_negation
FN:37,conjure_core::rules::normalisers::bool::distribute_or_over_and::find_and
FN:149,conjure_core::rules::normalisers::bool::CONJURE_GEN_RULE_REMOVE_UNIT_VECTOR_AND::__typecheck::{closure#0}::{closure#0}
FN:83,conjure_core::rules::normalisers::bool::CONJURE_GEN_RULE_DISTRIBUTE_NOT_OVER_AND::__typecheck::{closure#0}::{closure#0}
FN:19,conjure_core::rules::normalisers::bool::CONJURE_GEN_RULE_REMOVE_DOUBLE_NEGATION::__typecheck::{closure#0}::{closure#0}
FN:84,conjure_core::rules::normalisers::bool::distribute_not_over_and
FN:20,conjure_core::rules::normalisers::bool::remove_double_negation
FN:120,conjure_core::rules::normalisers::bool::CONJURE_GEN_RULE_DISTRIBUTE_NOT_OVER_OR::__typecheck::{closure#0}::{closure#0}
FN:120,conjure_core::rules::normalisers::bool::CONJURE_GEN_RULE_DISTRIBUTE_NOT_OVER_OR::__typecheck::{closure#0}::{closure#0}
FN:150,conjure_core::rules::normalisers::bool::remove_unit_vector_and
FN:83,conjure_core::rules::normalisers::bool::CONJURE_GEN_RULE_DISTRIBUTE_NOT_OVER_AND::__typecheck::{closure#0}::{closure#0}
FN:36,conjure_core::rules::normalisers::bool::distribute_or_over_and
FN:150,conjure_core::rules::normalisers::bool::remove_unit_vector_and
FN:36,conjure_core::rules::normalisers::bool::distribute_or_over_and
FN:168,conjure_core::rules::normalisers::bool::remove_unit_vector_or
FNDA:1,conjure_core::rules::normalisers::bool::distribute_not_over_or
FNDA:0,conjure_core::rules::normalisers::bool::distribute_or_over_and::find_and
FNDA:0,conjure_core::rules::normalisers::bool::CONJURE_GEN_RULE_DISTRIBUTE_OR_OVER_AND::__typecheck::{closure#0}::{closure#0}
FNDA:0,conjure_core::rules::normalisers::bool::CONJURE_GEN_RULE_REMOVE_UNIT_VECTOR_OR::__typecheck::{closure#0}::{closure#0}
FNDA:0,conjure_core::rules::normalisers::bool::remove_unit_vector_or
FNDA:0,conjure_core::rules::normalisers::bool::distribute_not_over_and
FNDA:0,conjure_core::rules::normalisers::bool::CONJURE_GEN_RULE_DISTRIBUTE_OR_OVER_AND::__typecheck::{closure#0}::{closure#0}
FNDA:0,conjure_core::rules::normalisers::bool::CONJURE_GEN_RULE_REMOVE_UNIT_VECTOR_AND::__typecheck::{closure#0}::{closure#0}
FNDA:0,conjure_core::rules::normalisers::bool::distribute_not_over_or
FNDA:0,conjure_core::rules::normalisers::bool::CONJURE_GEN_RULE_REMOVE_DOUBLE_NEGATION::__typecheck::{closure#0}::{closure#0}
FNDA:0,conjure_core::rules::normalisers::bool::CONJURE_GEN_RULE_REMOVE_UNIT_VECTOR_OR::__typecheck::{closure#0}::{closure#0}
FNDA:0,conjure_core::rules::normalisers::bool::remove_double_negation
FNDA:1,conjure_core::rules::normalisers::bool::distribute_or_over_and::find_and
FNDA:0,conjure_core::rules::normalisers::bool::CONJURE_GEN_RULE_REMOVE_UNIT_VECTOR_AND::__typecheck::{closure#0}::{closure#0}
FNDA:0,conjure_core::rules::normalisers::bool::CONJURE_GEN_RULE_DISTRIBUTE_NOT_OVER_AND::__typecheck::{closure#0}::{closure#0}
FNDA:0,conjure_core::rules::normalisers::bool::CONJURE_GEN_RULE_REMOVE_DOUBLE_NEGATION::__typecheck::{closure#0}::{closure#0}
FNDA:1,conjure_core::rules::normalisers::bool::distribute_not_over_and
FNDA:1,conjure_core::rules::normalisers::bool::remove_double_negation
FNDA:0,conjure_core::rules::normalisers::bool::CONJURE_GEN_RULE_DISTRIBUTE_NOT_OVER_OR::__typecheck::{closure#0}::{closure#0}
FNDA:0,conjure_core::rules::normalisers::bool::CONJURE_GEN_RULE_DISTRIBUTE_NOT_OVER_OR::__typecheck::{closure#0}::{closure#0}
FNDA:0,conjure_core::rules::normalisers::bool::remove_unit_vector_and
FNDA:0,conjure_core::rules::normalisers::bool::CONJURE_GEN_RULE_DISTRIBUTE_NOT_OVER_AND::__typecheck::{closure#0}::{closure#0}
FNDA:0,conjure_core::rules::normalisers::bool::distribute_or_over_and
FNDA:1,conjure_core::rules::normalisers::bool::remove_unit_vector_and
FNDA:1,conjure_core::rules::normalisers::bool::distribute_or_over_and
FNDA:1,conjure_core::rules::normalisers::bool::remove_unit_vector_or
FNF:26
FNH:7
BRF:0
BRH:0
DA:20,17487
DA:21,17487
DA:22,540
DA:23,0
DA:24,540
DA:26,16947
DA:28,17487
DA:36,17487
DA:37,810
DA:39,1800
DA:40,1800
DA:41,9
DA:42,1791
DA:44,801
DA:45,810
DA:47,17487
DA:48,810
DA:49,9
DA:50,9
DA:51,9
DA:52,9
DA:53,9
DA:54,9
DA:55,9
DA:57,27
DA:59,18
DA:60,18
DA:61,18
DA:64,9
DA:65,9
DA:66,9
DA:67,9
DA:69,0
DA:72,801
DA:74,16677
DA:76,17487
DA:84,17487
DA:85,71379
DA:86,69525
DA:87,71379
DA:90,1854
DA:91,69525
DA:93,15633
DA:94,306
DA:95,162
DA:96,162
DA:97,90
DA:98,90
DA:99,90
DA:100,90
DA:101,90
DA:102,72
DA:103,72
DA:104,216
DA:105,144
DA:106,144
DA:107,72
DA:109,144
DA:111,15327
DA:113,17487
DA:121,17487
DA:122,17487
DA:123,540
DA:124,0
DA:125,0
DA:126,0
DA:127,0
DA:128,0
DA:129,0
DA:130,0
DA:131,0
DA:132,0
DA:133,0
DA:134,0
DA:135,0
DA:136,0
DA:138,540
DA:140,16947
DA:142,17487
DA:150,17487
DA:151,17487
DA:152,2124
DA:153,2124
DA:154,135
DA:155,1989
DA:156,1989
DA:158,15363
DA:160,17487
DA:168,17487
DA:169,810
DA:170,810
DA:171,810
DA:172,0
DA:174,17487
DA:176,17487
LF:95
LH:79
end_of_record
SF:crates/conjure_core/src/ast/types.rs
FN:3,<<conjure_core::ast::types::ReturnType as serde::de::Deserialize>::deserialize::__Field as serde::de::Deserialize>::deserialize::<_>
FN:3,<<conjure_core::ast::types::ReturnType as serde::de::Deserialize>::deserialize::__FieldVisitor as serde::de::Visitor>::expecting
FN:3,<<conjure_core::ast::types::ReturnType as serde::de::Deserialize>::deserialize::__Visitor as serde::de::Visitor>::expecting
FN:3,<<conjure_core::ast::types::ReturnType as serde::de::Deserialize>::deserialize::__Field as serde::de::Deserialize>::deserialize::<_>
FN:3,<<conjure_core::ast::types::ReturnType as serde::de::Deserialize>::deserialize::__Visitor as serde::de::Visitor>::expecting
FN:3,<<conjure_core::ast::types::ReturnType as serde::de::Deserialize>::deserialize::__FieldVisitor as serde::de::Visitor>::expecting
FN:3,<<conjure_core::ast::types::ReturnType as serde::de::Deserialize>::deserialize::__Visitor as serde::de::Visitor>::visit_enum::<_>
FN:3,<<conjure_core::ast::types::ReturnType as serde::de::Deserialize>::deserialize::__Visitor as serde::de::Visitor>::visit_enum::<_>
FN:3,<<conjure_core::ast::types::ReturnType as serde::de::Deserialize>::deserialize::__Visitor as serde::de::Visitor>::visit_enum::<serde_json::de::UnitVariantAccess<serde_json::read::StrRead>>
FN:3,<<conjure_core::ast::types::ReturnType as serde::de::Deserialize>::deserialize::__Visitor as serde::de::Visitor>::visit_enum::<serde_json::de::VariantAccess<serde_json::read::StrRead>>
FN:3,<<conjure_core::ast::types::ReturnType as serde::de::Deserialize>::deserialize::__Field as serde::de::Deserialize>::deserialize::<&mut serde_json::de::Deserializer<serde_json::read::StrRead>>
FNDA:0,<<conjure_core::ast::types::ReturnType as serde::de::Deserialize>::deserialize::__Field as serde::de::Deserialize>::deserialize::<_>
FNDA:0,<<conjure_core::ast::types::ReturnType as serde::de::Deserialize>::deserialize::__FieldVisitor as serde::de::Visitor>::expecting
FNDA:0,<<conjure_core::ast::types::ReturnType as serde::de::Deserialize>::deserialize::__Visitor as serde::de::Visitor>::expecting
FNDA:0,<<conjure_core::ast::types::ReturnType as serde::de::Deserialize>::deserialize::__Field as serde::de::Deserialize>::deserialize::<_>
FNDA:0,<<conjure_core::ast::types::ReturnType as serde::de::Deserialize>::deserialize::__Visitor as serde::de::Visitor>::expecting
FNDA:0,<<conjure_core::ast::types::ReturnType as serde::de::Deserialize>::deserialize::__FieldVisitor as serde::de::Visitor>::expecting
FNDA:0,<<conjure_core::ast::types::ReturnType as serde::de::Deserialize>::deserialize::__Visitor as serde::de::Visitor>::visit_enum::<_>
FNDA:0,<<conjure_core::ast::types::ReturnType as serde::de::Deserialize>::deserialize::__Visitor as serde::de::Visitor>::visit_enum::<_>
FNDA:0,<<conjure_core::ast::types::ReturnType as serde::de::Deserialize>::deserialize::__Visitor as serde::de::Visitor>::visit_enum::<serde_json::de::UnitVariantAccess<serde_json::read::StrRead>>
FNDA:0,<<conjure_core::ast::types::ReturnType as serde::de::Deserialize>::deserialize::__Visitor as serde::de::Visitor>::visit_enum::<serde_json::de::VariantAccess<serde_json::read::StrRead>>
FNDA:0,<<conjure_core::ast::types::ReturnType as serde::de::Deserialize>::deserialize::__Field as serde::de::Deserialize>::deserialize::<&mut serde_json::de::Deserializer<serde_json::read::StrRead>>
FNF:11
FNH:0
BRF:0
BRH:0
DA:3,0
LF:1
LH:0
end_of_record
SF:conjure_oxide/src/utils/misc.rs
FN:5,conjure_oxide::utils::misc::to_set::<_>
FN:5,conjure_oxide::utils::misc::to_set::<_>
FNDA:0,conjure_oxide::utils::misc::to_set::<_>
FNDA:0,conjure_oxide::utils::misc::to_set::<_>
FNF:2
FNH:0
BRF:0
BRH:0
DA:5,0
DA:6,0
DA:7,0
DA:8,0
DA:9,0
DA:10,0
DA:11,0
LF:7
LH:0
end_of_record
SF:solvers/minion/src/wrappers.rs
FN:9,minion_rs::wrappers::get_from_table
FN:9,minion_rs::wrappers::get_from_table
FNDA:1,minion_rs::wrappers::get_from_table
FNDA:0,minion_rs::wrappers::get_from_table
FNF:2
FNH:1
BRF:0
BRH:0
DA:9,583
DA:10,583
DA:11,583
DA:12,583
DA:13,583
DA:14,583
DA:15,583
DA:16,583
DA:17,583
DA:18,583
DA:19,0
DA:20,0
DA:25,583
DA:26,583
DA:27,583
DA:30,583
LF:16
LH:14
end_of_record
SF:crates/tree_morph/tests/depend_meta.rs
FN:26,depend_meta::test_meta_branching_side_effect
FN:14,depend_meta::transform
FN:19,depend_meta::transform::{closure#0}
FNDA:0,depend_meta::test_meta_branching_side_effect
FNDA:0,depend_meta::transform
FNDA:0,depend_meta::transform::{closure#0}
FNF:3
FNH:0
BRF:0
BRH:0
DA:14,0
DA:15,0
DA:16,0
DA:17,0
DA:18,0
DA:19,0
DA:20,0
DA:21,0
DA:22,0
DA:23,0
DA:26,0
DA:27,0
DA:28,0
DA:29,0
DA:30,0
DA:31,0
LF:16
LH:0
end_of_record
SF:crates/conjure_core/src/rule_engine/rule_set.rs
FN:107,<conjure_core::rule_engine::rule_set::RuleSet>::resolve_rules
FN:172,<conjure_core::rule_engine::rule_set::RuleSet as core::fmt::Display>::fmt
FN:47,<conjure_core::rule_engine::rule_set::RuleSet>::new
FN:177,<conjure_core::rule_engine::rule_set::RuleSet as core::fmt::Display>::fmt::{closure#0}
FN:177,<conjure_core::rule_engine::rule_set::RuleSet as core::fmt::Display>::fmt::{closure#0}
FN:172,<conjure_core::rule_engine::rule_set::RuleSet as core::fmt::Display>::fmt
FN:65,<conjure_core::rule_engine::rule_set::RuleSet>::get_rules
FN:83,<conjure_core::rule_engine::rule_set::RuleSet>::get_dependencies
FN:100,<conjure_core::rule_engine::rule_set::RuleSet>::with_dependencies
FN:100,<conjure_core::rule_engine::rule_set::RuleSet>::with_dependencies
FN:158,<conjure_core::rule_engine::rule_set::RuleSet as core::cmp::PartialEq>::eq
FN:166,<conjure_core::rule_engine::rule_set::RuleSet as core::hash::Hash>::hash::<std::hash::random::DefaultHasher>
FN:158,<conjure_core::rule_engine::rule_set::RuleSet as core::cmp::PartialEq>::eq
FN:65,<conjure_core::rule_engine::rule_set::RuleSet>::get_rules
FN:132,<conjure_core::rule_engine::rule_set::RuleSet>::resolve_dependencies
FN:83,<conjure_core::rule_engine::rule_set::RuleSet>::get_dependencies
FN:47,<conjure_core::rule_engine::rule_set::RuleSet>::new
FN:132,<conjure_core::rule_engine::rule_set::RuleSet>::resolve_dependencies
FN:107,<conjure_core::rule_engine::rule_set::RuleSet>::resolve_rules
FN:166,<conjure_core::rule_engine::rule_set::RuleSet as core::hash::Hash>::hash::<_>
FNDA:1,<conjure_core::rule_engine::rule_set::RuleSet>::resolve_rules
FNDA:0,<conjure_core::rule_engine::rule_set::RuleSet as core::fmt::Display>::fmt
FNDA:0,<conjure_core::rule_engine::rule_set::RuleSet>::new
FNDA:0,<conjure_core::rule_engine::rule_set::RuleSet as core::fmt::Display>::fmt::{closure#0}
FNDA:0,<conjure_core::rule_engine::rule_set::RuleSet as core::fmt::Display>::fmt::{closure#0}
FNDA:0,<conjure_core::rule_engine::rule_set::RuleSet as core::fmt::Display>::fmt
FNDA:1,<conjure_core::rule_engine::rule_set::RuleSet>::get_rules
FNDA:0,<conjure_core::rule_engine::rule_set::RuleSet>::get_dependencies
FNDA:1,<conjure_core::rule_engine::rule_set::RuleSet>::with_dependencies
FNDA:0,<conjure_core::rule_engine::rule_set::RuleSet>::with_dependencies
FNDA:1,<conjure_core::rule_engine::rule_set::RuleSet as core::cmp::PartialEq>::eq
FNDA:1,<conjure_core::rule_engine::rule_set::RuleSet as core::hash::Hash>::hash::<std::hash::random::DefaultHasher>
FNDA:0,<conjure_core::rule_engine::rule_set::RuleSet as core::cmp::PartialEq>::eq
FNDA:0,<conjure_core::rule_engine::rule_set::RuleSet>::get_rules
FNDA:0,<conjure_core::rule_engine::rule_set::RuleSet>::resolve_dependencies
FNDA:1,<conjure_core::rule_engine::rule_set::RuleSet>::get_dependencies
FNDA:0,<conjure_core::rule_engine::rule_set::RuleSet>::new
FNDA:1,<conjure_core::rule_engine::rule_set::RuleSet>::resolve_dependencies
FNDA:0,<conjure_core::rule_engine::rule_set::RuleSet>::resolve_rules
FNDA:0,<conjure_core::rule_engine::rule_set::RuleSet as core::hash::Hash>::hash::<_>
FNF:20
FNH:7
BRF:0
BRH:0
DA:47,0
DA:48,0
DA:49,0
DA:50,0
DA:51,0
DA:52,0
DA:53,0
DA:54,0
DA:55,0
DA:56,0
DA:57,0
DA:58,0
DA:59,0
DA:60,0
DA:61,0
DA:65,2124
DA:66,2124
DA:68,36
DA:69,36
DA:70,36
DA:71,36
DA:72,36
DA:73,36
DA:74,36
DA:76,2088
DA:78,2124
DA:83,2124
DA:84,2124
DA:86,36
DA:87,36
DA:88,36
DA:89,36
DA:90,36
DA:91,36
DA:92,36
DA:94,2088
DA:96,2124
DA:100,531
DA:101,531
DA:102,531
DA:103,531
DA:104,531
DA:107,36
DA:108,36
DA:110,1404
DA:111,1368
DA:112,1368
DA:114,2394
DA:115,1368
DA:116,342
DA:117,342
DA:118,342
DA:119,1026
DA:122,1368
DA:123,342
DA:124,1026
DA:127,36
DA:128,36
DA:132,54
DA:133,54
DA:135,72
DA:136,18
DA:138,0
DA:139,0
DA:140,0
DA:143,18
DA:144,18
DA:145,18
DA:146,18
DA:147,18
DA:148,18
DA:153,54
DA:154,54
DA:158,1107
DA:159,1107
DA:160,1107
DA:166,7983
DA:167,7983
DA:168,7983
DA:172,0
DA:173,0
DA:174,0
DA:175,0
DA:176,0
DA:177,0
DA:178,0
DA:179,0
DA:180,0
DA:181,0
DA:182,0
DA:183,0
DA:184,0
DA:185,0
DA:186,0
DA:187,0
DA:188,0
DA:189,0
DA:190,0
LF:98
LH:61
end_of_record
SF:solvers/minion/src/scoped_ptr.rs
FN:17,<minion_rs::scoped_ptr::Scoped<minion_rs::ffi::ProbSpec_SearchOrder>>::new
FN:17,<minion_rs::scoped_ptr::Scoped<minion_rs::ffi::ProbSpec_ConstraintBlob>>::new
FN:24,<minion_rs::scoped_ptr::Scoped<[u64; 3]> as core::ops::drop::Drop>::drop
FN:24,<minion_rs::scoped_ptr::Scoped<minion_rs::ffi::ProbSpec_ConstraintBlob> as core::ops::drop::Drop>::drop
FN:17,<minion_rs::scoped_ptr::Scoped<_>>::new
[...]
FNDA:0,<<<conjure_core::ast::expressions::Expression as serde::de::Deserialize>::deserialize::__Visitor as serde::de::Visitor>::visit_enum::__Visitor as serde::de::Visitor>::expecting
FNDA:0,<<<conjure_core::ast::expressions::Expression as serde::de::Deserialize>::deserialize::__Visitor as serde::de::Visitor>::visit_enum::__Visitor as serde::de::Visitor>::visit_seq::<serde_json::de::SeqAccess<serde_json::read::StrRead>>
FNDA:0,<conjure_core::ast::expressions::Expression>::can_be_undefined
FNDA:0,<<<conjure_core::ast::expressions::Expression as serde::de::Deserialize>::deserialize::__Visitor as serde::de::Visitor>::visit_enum::__Visitor as serde::de::Visitor>::visit_seq::<_>
FNDA:0,<<<conjure_core::ast::expressions::Expression as serde::de::Deserialize>::deserialize::__Visitor as serde::de::Visitor>::visit_enum::__Visitor as serde::de::Visitor>::expecting
FNDA:0,<<<conjure_core::ast::expressions::Expression as serde::de::Deserialize>::deserialize::__Visitor as serde::de::Visitor>::visit_enum::__Visitor as serde::de::Visitor>::visit_seq::<_>
FNDA:0,<<<conjure_core::ast::expressions::Expression as serde::de::Deserialize>::deserialize::__Visitor as serde::de::Visitor>::visit_enum::__Visitor as serde::de::Visitor>::visit_seq::<_>
FNDA:0,<<<conjure_core::ast::expressions::Expression as serde::de::Deserialize>::deserialize::__Visitor as serde::de::Visitor>::visit_enum::__Visitor as serde::de::Visitor>::visit_seq::<_>
FNDA:0,<<<conjure_core::ast::expressions::Expression as serde::de::Deserialize>::deserialize::__Visitor as serde::de::Visitor>::visit_enum::__Visitor as serde::de::Visitor>::expecting
FNDA:0,<<<conjure_core::ast::expressions::Expression as serde::de::Deserialize>::deserialize::__Visitor as serde::de::Visitor>::visit_enum::__Visitor as serde::de::Visitor>::visit_seq::<_>
FNDA:1,conjure_core::ast::expressions::expr_vec_to_domain_i32::{closure#1}::{closure#0}::{closure#0}
FNDA:0,<<<conjure_core::ast::expressions::Expression as serde::de::Deserialize>::deserialize::__Visitor as serde::de::Visitor>::visit_enum::__Visitor as serde::de::Visitor>::expecting
FNDA:0,<conjure_core::ast::expressions::Expression>::is_clean
FNDA:1,conjure_core::ast::expressions::range_vec_bounds_i32
FNDA:0,<<<conjure_core::ast::expressions::Expression as serde::de::Deserialize>::deserialize::__Visitor as serde::de::Visitor>::visit_enum::__Visitor as serde::de::Visitor>::expecting
FNDA:1,conjure_core::ast::expressions::range_vec_bounds_i32
FNDA:0,<conjure_core::ast::expressions::Expression>::set_clean
FNDA:0,<conjure_core::ast::expressions::Expression>::domain_of::{closure#7}
FNDA:0,<<<conjure_core::ast::expressions::Expression as serde::de::Deserialize>::deserialize::__Visitor as serde::de::Visitor>::visit_enum::__Visitor as serde::de::Visitor>::visit_seq::<serde_json::de::SeqAccess<serde_json::read::StrRead>>
FNDA:0,<<<conjure_core::ast::expressions::Expression as serde::de::Deserialize>::deserialize::__Visitor as serde::de::Visitor>::visit_enum::__Visitor as serde::de::Visitor>::expecting
FNDA:1,conjure_core::ast::expressions::display_expressions::{closure#0}
FNDA:0,<<<conjure_core::ast::expressions::Expression as serde::de::Deserialize>::deserialize::__Visitor as serde::de::Visitor>::visit_enum::__Visitor as serde::de::Visitor>::visit_seq::<_>
FNDA:1,conjure_core::ast::expressions::expr_vec_to_domain_i32::{closure#0}
FNDA:1,conjure_core::ast::expressions::expr_vec_to_domain_i32::{closure#0}
FNDA:0,<<<conjure_core::ast::expressions::Expression as serde::de::Deserialize>::deserialize::__Visitor as serde::de::Visitor>::visit_enum::__Visitor as serde::de::Visitor>::visit_seq::<serde_json::de::SeqAccess<serde_json::read::StrRead>>
FNDA:0,<<<conjure_core::ast::expressions::Expression as serde::de::Deserialize>::deserialize::__Visitor as serde::de::Visitor>::visit_enum::__Visitor as serde::de::Visitor>::visit_seq::<_>
FNDA:0,<<<conjure_core::ast::expressions::Expression as serde::de::Deserialize>::deserialize::__Visitor as serde::de::Visitor>::visit_enum::__Visitor as serde::de::Visitor>::expecting
FNDA:0,<<<conjure_core::ast::expressions::Expression as serde::de::Deserialize>::deserialize::__Visitor as serde::de::Visitor>::visit_enum::__Visitor as serde::de::Visitor>::visit_seq::<_>
FNDA:0,<<<conjure_core::ast::expressions::Expression as serde::de::Deserialize>::deserialize::__Visitor as serde::de::Visitor>::visit_enum::__Visitor as serde::de::Visitor>::visit_seq::<_>
FNDA:0,<<<conjure_core::ast::expressions::Expression as serde::de::Deserialize>::deserialize::__Visitor as serde::de::Visitor>::visit_enum::__Visitor as serde::de::Visitor>::visit_seq::<_>
FNDA:0,<conjure_core::ast::expressions::Expression>::set_clean
FNDA:0,<<<conjure_core::ast::expressions::Expression as serde::de::Deserialize>::deserialize::__Visitor as serde::de::Visitor>::visit_enum::__Visitor as serde::de::Visitor>::expecting
FNDA:0,<<<conjure_core::ast::expressions::Expression as serde::de::Deserialize>::deserialize::__Visitor as serde::de::Visitor>::visit_enum::__Visitor as serde::de::Visitor>::visit_seq::<serde_json::de::SeqAccess<serde_json::read::StrRead>>
FNDA:0,<<<conjure_core::ast::expressions::Expression as serde::de::Deserialize>::deserialize::__Visitor as serde::de::Visitor>::visit_enum::__Visitor as serde::de::Visitor>::expecting
FNDA:1,conjure_core::ast::expressions::expr_vec_to_domain_i32::{closure#1}::{closure#0}::{closure#0}
FNDA:0,<<<conjure_core::ast::expressions::Expression as serde::de::Deserialize>::deserialize::__Visitor as serde::de::Visitor>::visit_enum::__Visitor as serde::de::Visitor>::visit_seq::<serde_json::de::SeqAccess<serde_json::read::StrRead>>
FNDA:0,<<<conjure_core::ast::expressions::Expression as serde::de::Deserialize>::deserialize::__Visitor as serde::de::Visitor>::visit_enum::__Visitor as serde::de::Visitor>::expecting
FNDA:0,<conjure_core::ast::expressions::Expression>::is_clean
FNDA:1,<conjure_core::ast::expressions::Expression>::return_type
FNDA:0,<<<conjure_core::ast::expressions::Expression as serde::de::Deserialize>::deserialize::__Visitor as serde::de::Visitor>::visit_enum::__Visitor as serde::de::Visitor>::expecting
FNDA:0,<<<conjure_core::ast::expressions::Expression as serde::de::Deserialize>::deserialize::__Visitor as serde::de::Visitor>::visit_enum::__Visitor as serde::de::Visitor>::expecting
FNDA:0,<<<conjure_core::ast::expressions::Expression as serde::de::Deserialize>::deserialize::__Visitor as serde::de::Visitor>::visit_enum::__Visitor as serde::de::Visitor>::visit_seq::<serde_json::de::SeqAccess<serde_json::read::StrRead>>
FNDA:0,<<<conjure_core::ast::expressions::Expression as serde::de::Deserialize>::deserialize::__Visitor as serde::de::Visitor>::visit_enum::__Visitor as serde::de::Visitor>::expecting
FNDA:0,<<<conjure_core::ast::expressions::Expression as serde::de::Deserialize>::deserialize::__Visitor as serde::de::Visitor>::visit_enum::__Visitor as serde::de::Visitor>::expecting
FNDA:0,<<<conjure_core::ast::expressions::Expression as serde::de::Deserialize>::deserialize::__Visitor as serde::de::Visitor>::visit_enum::__Visitor as serde::de::Visitor>::visit_seq::<_>
FNDA:0,<conjure_core::ast::expressions::Expression as core::fmt::Display>::fmt
FNDA:0,<<<conjure_core::ast::expressions::Expression as serde::de::Deserialize>::deserialize::__Visitor as serde::de::Visitor>::visit_enum::__Visitor as serde::de::Visitor>::expecting
FNDA:0,<conjure_core::ast::expressions::Expression as core::convert::From<bool>>::from
FNDA:0,<<<conjure_core::ast::expressions::Expression as serde::de::Deserialize>::deserialize::__Visitor as serde::de::Visitor>::visit_enum::__Visitor as serde::de::Visitor>::expecting
FNDA:0,<conjure_core::ast::expressions::Expression as core::convert::From<conjure_core::ast::atom::Atom>>::from
FNDA:0,<conjure_core::ast::expressions::Expression>::domain_of::{closure#5}
FNDA:0,<<<conjure_core::ast::expressions::Expression as serde::de::Deserialize>::deserialize::__Visitor as serde::de::Visitor>::visit_enum::__Visitor as serde::de::Visitor>::visit_seq::<serde_json::de::SeqAccess<serde_json::read::StrRead>>
FNDA:0,<<<conjure_core::ast::expressions::Expression as serde::de::Deserialize>::deserialize::__Visitor as serde::de::Visitor>::visit_enum::__Visitor as serde::de::Visitor>::visit_seq::<serde_json::de::SeqAccess<serde_json::read::StrRead>>
FNDA:0,<conjure_core::ast::expressions::Expression>::domain_of::{closure#0}
FNDA:1,<conjure_core::ast::expressions::Expression as core::convert::From<i32>>::from
FNDA:0,<<<conjure_core::ast::expressions::Expression as serde::de::Deserialize>::deserialize::__Visitor as serde::de::Visitor>::visit_enum::__Visitor as serde::de::Visitor>::visit_seq::<serde_json::de::SeqAccess<serde_json::read::StrRead>>
FNDA:0,<<<conjure_core::ast::expressions::Expression as serde::de::Deserialize>::deserialize::__Visitor as serde::de::Visitor>::visit_enum::__Visitor as serde::de::Visitor>::expecting
FNDA:0,<<conjure_core::ast::expressions::Expression as serde::de::Deserialize>::deserialize::__FieldVisitor as serde::de::Visitor>::expecting
FNDA:1,<conjure_core::ast::expressions::Expression>::domain_of
FNDA:0,<<<conjure_core::ast::expressions::Expression as serde::de::Deserialize>::deserialize::__Visitor as serde::de::Visitor>::visit_enum::__Visitor as serde::de::Visitor>::expecting
FNDA:0,<conjure_core::ast::expressions::Expression>::domain_of::{closure#6}
FNDA:0,<<<conjure_core::ast::expressions::Expression as serde::de::Deserialize>::deserialize::__Visitor as serde::de::Visitor>::visit_enum::__Visitor as serde::de::Visitor>::visit_seq::<_>
FNDA:0,<<<conjure_core::ast::expressions::Expression as serde::de::Deserialize>::deserialize::__Visitor as serde::de::Visitor>::visit_enum::__Visitor as serde::de::Visitor>::visit_seq::<serde_json::de::SeqAccess<serde_json::read::StrRead>>
FNDA:0,<<<conjure_core::ast::expressions::Expression as serde::de::Deserialize>::deserialize::__Visitor as serde::de::Visitor>::visit_enum::__Visitor as serde::de::Visitor>::visit_seq::<_>
FNDA:0,<<<conjure_core::ast::expressions::Expression as serde::de::Deserialize>::deserialize::__Visitor as serde::de::Visitor>::visit_enum::__Visitor as serde::de::Visitor>::expecting
FNDA:1,conjure_core::ast::expressions::tests::test_domain_of_reference_sum_single
FNDA:0,<<<conjure_core::ast::expressions::Expression as serde::de::Deserialize>::deserialize::__Visitor as serde::de::Visitor>::visit_enum::__Visitor as serde::de::Visitor>::expecting
FNDA:0,<<<conjure_core::ast::expressions::Expression as serde::de::Deserialize>::deserialize::__Visitor as serde::de::Visitor>::visit_enum::__Visitor as serde::de::Visitor>::visit_seq::<_>
FNDA:0,<<<conjure_core::ast::expressions::Expression as serde::de::Deserialize>::deserialize::__Visitor as serde::de::Visitor>::visit_enum::__Visitor as serde::de::Visitor>::visit_seq::<serde_json::de::SeqAccess<serde_json::read::StrRead>>
FNDA:0,<<<conjure_core::ast::expressions::Expression as serde::de::Deserialize>::deserialize::__Visitor as serde::de::Visitor>::visit_enum::__Visitor as serde::de::Visitor>::visit_seq::<serde_json::de::SeqAccess<serde_json::read::StrRead>>
FNDA:1,<conjure_core::ast::expressions::Expression>::get_meta
FNDA:0,<<conjure_core::ast::expressions::Expression as serde::de::Deserialize>::deserialize::__FieldVisitor as serde::de::Visitor>::expecting
FNDA:0,<<<conjure_core::ast::expressions::Expression as serde::de::Deserialize>::deserialize::__Visitor as serde::de::Visitor>::visit_enum::__Visitor as serde::de::Visitor>::expecting
FNDA:0,<<<conjure_core::ast::expressions::Expression as serde::de::Deserialize>::deserialize::__Visitor as serde::de::Visitor>::visit_enum::__Visitor as serde::de::Visitor>::expecting
FNDA:0,<<<conjure_core::ast::expressions::Expression as serde::de::Deserialize>::deserialize::__Visitor as serde::de::Visitor>::visit_enum::__Visitor as serde::de::Visitor>::visit_seq::<_>
FNDA:0,<<<conjure_core::ast::expressions::Expression as serde::de::Deserialize>::deserialize::__Visitor as serde::de::Visitor>::visit_enum::__Visitor as serde::de::Visitor>::expecting
FNDA:0,<<<conjure_core::ast::expressions::Expression as serde::de::Deserialize>::deserialize::__Visitor as serde::de::Visitor>::visit_enum::__Visitor as serde::de::Visitor>::expecting
FNDA:0,<<<conjure_core::ast::expressions::Expression as serde::de::Deserialize>::deserialize::__Visitor as serde::de::Visitor>::visit_enum::__Visitor as serde::de::Visitor>::visit_seq::<_>
FNDA:0,<conjure_core::ast::expressions::Expression>::set_meta
FNDA:0,<<<conjure_core::ast::expressions::Expression as serde::de::Deserialize>::deserialize::__Visitor as serde::de::Visitor>::visit_enum::__Visitor as serde::de::Visitor>::visit_seq::<serde_json::de::SeqAccess<serde_json::read::StrRead>>
FNDA:0,<<<conjure_core::ast::expressions::Expression as serde::de::Deserialize>::deserialize::__Visitor as serde::de::Visitor>::visit_enum::__Visitor as serde::de::Visitor>::expecting
FNDA:0,<<<conjure_core::ast::expressions::Expression as serde::de::Deserialize>::deserialize::__Visitor as serde::de::Visitor>::visit_enum::__Visitor as serde::de::Visitor>::expecting
FNDA:0,<<<conjure_core::ast::expressions::Expression as serde::de::Deserialize>::deserialize::__Visitor as serde::de::Visitor>::visit_enum::__Visitor as serde::de::Visitor>::expecting
FNDA:0,<<<conjure_core::ast::expressions::Expression as serde::de::Deserialize>::deserialize::__Visitor as serde::de::Visitor>::visit_enum::__Visitor as serde::de::Visitor>::visit_seq::<_>
FNDA:1,conjure_core::ast::expressions::tests::test_domain_of_reference_sum_bounded
FNDA:0,<conjure_core::ast::expressions::Expression as core::convert::From<bool>>::from
FNDA:0,<<<conjure_core::ast::expressions::Expression as serde::de::Deserialize>::deserialize::__Visitor as serde::de::Visitor>::visit_enum::__Visitor as serde::de::Visitor>::expecting
FNDA:0,<<<conjure_core::ast::expressions::Expression as serde::de::Deserialize>::deserialize::__Visitor as serde::de::Visitor>::visit_enum::__Visitor as serde::de::Visitor>::expecting
FNDA:0,<<<conjure_core::ast::expressions::Expression as serde::de::Deserialize>::deserialize::__Visitor as serde::de::Visitor>::visit_enum::__Visitor as serde::de::Visitor>::visit_seq::<_>
FNDA:0,<<<conjure_core::ast::expressions::Expression as serde::de::Deserialize>::deserialize::__Visitor as serde::de::Visitor>::visit_enum::__Visitor as serde::de::Visitor>::visit_seq::<_>
FNDA:0,<<<conjure_core::ast::expressions::Expression as serde::de::Deserialize>::deserialize::__Visitor as serde::de::Visitor>::visit_enum::__Visitor as serde::de::Visitor>::visit_seq::<serde_json::de::SeqAccess<serde_json::read::StrRead>>
FNDA:1,conjure_core::ast::expressions::tests::test_domain_of_empty_sum
FNDA:0,<conjure_core::ast::expressions::Expression as core::convert::From<i32>>::from
FNDA:0,<conjure_core::ast::expressions::Expression>::is_associative_commutative_operator
FNDA:0,<<<conjure_core::ast::expressions::Expression as serde::de::Deserialize>::deserialize::__Visitor as serde::de::Visitor>::visit_enum::__Visitor as serde::de::Visitor>::expecting
FNDA:0,<<<conjure_core::ast::expressions::Expression as serde::de::Deserialize>::deserialize::__Visitor as serde::de::Visitor>::visit_enum::__Visitor as serde::de::Visitor>::expecting
FNDA:0,<<<conjure_core::ast::expressions::Expression as serde::de::Deserialize>::deserialize::__Visitor as serde::de::Visitor>::visit_enum::__Visitor as serde::de::Visitor>::visit_seq::<_>
FNDA:0,<<<conjure_core::ast::expressions::Expression as serde::de::Deserialize>::deserialize::__Visitor as serde::de::Visitor>::visit_enum::__Visitor as serde::de::Visitor>::expecting
FNDA:0,<<<conjure_core::ast::expressions::Expression as serde::de::Deserialize>::deserialize::__Visitor as serde::de::Visitor>::visit_enum::__Visitor as serde::de::Visitor>::visit_seq::<serde_json::de::SeqAccess<serde_json::read::StrRead>>
FNDA:0,<<<conjure_core::ast::expressions::Expression as serde::de::Deserialize>::deserialize::__Visitor as serde::de::Visitor>::visit_enum::__Visitor as serde::de::Visitor>::expecting
FNDA:0,<<<conjure_core::ast::expressions::Expression as serde::de::Deserialize>::deserialize::__Visitor as serde::de::Visitor>::visit_enum::__Visitor as serde::de::Visitor>::visit_seq::<_>
FNF:224
FNH:37
BRF:0
BRH:0
DA:23,6198
DA:154,104
DA:155,104
DA:156,104
DA:157,104
DA:158,104
DA:159,206
DA:160,104
DA:161,104
DA:162,104
DA:163,104
DA:164,104
DA:166,451
DA:167,451
DA:168,451
DA:169,13154
DA:170,12703
DA:171,12703
DA:172,12703
DA:173,613
DA:174,12090
DA:175,12703
DA:176,2352
DA:177,10353
DA:179,0
DA:180,0
DA:181,0
DA:182,0
DA:183,0
DA:184,0
DA:185,0
DA:189,451
DA:190,451
DA:194,1338
DA:195,1337
DA:196,825
DA:197,48
DA:198,48
DA:200,1
DA:201,6
DA:202,63
DA:203,900
DA:205,36
DA:206,468
DA:208,0
DA:209,0
DA:210,0
DA:212,180
DA:213,180
DA:214,7929
DA:215,180
DA:218,180
DA:219,180
DA:220,180
DA:221,180
DA:222,180
DA:224,0
DA:225,0
DA:228,0
DA:229,0
DA:230,0
DA:233,180
DA:234,180
DA:235,5229
DA:236,180
DA:239,180
DA:240,180
DA:241,180
DA:242,180
DA:243,180
DA:245,0
DA:246,0
DA:250,0
DA:251,0
DA:252,0
DA:253,0
DA:254,0
DA:255,0
DA:256,0
DA:257,0
DA:258,0
DA:259,0
DA:260,0
DA:261,0
DA:262,0
DA:263,0
DA:264,0
DA:265,0
DA:266,0
DA:267,0
DA:268,0
DA:269,0
DA:270,0
DA:271,0
DA:272,0
DA:275,0
DA:276,0
DA:277,0
DA:278,0
DA:282,0
DA:284,0
DA:285,0
DA:286,0
DA:289,1334
DA:292,1334
DA:293,451
DA:294,451
DA:296,886
DA:298,1338
DA:300,9
DA:301,9
DA:302,9
DA:304,0
DA:305,0
DA:306,0
DA:308,2637
DA:309,2637
DA:310,2637
DA:311,810
DA:312,216
DA:313,216
DA:314,1395
DA:316,2637
DA:318,873
DA:319,0
DA:320,0
DA:321,0
DA:322,0
DA:323,0
DA:324,0
DA:325,0
DA:326,0
DA:327,0
DA:328,0
DA:329,288
DA:330,72
DA:331,0
DA:332,0
DA:333,0
DA:334,0
DA:335,135
DA:336,36
DA:337,0
DA:338,0
DA:339,0
DA:340,0
DA:341,0
DA:342,0
DA:343,0
DA:344,0
DA:345,0
DA:346,180
DA:347,27
DA:348,117
DA:349,0
DA:350,18
DA:351,0
DA:353,873
DA:355,0
DA:356,0
DA:357,0
DA:358,0
DA:360,0
DA:361,0
DA:362,0
DA:363,0
DA:364,0
DA:366,5445
DA:367,5445
DA:368,4212
DA:370,1233
DA:372,5445
DA:375,17487
DA:376,14355
DA:377,17487
DA:380,17487
DA:383,5634
DA:384,5634
DA:385,5634
DA:386,5634
DA:387,5634
DA:388,5634
DA:389,10881
DA:390,5634
DA:391,5634
DA:392,5634
DA:393,5634
DA:394,5634
DA:395,5634
DA:396,5634
DA:397,5634
DA:398,5634
DA:399,5634
DA:400,5634
DA:403,252
DA:404,252
DA:405,252
DA:409,0
DA:410,0
DA:411,0
DA:415,981
DA:416,981
DA:417,981
DA:421,43110
DA:422,43110
DA:423,23607
DA:424,630
DA:425,630
DA:427,207
DA:428,207
DA:430,189
DA:431,189
DA:433,711
DA:434,711
DA:436,882
DA:437,882
DA:439,3042
DA:440,3042
DA:442,1980
DA:443,1980
DA:445,2898
DA:446,2898
DA:448,468
DA:449,468
DA:451,405
DA:452,405
DA:454,0
DA:455,0
DA:457,9
DA:458,9
DA:460,180
DA:461,180
DA:462,180
DA:463,180
DA:464,180
DA:465,180
DA:466,180
DA:468,171
DA:469,171
DA:471,243
DA:472,243
DA:474,486
DA:475,486
DA:476,486
DA:477,486
DA:478,486
DA:479,486
DA:480,486
DA:481,90
DA:482,90
DA:484,1170
DA:485,1170
DA:487,1800
DA:488,1800
DA:490,450
DA:491,450
DA:493,144
DA:494,144
DA:495,144
DA:496,144
DA:497,144
DA:498,144
DA:499,144
DA:500,144
DA:502,144
DA:503,144
DA:504,144
DA:505,144
DA:506,144
DA:507,144
DA:508,144
DA:509,144
DA:512,18
DA:513,18
DA:515,0
DA:516,0
DA:518,180
DA:519,180
DA:521,378
DA:522,378
DA:524,1656
DA:525,1656
DA:527,882
DA:528,882
DA:530,90
DA:531,90
DA:534,43110
DA:544,1
DA:545,1
DA:546,1
DA:547,1
DA:548,1
DA:549,1
DA:550,1
DA:551,1
DA:552,1
DA:555,1
DA:556,1
DA:557,1
DA:558,1
DA:559,1
DA:560,1
DA:563,1
DA:564,1
DA:565,1
DA:566,1
DA:569,1
DA:570,1
DA:571,1
DA:572,1
DA:573,1
DA:574,1
DA:575,1
DA:576,1
DA:577,1
DA:578,1
DA:579,1
DA:580,1
DA:583,1
DA:584,1
DA:585,1
DA:586,1
DA:589,1
DA:590,1
DA:591,1
DA:592,1
DA:593,1
DA:594,1
DA:595,1
DA:596,1
DA:597,1
DA:598,1
DA:599,1
DA:600,1
DA:601,1
DA:604,1
DA:605,1
DA:606,1
DA:607,1
DA:608,1
DA:609,1
DA:610,1
DA:611,1
DA:612,1
DA:613,1
DA:614,1
DA:615,1
DA:616,1
LF:348
LH:256
end_of_record
